<?xml version="1.0" ?>
<testsuites disabled="0" errors="0" failures="104" tests="104" time="104.0">
	<testsuite disabled="0" errors="0" failures="104" name="my test suite" skipped="0" tests="104" time="104">
		<testcase classname="some.class.name" name="BuildSystemAnatomy/index.html" time="1.000000">
			<failure message="Detected 2 error(s)." type="failure"/>
			<system-out>&lt;div id=&quot;resultsWrapper&quot; class=&quot;resultsWrapperActive&quot;&gt;&lt;h3&gt;Contents | seL4 docs&lt;/h3&gt;&lt;h4&gt;http://localhost:4000/BuildSystemAnatomy/index.html&lt;/h4&gt;&lt;ul id=&quot;results-overview&quot;&gt;&lt;li class=&quot;active&quot;&gt;&lt;span class=&quot;result-count result-count-errors&quot;&gt;2&lt;/span&gt;&lt;span class=&quot;result-type&quot;&gt;errors&lt;/span&gt;&lt;/a&gt;&lt;/li&gt;&lt;span class=&quot;result-count result-count-warnings&quot;&gt;0&lt;/span&gt;&lt;span class=&quot;result-type&quot;&gt;warnings&lt;/span&gt;&lt;/a&gt;&lt;/li&gt;&lt;span class=&quot;result-count result-count-notices&quot;&gt;0&lt;/span&gt;&lt;span class=&quot;result-type&quot;&gt;notices&lt;/span&gt;&lt;/a&gt;&lt;/li&gt;&lt;/ul&gt;&lt;a href=&quot;#&quot; class=&quot;button-link&quot; id=&quot;export&quot;&gt;Export as CSV&lt;/a&gt;&lt;table id=&quot;test-results-table&quot; class=&quot;tablesorter&quot;&gt;&lt;thead&gt;&lt;tr&gt;&lt;th&gt;Error Level&lt;/th&gt;&lt;th&gt;Principle&lt;/th&gt;&lt;th&gt;Message&lt;/th&gt;&lt;th&gt;Code snippet&lt;/th&gt;&lt;th&gt;Techniques&lt;/th&gt;&lt;th&gt;Screenshot&lt;/th&gt;&lt;/thead&gt;&lt;/tr&gt;&lt;tbody&gt;&lt;tr class=&quot;error&quot;&gt;&lt;td  class=&quot;number&quot;&gt;&lt;span class=&quot;flag&quot;&gt;Error&lt;/span&gt;&lt;/td&gt;&lt;td  class=&quot;messagePrinciple&quot;&gt;&lt;a href=&quot;http://www.w3.org/TR/WCAG20/#robust&quot; target=&quot;_blank&quot;&gt;Robust&lt;/a&gt;&lt;/td&gt;&lt;td class=&quot;messageText&quot;&gt; Anchor element found with a valid href attribute, but no link content has been supplied.&lt;/td&gt;&lt;td&gt;&amp;lt;a
href=&quot;/sel4_release/seL4_8.0.0
&quot;&amp;gt;
      &amp;lt;/a&amp;gt;&lt;/td&gt;&lt;td class=&quot;messageTechniques&quot;&gt;&lt;ul&gt;&lt;li&gt;&lt;a href=&quot;http://www.w3.org/TR/WCAG20-TECHS/H91&quot; target=&quot;_blank&quot;&gt;H91&lt;/a&gt;&lt;/li&gt;&lt;/ul&gt;&lt;/td&gt;&lt;td class=&quot;messageTechniques&quot;&gt;&amp;nbsp; No scr&lt;/td&gt;&lt;/tr&gt;&lt;tr class=&quot;error&quot;&gt;&lt;td  class=&quot;number&quot;&gt;&lt;span class=&quot;flag&quot;&gt;Error&lt;/span&gt;&lt;/td&gt;&lt;td  class=&quot;messagePrinciple&quot;&gt;&lt;a href=&quot;http://www.w3.org/TR/WCAG20/#robust&quot; target=&quot;_blank&quot;&gt;Robust&lt;/a&gt;&lt;/td&gt;&lt;td class=&quot;messageText&quot;&gt; Anchor element found with a valid href attribute, but no link content has been supplied.&lt;/td&gt;&lt;td&gt;&amp;lt;a
href=&quot;/sel4_release/seL4_8.0.0
&quot;&amp;gt;
      &amp;lt;/a&amp;gt;&lt;/td&gt;&lt;td class=&quot;messageTechniques&quot;&gt;&lt;ul&gt;&lt;li&gt;&lt;a href=&quot;http://www.w3.org/TR/WCAG20-TECHS/H91&quot; target=&quot;_blank&quot;&gt;H91&lt;/a&gt;&lt;/li&gt;&lt;/ul&gt;&lt;/td&gt;&lt;td class=&quot;messageTechniques&quot;&gt;&amp;nbsp; No scr&lt;/td&gt;&lt;/tr&gt;&lt;/tbody&gt;&lt;/table&gt;&lt;/div&gt;
</system-out>
		</testcase>
		<testcase classname="some.class.name" name="FrequentlyAskedQuestions.html" time="1.000000">
			<failure message="Detected 2 error(s)." type="failure"/>
			<system-out>&lt;div id=&quot;resultsWrapper&quot; class=&quot;resultsWrapperActive&quot;&gt;&lt;h3&gt;Frequently Asked Questions on seL4 | seL4 docs&lt;/h3&gt;&lt;h4&gt;http://localhost:4000/FrequentlyAskedQuestions.html&lt;/h4&gt;&lt;ul id=&quot;results-overview&quot;&gt;&lt;li class=&quot;active&quot;&gt;&lt;span class=&quot;result-count result-count-errors&quot;&gt;2&lt;/span&gt;&lt;span class=&quot;result-type&quot;&gt;errors&lt;/span&gt;&lt;/a&gt;&lt;/li&gt;&lt;span class=&quot;result-count result-count-warnings&quot;&gt;0&lt;/span&gt;&lt;span class=&quot;result-type&quot;&gt;warnings&lt;/span&gt;&lt;/a&gt;&lt;/li&gt;&lt;span class=&quot;result-count result-count-notices&quot;&gt;0&lt;/span&gt;&lt;span class=&quot;result-type&quot;&gt;notices&lt;/span&gt;&lt;/a&gt;&lt;/li&gt;&lt;/ul&gt;&lt;a href=&quot;#&quot; class=&quot;button-link&quot; id=&quot;export&quot;&gt;Export as CSV&lt;/a&gt;&lt;table id=&quot;test-results-table&quot; class=&quot;tablesorter&quot;&gt;&lt;thead&gt;&lt;tr&gt;&lt;th&gt;Error Level&lt;/th&gt;&lt;th&gt;Principle&lt;/th&gt;&lt;th&gt;Message&lt;/th&gt;&lt;th&gt;Code snippet&lt;/th&gt;&lt;th&gt;Techniques&lt;/th&gt;&lt;th&gt;Screenshot&lt;/th&gt;&lt;/thead&gt;&lt;/tr&gt;&lt;tbody&gt;&lt;tr class=&quot;error&quot;&gt;&lt;td  class=&quot;number&quot;&gt;&lt;span class=&quot;flag&quot;&gt;Error&lt;/span&gt;&lt;/td&gt;&lt;td  class=&quot;messagePrinciple&quot;&gt;&lt;a href=&quot;http://www.w3.org/TR/WCAG20/#robust&quot; target=&quot;_blank&quot;&gt;Robust&lt;/a&gt;&lt;/td&gt;&lt;td class=&quot;messageText&quot;&gt; Anchor element found with a valid href attribute, but no link content has been supplied.&lt;/td&gt;&lt;td&gt;&amp;lt;a
href=&quot;/sel4_release/seL4_8.0.0
&quot;&amp;gt;
      &amp;lt;/a&amp;gt;&lt;/td&gt;&lt;td class=&quot;messageTechniques&quot;&gt;&lt;ul&gt;&lt;li&gt;&lt;a href=&quot;http://www.w3.org/TR/WCAG20-TECHS/H91&quot; target=&quot;_blank&quot;&gt;H91&lt;/a&gt;&lt;/li&gt;&lt;/ul&gt;&lt;/td&gt;&lt;td class=&quot;messageTechniques&quot;&gt;&amp;nbsp; No scr&lt;/td&gt;&lt;/tr&gt;&lt;tr class=&quot;error&quot;&gt;&lt;td  class=&quot;number&quot;&gt;&lt;span class=&quot;flag&quot;&gt;Error&lt;/span&gt;&lt;/td&gt;&lt;td  class=&quot;messagePrinciple&quot;&gt;&lt;a href=&quot;http://www.w3.org/TR/WCAG20/#robust&quot; target=&quot;_blank&quot;&gt;Robust&lt;/a&gt;&lt;/td&gt;&lt;td class=&quot;messageText&quot;&gt; Anchor element found with a valid href attribute, but no link content has been supplied.&lt;/td&gt;&lt;td&gt;&amp;lt;a
href=&quot;/sel4_release/seL4_8.0.0
&quot;&amp;gt;
      &amp;lt;/a&amp;gt;&lt;/td&gt;&lt;td class=&quot;messageTechniques&quot;&gt;&lt;ul&gt;&lt;li&gt;&lt;a href=&quot;http://www.w3.org/TR/WCAG20-TECHS/H91&quot; target=&quot;_blank&quot;&gt;H91&lt;/a&gt;&lt;/li&gt;&lt;/ul&gt;&lt;/td&gt;&lt;td class=&quot;messageTechniques&quot;&gt;&amp;nbsp; No scr&lt;/td&gt;&lt;/tr&gt;&lt;/tbody&gt;&lt;/table&gt;&lt;/div&gt;
</system-out>
		</testcase>
		<testcase classname="some.class.name" name="sitemap.html" time="1.000000">
			<failure message="Detected 2 error(s)." type="failure"/>
			<system-out>&lt;div id=&quot;resultsWrapper&quot; class=&quot;resultsWrapperActive&quot;&gt;&lt;h3&gt;Sitemap | seL4 docs&lt;/h3&gt;&lt;h4&gt;http://localhost:4000/sitemap.html&lt;/h4&gt;&lt;ul id=&quot;results-overview&quot;&gt;&lt;li class=&quot;active&quot;&gt;&lt;span class=&quot;result-count result-count-errors&quot;&gt;2&lt;/span&gt;&lt;span class=&quot;result-type&quot;&gt;errors&lt;/span&gt;&lt;/a&gt;&lt;/li&gt;&lt;span class=&quot;result-count result-count-warnings&quot;&gt;0&lt;/span&gt;&lt;span class=&quot;result-type&quot;&gt;warnings&lt;/span&gt;&lt;/a&gt;&lt;/li&gt;&lt;span class=&quot;result-count result-count-notices&quot;&gt;0&lt;/span&gt;&lt;span class=&quot;result-type&quot;&gt;notices&lt;/span&gt;&lt;/a&gt;&lt;/li&gt;&lt;/ul&gt;&lt;a href=&quot;#&quot; class=&quot;button-link&quot; id=&quot;export&quot;&gt;Export as CSV&lt;/a&gt;&lt;table id=&quot;test-results-table&quot; class=&quot;tablesorter&quot;&gt;&lt;thead&gt;&lt;tr&gt;&lt;th&gt;Error Level&lt;/th&gt;&lt;th&gt;Principle&lt;/th&gt;&lt;th&gt;Message&lt;/th&gt;&lt;th&gt;Code snippet&lt;/th&gt;&lt;th&gt;Techniques&lt;/th&gt;&lt;th&gt;Screenshot&lt;/th&gt;&lt;/thead&gt;&lt;/tr&gt;&lt;tbody&gt;&lt;tr class=&quot;error&quot;&gt;&lt;td  class=&quot;number&quot;&gt;&lt;span class=&quot;flag&quot;&gt;Error&lt;/span&gt;&lt;/td&gt;&lt;td  class=&quot;messagePrinciple&quot;&gt;&lt;a href=&quot;http://www.w3.org/TR/WCAG20/#robust&quot; target=&quot;_blank&quot;&gt;Robust&lt;/a&gt;&lt;/td&gt;&lt;td class=&quot;messageText&quot;&gt; Anchor element found with a valid href attribute, but no link content has been supplied.&lt;/td&gt;&lt;td&gt;&amp;lt;a
href=&quot;/sel4_release/seL4_8.0.0
&quot;&amp;gt;
      &amp;lt;/a&amp;gt;&lt;/td&gt;&lt;td class=&quot;messageTechniques&quot;&gt;&lt;ul&gt;&lt;li&gt;&lt;a href=&quot;http://www.w3.org/TR/WCAG20-TECHS/H91&quot; target=&quot;_blank&quot;&gt;H91&lt;/a&gt;&lt;/li&gt;&lt;/ul&gt;&lt;/td&gt;&lt;td class=&quot;messageTechniques&quot;&gt;&amp;nbsp; No scr&lt;/td&gt;&lt;/tr&gt;&lt;tr class=&quot;error&quot;&gt;&lt;td  class=&quot;number&quot;&gt;&lt;span class=&quot;flag&quot;&gt;Error&lt;/span&gt;&lt;/td&gt;&lt;td  class=&quot;messagePrinciple&quot;&gt;&lt;a href=&quot;http://www.w3.org/TR/WCAG20/#robust&quot; target=&quot;_blank&quot;&gt;Robust&lt;/a&gt;&lt;/td&gt;&lt;td class=&quot;messageText&quot;&gt; Anchor element found with a valid href attribute, but no link content has been supplied.&lt;/td&gt;&lt;td&gt;&amp;lt;a
href=&quot;/sel4_release/seL4_8.0.0
&quot;&amp;gt;
      &amp;lt;/a&amp;gt;&lt;/td&gt;&lt;td class=&quot;messageTechniques&quot;&gt;&lt;ul&gt;&lt;li&gt;&lt;a href=&quot;http://www.w3.org/TR/WCAG20-TECHS/H91&quot; target=&quot;_blank&quot;&gt;H91&lt;/a&gt;&lt;/li&gt;&lt;/ul&gt;&lt;/td&gt;&lt;td class=&quot;messageTechniques&quot;&gt;&amp;nbsp; No scr&lt;/td&gt;&lt;/tr&gt;&lt;/tbody&gt;&lt;/table&gt;&lt;/div&gt;
</system-out>
		</testcase>
		<testcase classname="some.class.name" name="CAmkESNext.html" time="1.000000">
			<failure message="Detected 2 error(s)." type="failure"/>
			<system-out>&lt;div id=&quot;resultsWrapper&quot; class=&quot;resultsWrapperActive&quot;&gt;&lt;h3&gt;CAmkES Next | seL4 docs&lt;/h3&gt;&lt;h4&gt;http://localhost:4000/CAmkESNext.html&lt;/h4&gt;&lt;ul id=&quot;results-overview&quot;&gt;&lt;li class=&quot;active&quot;&gt;&lt;span class=&quot;result-count result-count-errors&quot;&gt;2&lt;/span&gt;&lt;span class=&quot;result-type&quot;&gt;errors&lt;/span&gt;&lt;/a&gt;&lt;/li&gt;&lt;span class=&quot;result-count result-count-warnings&quot;&gt;0&lt;/span&gt;&lt;span class=&quot;result-type&quot;&gt;warnings&lt;/span&gt;&lt;/a&gt;&lt;/li&gt;&lt;span class=&quot;result-count result-count-notices&quot;&gt;0&lt;/span&gt;&lt;span class=&quot;result-type&quot;&gt;notices&lt;/span&gt;&lt;/a&gt;&lt;/li&gt;&lt;/ul&gt;&lt;a href=&quot;#&quot; class=&quot;button-link&quot; id=&quot;export&quot;&gt;Export as CSV&lt;/a&gt;&lt;table id=&quot;test-results-table&quot; class=&quot;tablesorter&quot;&gt;&lt;thead&gt;&lt;tr&gt;&lt;th&gt;Error Level&lt;/th&gt;&lt;th&gt;Principle&lt;/th&gt;&lt;th&gt;Message&lt;/th&gt;&lt;th&gt;Code snippet&lt;/th&gt;&lt;th&gt;Techniques&lt;/th&gt;&lt;th&gt;Screenshot&lt;/th&gt;&lt;/thead&gt;&lt;/tr&gt;&lt;tbody&gt;&lt;tr class=&quot;error&quot;&gt;&lt;td  class=&quot;number&quot;&gt;&lt;span class=&quot;flag&quot;&gt;Error&lt;/span&gt;&lt;/td&gt;&lt;td  class=&quot;messagePrinciple&quot;&gt;&lt;a href=&quot;http://www.w3.org/TR/WCAG20/#robust&quot; target=&quot;_blank&quot;&gt;Robust&lt;/a&gt;&lt;/td&gt;&lt;td class=&quot;messageText&quot;&gt; Anchor element found with a valid href attribute, but no link content has been supplied.&lt;/td&gt;&lt;td&gt;&amp;lt;a
href=&quot;/sel4_release/seL4_8.0.0
&quot;&amp;gt;
      &amp;lt;/a&amp;gt;&lt;/td&gt;&lt;td class=&quot;messageTechniques&quot;&gt;&lt;ul&gt;&lt;li&gt;&lt;a href=&quot;http://www.w3.org/TR/WCAG20-TECHS/H91&quot; target=&quot;_blank&quot;&gt;H91&lt;/a&gt;&lt;/li&gt;&lt;/ul&gt;&lt;/td&gt;&lt;td class=&quot;messageTechniques&quot;&gt;&amp;nbsp; No scr&lt;/td&gt;&lt;/tr&gt;&lt;tr class=&quot;error&quot;&gt;&lt;td  class=&quot;number&quot;&gt;&lt;span class=&quot;flag&quot;&gt;Error&lt;/span&gt;&lt;/td&gt;&lt;td  class=&quot;messagePrinciple&quot;&gt;&lt;a href=&quot;http://www.w3.org/TR/WCAG20/#robust&quot; target=&quot;_blank&quot;&gt;Robust&lt;/a&gt;&lt;/td&gt;&lt;td class=&quot;messageText&quot;&gt; Anchor element found with a valid href attribute, but no link content has been supplied.&lt;/td&gt;&lt;td&gt;&amp;lt;a
href=&quot;/sel4_release/seL4_8.0.0
&quot;&amp;gt;
      &amp;lt;/a&amp;gt;&lt;/td&gt;&lt;td class=&quot;messageTechniques&quot;&gt;&lt;ul&gt;&lt;li&gt;&lt;a href=&quot;http://www.w3.org/TR/WCAG20-TECHS/H91&quot; target=&quot;_blank&quot;&gt;H91&lt;/a&gt;&lt;/li&gt;&lt;/ul&gt;&lt;/td&gt;&lt;td class=&quot;messageTechniques&quot;&gt;&amp;nbsp; No scr&lt;/td&gt;&lt;/tr&gt;&lt;/tbody&gt;&lt;/table&gt;&lt;/div&gt;
</system-out>
		</testcase>
		<testcase classname="some.class.name" name="ReleaseProcess.html" time="1.000000">
			<failure message="Detected 2 error(s)." type="failure"/>
			<system-out>&lt;div id=&quot;resultsWrapper&quot; class=&quot;resultsWrapperActive&quot;&gt;&lt;h3&gt;seL4 Release Process | seL4 docs&lt;/h3&gt;&lt;h4&gt;http://localhost:4000/ReleaseProcess.html&lt;/h4&gt;&lt;ul id=&quot;results-overview&quot;&gt;&lt;li class=&quot;active&quot;&gt;&lt;span class=&quot;result-count result-count-errors&quot;&gt;2&lt;/span&gt;&lt;span class=&quot;result-type&quot;&gt;errors&lt;/span&gt;&lt;/a&gt;&lt;/li&gt;&lt;span class=&quot;result-count result-count-warnings&quot;&gt;0&lt;/span&gt;&lt;span class=&quot;result-type&quot;&gt;warnings&lt;/span&gt;&lt;/a&gt;&lt;/li&gt;&lt;span class=&quot;result-count result-count-notices&quot;&gt;0&lt;/span&gt;&lt;span class=&quot;result-type&quot;&gt;notices&lt;/span&gt;&lt;/a&gt;&lt;/li&gt;&lt;/ul&gt;&lt;a href=&quot;#&quot; class=&quot;button-link&quot; id=&quot;export&quot;&gt;Export as CSV&lt;/a&gt;&lt;table id=&quot;test-results-table&quot; class=&quot;tablesorter&quot;&gt;&lt;thead&gt;&lt;tr&gt;&lt;th&gt;Error Level&lt;/th&gt;&lt;th&gt;Principle&lt;/th&gt;&lt;th&gt;Message&lt;/th&gt;&lt;th&gt;Code snippet&lt;/th&gt;&lt;th&gt;Techniques&lt;/th&gt;&lt;th&gt;Screenshot&lt;/th&gt;&lt;/thead&gt;&lt;/tr&gt;&lt;tbody&gt;&lt;tr class=&quot;error&quot;&gt;&lt;td  class=&quot;number&quot;&gt;&lt;span class=&quot;flag&quot;&gt;Error&lt;/span&gt;&lt;/td&gt;&lt;td  class=&quot;messagePrinciple&quot;&gt;&lt;a href=&quot;http://www.w3.org/TR/WCAG20/#robust&quot; target=&quot;_blank&quot;&gt;Robust&lt;/a&gt;&lt;/td&gt;&lt;td class=&quot;messageText&quot;&gt; Anchor element found with a valid href attribute, but no link content has been supplied.&lt;/td&gt;&lt;td&gt;&amp;lt;a
href=&quot;/sel4_release/seL4_8.0.0
&quot;&amp;gt;
      &amp;lt;/a&amp;gt;&lt;/td&gt;&lt;td class=&quot;messageTechniques&quot;&gt;&lt;ul&gt;&lt;li&gt;&lt;a href=&quot;http://www.w3.org/TR/WCAG20-TECHS/H91&quot; target=&quot;_blank&quot;&gt;H91&lt;/a&gt;&lt;/li&gt;&lt;/ul&gt;&lt;/td&gt;&lt;td class=&quot;messageTechniques&quot;&gt;&amp;nbsp; No scr&lt;/td&gt;&lt;/tr&gt;&lt;tr class=&quot;error&quot;&gt;&lt;td  class=&quot;number&quot;&gt;&lt;span class=&quot;flag&quot;&gt;Error&lt;/span&gt;&lt;/td&gt;&lt;td  class=&quot;messagePrinciple&quot;&gt;&lt;a href=&quot;http://www.w3.org/TR/WCAG20/#robust&quot; target=&quot;_blank&quot;&gt;Robust&lt;/a&gt;&lt;/td&gt;&lt;td class=&quot;messageText&quot;&gt; Anchor element found with a valid href attribute, but no link content has been supplied.&lt;/td&gt;&lt;td&gt;&amp;lt;a
href=&quot;/sel4_release/seL4_8.0.0
&quot;&amp;gt;
      &amp;lt;/a&amp;gt;&lt;/td&gt;&lt;td class=&quot;messageTechniques&quot;&gt;&lt;ul&gt;&lt;li&gt;&lt;a href=&quot;http://www.w3.org/TR/WCAG20-TECHS/H91&quot; target=&quot;_blank&quot;&gt;H91&lt;/a&gt;&lt;/li&gt;&lt;/ul&gt;&lt;/td&gt;&lt;td class=&quot;messageTechniques&quot;&gt;&amp;nbsp; No scr&lt;/td&gt;&lt;/tr&gt;&lt;/tbody&gt;&lt;/table&gt;&lt;/div&gt;
</system-out>
		</testcase>
		<testcase classname="some.class.name" name="seL4SharedDataWithCaps.html" time="1.000000">
			<failure message="Detected 2 error(s)." type="failure"/>
			<system-out>&lt;div id=&quot;resultsWrapper&quot; class=&quot;resultsWrapperActive&quot;&gt;&lt;h3&gt;seL4SharedDataWithCaps | seL4 docs&lt;/h3&gt;&lt;h4&gt;http://localhost:4000/seL4SharedDataWithCaps.html&lt;/h4&gt;&lt;ul id=&quot;results-overview&quot;&gt;&lt;li class=&quot;active&quot;&gt;&lt;span class=&quot;result-count result-count-errors&quot;&gt;2&lt;/span&gt;&lt;span class=&quot;result-type&quot;&gt;errors&lt;/span&gt;&lt;/a&gt;&lt;/li&gt;&lt;span class=&quot;result-count result-count-warnings&quot;&gt;0&lt;/span&gt;&lt;span class=&quot;result-type&quot;&gt;warnings&lt;/span&gt;&lt;/a&gt;&lt;/li&gt;&lt;span class=&quot;result-count result-count-notices&quot;&gt;0&lt;/span&gt;&lt;span class=&quot;result-type&quot;&gt;notices&lt;/span&gt;&lt;/a&gt;&lt;/li&gt;&lt;/ul&gt;&lt;a href=&quot;#&quot; class=&quot;button-link&quot; id=&quot;export&quot;&gt;Export as CSV&lt;/a&gt;&lt;table id=&quot;test-results-table&quot; class=&quot;tablesorter&quot;&gt;&lt;thead&gt;&lt;tr&gt;&lt;th&gt;Error Level&lt;/th&gt;&lt;th&gt;Principle&lt;/th&gt;&lt;th&gt;Message&lt;/th&gt;&lt;th&gt;Code snippet&lt;/th&gt;&lt;th&gt;Techniques&lt;/th&gt;&lt;th&gt;Screenshot&lt;/th&gt;&lt;/thead&gt;&lt;/tr&gt;&lt;tbody&gt;&lt;tr class=&quot;error&quot;&gt;&lt;td  class=&quot;number&quot;&gt;&lt;span class=&quot;flag&quot;&gt;Error&lt;/span&gt;&lt;/td&gt;&lt;td  class=&quot;messagePrinciple&quot;&gt;&lt;a href=&quot;http://www.w3.org/TR/WCAG20/#robust&quot; target=&quot;_blank&quot;&gt;Robust&lt;/a&gt;&lt;/td&gt;&lt;td class=&quot;messageText&quot;&gt; Anchor element found with a valid href attribute, but no link content has been supplied.&lt;/td&gt;&lt;td&gt;&amp;lt;a
href=&quot;/sel4_release/seL4_8.0.0
&quot;&amp;gt;
      &amp;lt;/a&amp;gt;&lt;/td&gt;&lt;td class=&quot;messageTechniques&quot;&gt;&lt;ul&gt;&lt;li&gt;&lt;a href=&quot;http://www.w3.org/TR/WCAG20-TECHS/H91&quot; target=&quot;_blank&quot;&gt;H91&lt;/a&gt;&lt;/li&gt;&lt;/ul&gt;&lt;/td&gt;&lt;td class=&quot;messageTechniques&quot;&gt;&amp;nbsp; No scr&lt;/td&gt;&lt;/tr&gt;&lt;tr class=&quot;error&quot;&gt;&lt;td  class=&quot;number&quot;&gt;&lt;span class=&quot;flag&quot;&gt;Error&lt;/span&gt;&lt;/td&gt;&lt;td  class=&quot;messagePrinciple&quot;&gt;&lt;a href=&quot;http://www.w3.org/TR/WCAG20/#robust&quot; target=&quot;_blank&quot;&gt;Robust&lt;/a&gt;&lt;/td&gt;&lt;td class=&quot;messageText&quot;&gt; Anchor element found with a valid href attribute, but no link content has been supplied.&lt;/td&gt;&lt;td&gt;&amp;lt;a
href=&quot;/sel4_release/seL4_8.0.0
&quot;&amp;gt;
      &amp;lt;/a&amp;gt;&lt;/td&gt;&lt;td class=&quot;messageTechniques&quot;&gt;&lt;ul&gt;&lt;li&gt;&lt;a href=&quot;http://www.w3.org/TR/WCAG20-TECHS/H91&quot; target=&quot;_blank&quot;&gt;H91&lt;/a&gt;&lt;/li&gt;&lt;/ul&gt;&lt;/td&gt;&lt;td class=&quot;messageTechniques&quot;&gt;&amp;nbsp; No scr&lt;/td&gt;&lt;/tr&gt;&lt;/tbody&gt;&lt;/table&gt;&lt;/div&gt;
</system-out>
		</testcase>
		<testcase classname="some.class.name" name="CodeReview.html" time="1.000000">
			<failure message="Detected 2 error(s)." type="failure"/>
			<system-out>&lt;div id=&quot;resultsWrapper&quot; class=&quot;resultsWrapperActive&quot;&gt;&lt;h3&gt;Making a Pull Request (Long version) | seL4 docs&lt;/h3&gt;&lt;h4&gt;http://localhost:4000/CodeReview.html&lt;/h4&gt;&lt;ul id=&quot;results-overview&quot;&gt;&lt;li class=&quot;active&quot;&gt;&lt;span class=&quot;result-count result-count-errors&quot;&gt;2&lt;/span&gt;&lt;span class=&quot;result-type&quot;&gt;errors&lt;/span&gt;&lt;/a&gt;&lt;/li&gt;&lt;span class=&quot;result-count result-count-warnings&quot;&gt;0&lt;/span&gt;&lt;span class=&quot;result-type&quot;&gt;warnings&lt;/span&gt;&lt;/a&gt;&lt;/li&gt;&lt;span class=&quot;result-count result-count-notices&quot;&gt;0&lt;/span&gt;&lt;span class=&quot;result-type&quot;&gt;notices&lt;/span&gt;&lt;/a&gt;&lt;/li&gt;&lt;/ul&gt;&lt;a href=&quot;#&quot; class=&quot;button-link&quot; id=&quot;export&quot;&gt;Export as CSV&lt;/a&gt;&lt;table id=&quot;test-results-table&quot; class=&quot;tablesorter&quot;&gt;&lt;thead&gt;&lt;tr&gt;&lt;th&gt;Error Level&lt;/th&gt;&lt;th&gt;Principle&lt;/th&gt;&lt;th&gt;Message&lt;/th&gt;&lt;th&gt;Code snippet&lt;/th&gt;&lt;th&gt;Techniques&lt;/th&gt;&lt;th&gt;Screenshot&lt;/th&gt;&lt;/thead&gt;&lt;/tr&gt;&lt;tbody&gt;&lt;tr class=&quot;error&quot;&gt;&lt;td  class=&quot;number&quot;&gt;&lt;span class=&quot;flag&quot;&gt;Error&lt;/span&gt;&lt;/td&gt;&lt;td  class=&quot;messagePrinciple&quot;&gt;&lt;a href=&quot;http://www.w3.org/TR/WCAG20/#robust&quot; target=&quot;_blank&quot;&gt;Robust&lt;/a&gt;&lt;/td&gt;&lt;td class=&quot;messageText&quot;&gt; Anchor element found with a valid href attribute, but no link content has been supplied.&lt;/td&gt;&lt;td&gt;&amp;lt;a
href=&quot;/sel4_release/seL4_8.0.0
&quot;&amp;gt;
      &amp;lt;/a&amp;gt;&lt;/td&gt;&lt;td class=&quot;messageTechniques&quot;&gt;&lt;ul&gt;&lt;li&gt;&lt;a href=&quot;http://www.w3.org/TR/WCAG20-TECHS/H91&quot; target=&quot;_blank&quot;&gt;H91&lt;/a&gt;&lt;/li&gt;&lt;/ul&gt;&lt;/td&gt;&lt;td class=&quot;messageTechniques&quot;&gt;&amp;nbsp; No scr&lt;/td&gt;&lt;/tr&gt;&lt;tr class=&quot;error&quot;&gt;&lt;td  class=&quot;number&quot;&gt;&lt;span class=&quot;flag&quot;&gt;Error&lt;/span&gt;&lt;/td&gt;&lt;td  class=&quot;messagePrinciple&quot;&gt;&lt;a href=&quot;http://www.w3.org/TR/WCAG20/#robust&quot; target=&quot;_blank&quot;&gt;Robust&lt;/a&gt;&lt;/td&gt;&lt;td class=&quot;messageText&quot;&gt; Anchor element found with a valid href attribute, but no link content has been supplied.&lt;/td&gt;&lt;td&gt;&amp;lt;a
href=&quot;/sel4_release/seL4_8.0.0
&quot;&amp;gt;
      &amp;lt;/a&amp;gt;&lt;/td&gt;&lt;td class=&quot;messageTechniques&quot;&gt;&lt;ul&gt;&lt;li&gt;&lt;a href=&quot;http://www.w3.org/TR/WCAG20-TECHS/H91&quot; target=&quot;_blank&quot;&gt;H91&lt;/a&gt;&lt;/li&gt;&lt;/ul&gt;&lt;/td&gt;&lt;td class=&quot;messageTechniques&quot;&gt;&amp;nbsp; No scr&lt;/td&gt;&lt;/tr&gt;&lt;/tbody&gt;&lt;/table&gt;&lt;/div&gt;
</system-out>
		</testcase>
		<testcase classname="some.class.name" name="Getting_started.html" time="1.000000">
			<failure message="Detected 2 error(s)." type="failure"/>
			<system-out>&lt;div id=&quot;resultsWrapper&quot; class=&quot;resultsWrapperActive&quot;&gt;&lt;h3&gt;Getting Started | seL4 docs&lt;/h3&gt;&lt;h4&gt;http://localhost:4000/Getting_started.html&lt;/h4&gt;&lt;ul id=&quot;results-overview&quot;&gt;&lt;li class=&quot;active&quot;&gt;&lt;span class=&quot;result-count result-count-errors&quot;&gt;2&lt;/span&gt;&lt;span class=&quot;result-type&quot;&gt;errors&lt;/span&gt;&lt;/a&gt;&lt;/li&gt;&lt;span class=&quot;result-count result-count-warnings&quot;&gt;0&lt;/span&gt;&lt;span class=&quot;result-type&quot;&gt;warnings&lt;/span&gt;&lt;/a&gt;&lt;/li&gt;&lt;span class=&quot;result-count result-count-notices&quot;&gt;0&lt;/span&gt;&lt;span class=&quot;result-type&quot;&gt;notices&lt;/span&gt;&lt;/a&gt;&lt;/li&gt;&lt;/ul&gt;&lt;a href=&quot;#&quot; class=&quot;button-link&quot; id=&quot;export&quot;&gt;Export as CSV&lt;/a&gt;&lt;table id=&quot;test-results-table&quot; class=&quot;tablesorter&quot;&gt;&lt;thead&gt;&lt;tr&gt;&lt;th&gt;Error Level&lt;/th&gt;&lt;th&gt;Principle&lt;/th&gt;&lt;th&gt;Message&lt;/th&gt;&lt;th&gt;Code snippet&lt;/th&gt;&lt;th&gt;Techniques&lt;/th&gt;&lt;th&gt;Screenshot&lt;/th&gt;&lt;/thead&gt;&lt;/tr&gt;&lt;tbody&gt;&lt;tr class=&quot;error&quot;&gt;&lt;td  class=&quot;number&quot;&gt;&lt;span class=&quot;flag&quot;&gt;Error&lt;/span&gt;&lt;/td&gt;&lt;td  class=&quot;messagePrinciple&quot;&gt;&lt;a href=&quot;http://www.w3.org/TR/WCAG20/#robust&quot; target=&quot;_blank&quot;&gt;Robust&lt;/a&gt;&lt;/td&gt;&lt;td class=&quot;messageText&quot;&gt; Anchor element found with a valid href attribute, but no link content has been supplied.&lt;/td&gt;&lt;td&gt;&amp;lt;a
href=&quot;/sel4_release/seL4_8.0.0
&quot;&amp;gt;
      &amp;lt;/a&amp;gt;&lt;/td&gt;&lt;td class=&quot;messageTechniques&quot;&gt;&lt;ul&gt;&lt;li&gt;&lt;a href=&quot;http://www.w3.org/TR/WCAG20-TECHS/H91&quot; target=&quot;_blank&quot;&gt;H91&lt;/a&gt;&lt;/li&gt;&lt;/ul&gt;&lt;/td&gt;&lt;td class=&quot;messageTechniques&quot;&gt;&amp;nbsp; No scr&lt;/td&gt;&lt;/tr&gt;&lt;tr class=&quot;error&quot;&gt;&lt;td  class=&quot;number&quot;&gt;&lt;span class=&quot;flag&quot;&gt;Error&lt;/span&gt;&lt;/td&gt;&lt;td  class=&quot;messagePrinciple&quot;&gt;&lt;a href=&quot;http://www.w3.org/TR/WCAG20/#robust&quot; target=&quot;_blank&quot;&gt;Robust&lt;/a&gt;&lt;/td&gt;&lt;td class=&quot;messageText&quot;&gt; Anchor element found with a valid href attribute, but no link content has been supplied.&lt;/td&gt;&lt;td&gt;&amp;lt;a
href=&quot;/sel4_release/seL4_8.0.0
&quot;&amp;gt;
      &amp;lt;/a&amp;gt;&lt;/td&gt;&lt;td class=&quot;messageTechniques&quot;&gt;&lt;ul&gt;&lt;li&gt;&lt;a href=&quot;http://www.w3.org/TR/WCAG20-TECHS/H91&quot; target=&quot;_blank&quot;&gt;H91&lt;/a&gt;&lt;/li&gt;&lt;/ul&gt;&lt;/td&gt;&lt;td class=&quot;messageTechniques&quot;&gt;&amp;nbsp; No scr&lt;/td&gt;&lt;/tr&gt;&lt;/tbody&gt;&lt;/table&gt;&lt;/div&gt;
</system-out>
		</testcase>
		<testcase classname="some.class.name" name="Conduct.html" time="1.000000">
			<failure message="Detected 2 error(s)." type="failure"/>
			<system-out>&lt;div id=&quot;resultsWrapper&quot; class=&quot;resultsWrapperActive&quot;&gt;&lt;h3&gt;seL4 Code of Conduct | seL4 docs&lt;/h3&gt;&lt;h4&gt;http://localhost:4000/Conduct.html&lt;/h4&gt;&lt;ul id=&quot;results-overview&quot;&gt;&lt;li class=&quot;active&quot;&gt;&lt;span class=&quot;result-count result-count-errors&quot;&gt;2&lt;/span&gt;&lt;span class=&quot;result-type&quot;&gt;errors&lt;/span&gt;&lt;/a&gt;&lt;/li&gt;&lt;span class=&quot;result-count result-count-warnings&quot;&gt;0&lt;/span&gt;&lt;span class=&quot;result-type&quot;&gt;warnings&lt;/span&gt;&lt;/a&gt;&lt;/li&gt;&lt;span class=&quot;result-count result-count-notices&quot;&gt;0&lt;/span&gt;&lt;span class=&quot;result-type&quot;&gt;notices&lt;/span&gt;&lt;/a&gt;&lt;/li&gt;&lt;/ul&gt;&lt;a href=&quot;#&quot; class=&quot;button-link&quot; id=&quot;export&quot;&gt;Export as CSV&lt;/a&gt;&lt;table id=&quot;test-results-table&quot; class=&quot;tablesorter&quot;&gt;&lt;thead&gt;&lt;tr&gt;&lt;th&gt;Error Level&lt;/th&gt;&lt;th&gt;Principle&lt;/th&gt;&lt;th&gt;Message&lt;/th&gt;&lt;th&gt;Code snippet&lt;/th&gt;&lt;th&gt;Techniques&lt;/th&gt;&lt;th&gt;Screenshot&lt;/th&gt;&lt;/thead&gt;&lt;/tr&gt;&lt;tbody&gt;&lt;tr class=&quot;error&quot;&gt;&lt;td  class=&quot;number&quot;&gt;&lt;span class=&quot;flag&quot;&gt;Error&lt;/span&gt;&lt;/td&gt;&lt;td  class=&quot;messagePrinciple&quot;&gt;&lt;a href=&quot;http://www.w3.org/TR/WCAG20/#robust&quot; target=&quot;_blank&quot;&gt;Robust&lt;/a&gt;&lt;/td&gt;&lt;td class=&quot;messageText&quot;&gt; Anchor element found with a valid href attribute, but no link content has been supplied.&lt;/td&gt;&lt;td&gt;&amp;lt;a
href=&quot;/sel4_release/seL4_8.0.0
&quot;&amp;gt;
      &amp;lt;/a&amp;gt;&lt;/td&gt;&lt;td class=&quot;messageTechniques&quot;&gt;&lt;ul&gt;&lt;li&gt;&lt;a href=&quot;http://www.w3.org/TR/WCAG20-TECHS/H91&quot; target=&quot;_blank&quot;&gt;H91&lt;/a&gt;&lt;/li&gt;&lt;/ul&gt;&lt;/td&gt;&lt;td class=&quot;messageTechniques&quot;&gt;&amp;nbsp; No scr&lt;/td&gt;&lt;/tr&gt;&lt;tr class=&quot;error&quot;&gt;&lt;td  class=&quot;number&quot;&gt;&lt;span class=&quot;flag&quot;&gt;Error&lt;/span&gt;&lt;/td&gt;&lt;td  class=&quot;messagePrinciple&quot;&gt;&lt;a href=&quot;http://www.w3.org/TR/WCAG20/#robust&quot; target=&quot;_blank&quot;&gt;Robust&lt;/a&gt;&lt;/td&gt;&lt;td class=&quot;messageText&quot;&gt; Anchor element found with a valid href attribute, but no link content has been supplied.&lt;/td&gt;&lt;td&gt;&amp;lt;a
href=&quot;/sel4_release/seL4_8.0.0
&quot;&amp;gt;
      &amp;lt;/a&amp;gt;&lt;/td&gt;&lt;td class=&quot;messageTechniques&quot;&gt;&lt;ul&gt;&lt;li&gt;&lt;a href=&quot;http://www.w3.org/TR/WCAG20-TECHS/H91&quot; target=&quot;_blank&quot;&gt;H91&lt;/a&gt;&lt;/li&gt;&lt;/ul&gt;&lt;/td&gt;&lt;td class=&quot;messageTechniques&quot;&gt;&amp;nbsp; No scr&lt;/td&gt;&lt;/tr&gt;&lt;/tbody&gt;&lt;/table&gt;&lt;/div&gt;
</system-out>
		</testcase>
		<testcase classname="some.class.name" name="404.html" time="1.000000">
			<failure message="Detected 2 error(s)." type="failure"/>
			<system-out>&lt;div id=&quot;resultsWrapper&quot; class=&quot;resultsWrapperActive&quot;&gt;&lt;h3&gt;| seL4 docs&lt;/h3&gt;&lt;h4&gt;http://localhost:4000/404.html&lt;/h4&gt;&lt;ul id=&quot;results-overview&quot;&gt;&lt;li class=&quot;active&quot;&gt;&lt;span class=&quot;result-count result-count-errors&quot;&gt;2&lt;/span&gt;&lt;span class=&quot;result-type&quot;&gt;errors&lt;/span&gt;&lt;/a&gt;&lt;/li&gt;&lt;span class=&quot;result-count result-count-warnings&quot;&gt;0&lt;/span&gt;&lt;span class=&quot;result-type&quot;&gt;warnings&lt;/span&gt;&lt;/a&gt;&lt;/li&gt;&lt;span class=&quot;result-count result-count-notices&quot;&gt;0&lt;/span&gt;&lt;span class=&quot;result-type&quot;&gt;notices&lt;/span&gt;&lt;/a&gt;&lt;/li&gt;&lt;/ul&gt;&lt;a href=&quot;#&quot; class=&quot;button-link&quot; id=&quot;export&quot;&gt;Export as CSV&lt;/a&gt;&lt;table id=&quot;test-results-table&quot; class=&quot;tablesorter&quot;&gt;&lt;thead&gt;&lt;tr&gt;&lt;th&gt;Error Level&lt;/th&gt;&lt;th&gt;Principle&lt;/th&gt;&lt;th&gt;Message&lt;/th&gt;&lt;th&gt;Code snippet&lt;/th&gt;&lt;th&gt;Techniques&lt;/th&gt;&lt;th&gt;Screenshot&lt;/th&gt;&lt;/thead&gt;&lt;/tr&gt;&lt;tbody&gt;&lt;tr class=&quot;error&quot;&gt;&lt;td  class=&quot;number&quot;&gt;&lt;span class=&quot;flag&quot;&gt;Error&lt;/span&gt;&lt;/td&gt;&lt;td  class=&quot;messagePrinciple&quot;&gt;&lt;a href=&quot;http://www.w3.org/TR/WCAG20/#robust&quot; target=&quot;_blank&quot;&gt;Robust&lt;/a&gt;&lt;/td&gt;&lt;td class=&quot;messageText&quot;&gt; Anchor element found with a valid href attribute, but no link content has been supplied.&lt;/td&gt;&lt;td&gt;&amp;lt;a
href=&quot;/sel4_release/seL4_8.0.0
&quot;&amp;gt;
      &amp;lt;/a&amp;gt;&lt;/td&gt;&lt;td class=&quot;messageTechniques&quot;&gt;&lt;ul&gt;&lt;li&gt;&lt;a href=&quot;http://www.w3.org/TR/WCAG20-TECHS/H91&quot; target=&quot;_blank&quot;&gt;H91&lt;/a&gt;&lt;/li&gt;&lt;/ul&gt;&lt;/td&gt;&lt;td class=&quot;messageTechniques&quot;&gt;&amp;nbsp; No scr&lt;/td&gt;&lt;/tr&gt;&lt;tr class=&quot;error&quot;&gt;&lt;td  class=&quot;number&quot;&gt;&lt;span class=&quot;flag&quot;&gt;Error&lt;/span&gt;&lt;/td&gt;&lt;td  class=&quot;messagePrinciple&quot;&gt;&lt;a href=&quot;http://www.w3.org/TR/WCAG20/#robust&quot; target=&quot;_blank&quot;&gt;Robust&lt;/a&gt;&lt;/td&gt;&lt;td class=&quot;messageText&quot;&gt; Anchor element found with a valid href attribute, but no link content has been supplied.&lt;/td&gt;&lt;td&gt;&amp;lt;a
href=&quot;/sel4_release/seL4_8.0.0
&quot;&amp;gt;
      &amp;lt;/a&amp;gt;&lt;/td&gt;&lt;td class=&quot;messageTechniques&quot;&gt;&lt;ul&gt;&lt;li&gt;&lt;a href=&quot;http://www.w3.org/TR/WCAG20-TECHS/H91&quot; target=&quot;_blank&quot;&gt;H91&lt;/a&gt;&lt;/li&gt;&lt;/ul&gt;&lt;/td&gt;&lt;td class=&quot;messageTechniques&quot;&gt;&amp;nbsp; No scr&lt;/td&gt;&lt;/tr&gt;&lt;/tbody&gt;&lt;/table&gt;&lt;/div&gt;
</system-out>
		</testcase>
		<testcase classname="some.class.name" name="Userland_Components_and_Drivers.html" time="1.000000">
			<failure message="Detected 2 error(s)." type="failure"/>
			<system-out>&lt;div id=&quot;resultsWrapper&quot; class=&quot;resultsWrapperActive&quot;&gt;&lt;h3&gt;Userland Components and Drivers | seL4 docs&lt;/h3&gt;&lt;h4&gt;http://localhost:4000/Userland_Components_and_Drivers.html&lt;/h4&gt;&lt;ul id=&quot;results-overview&quot;&gt;&lt;li class=&quot;active&quot;&gt;&lt;span class=&quot;result-count result-count-errors&quot;&gt;2&lt;/span&gt;&lt;span class=&quot;result-type&quot;&gt;errors&lt;/span&gt;&lt;/a&gt;&lt;/li&gt;&lt;span class=&quot;result-count result-count-warnings&quot;&gt;0&lt;/span&gt;&lt;span class=&quot;result-type&quot;&gt;warnings&lt;/span&gt;&lt;/a&gt;&lt;/li&gt;&lt;span class=&quot;result-count result-count-notices&quot;&gt;0&lt;/span&gt;&lt;span class=&quot;result-type&quot;&gt;notices&lt;/span&gt;&lt;/a&gt;&lt;/li&gt;&lt;/ul&gt;&lt;a href=&quot;#&quot; class=&quot;button-link&quot; id=&quot;export&quot;&gt;Export as CSV&lt;/a&gt;&lt;table id=&quot;test-results-table&quot; class=&quot;tablesorter&quot;&gt;&lt;thead&gt;&lt;tr&gt;&lt;th&gt;Error Level&lt;/th&gt;&lt;th&gt;Principle&lt;/th&gt;&lt;th&gt;Message&lt;/th&gt;&lt;th&gt;Code snippet&lt;/th&gt;&lt;th&gt;Techniques&lt;/th&gt;&lt;th&gt;Screenshot&lt;/th&gt;&lt;/thead&gt;&lt;/tr&gt;&lt;tbody&gt;&lt;tr class=&quot;error&quot;&gt;&lt;td  class=&quot;number&quot;&gt;&lt;span class=&quot;flag&quot;&gt;Error&lt;/span&gt;&lt;/td&gt;&lt;td  class=&quot;messagePrinciple&quot;&gt;&lt;a href=&quot;http://www.w3.org/TR/WCAG20/#robust&quot; target=&quot;_blank&quot;&gt;Robust&lt;/a&gt;&lt;/td&gt;&lt;td class=&quot;messageText&quot;&gt; Anchor element found with a valid href attribute, but no link content has been supplied.&lt;/td&gt;&lt;td&gt;&amp;lt;a
href=&quot;/sel4_release/seL4_8.0.0
&quot;&amp;gt;
      &amp;lt;/a&amp;gt;&lt;/td&gt;&lt;td class=&quot;messageTechniques&quot;&gt;&lt;ul&gt;&lt;li&gt;&lt;a href=&quot;http://www.w3.org/TR/WCAG20-TECHS/H91&quot; target=&quot;_blank&quot;&gt;H91&lt;/a&gt;&lt;/li&gt;&lt;/ul&gt;&lt;/td&gt;&lt;td class=&quot;messageTechniques&quot;&gt;&amp;nbsp; No scr&lt;/td&gt;&lt;/tr&gt;&lt;tr class=&quot;error&quot;&gt;&lt;td  class=&quot;number&quot;&gt;&lt;span class=&quot;flag&quot;&gt;Error&lt;/span&gt;&lt;/td&gt;&lt;td  class=&quot;messagePrinciple&quot;&gt;&lt;a href=&quot;http://www.w3.org/TR/WCAG20/#robust&quot; target=&quot;_blank&quot;&gt;Robust&lt;/a&gt;&lt;/td&gt;&lt;td class=&quot;messageText&quot;&gt; Anchor element found with a valid href attribute, but no link content has been supplied.&lt;/td&gt;&lt;td&gt;&amp;lt;a
href=&quot;/sel4_release/seL4_8.0.0
&quot;&amp;gt;
      &amp;lt;/a&amp;gt;&lt;/td&gt;&lt;td class=&quot;messageTechniques&quot;&gt;&lt;ul&gt;&lt;li&gt;&lt;a href=&quot;http://www.w3.org/TR/WCAG20-TECHS/H91&quot; target=&quot;_blank&quot;&gt;H91&lt;/a&gt;&lt;/li&gt;&lt;/ul&gt;&lt;/td&gt;&lt;td class=&quot;messageTechniques&quot;&gt;&amp;nbsp; No scr&lt;/td&gt;&lt;/tr&gt;&lt;/tbody&gt;&lt;/table&gt;&lt;/div&gt;
</system-out>
		</testcase>
		<testcase classname="some.class.name" name="CapDL.html" time="1.000000">
			<failure message="Detected 2 error(s)." type="failure"/>
			<system-out>&lt;div id=&quot;resultsWrapper&quot; class=&quot;resultsWrapperActive&quot;&gt;&lt;h3&gt;CapDL | seL4 docs&lt;/h3&gt;&lt;h4&gt;http://localhost:4000/CapDL.html&lt;/h4&gt;&lt;ul id=&quot;results-overview&quot;&gt;&lt;li class=&quot;active&quot;&gt;&lt;span class=&quot;result-count result-count-errors&quot;&gt;2&lt;/span&gt;&lt;span class=&quot;result-type&quot;&gt;errors&lt;/span&gt;&lt;/a&gt;&lt;/li&gt;&lt;span class=&quot;result-count result-count-warnings&quot;&gt;0&lt;/span&gt;&lt;span class=&quot;result-type&quot;&gt;warnings&lt;/span&gt;&lt;/a&gt;&lt;/li&gt;&lt;span class=&quot;result-count result-count-notices&quot;&gt;0&lt;/span&gt;&lt;span class=&quot;result-type&quot;&gt;notices&lt;/span&gt;&lt;/a&gt;&lt;/li&gt;&lt;/ul&gt;&lt;a href=&quot;#&quot; class=&quot;button-link&quot; id=&quot;export&quot;&gt;Export as CSV&lt;/a&gt;&lt;table id=&quot;test-results-table&quot; class=&quot;tablesorter&quot;&gt;&lt;thead&gt;&lt;tr&gt;&lt;th&gt;Error Level&lt;/th&gt;&lt;th&gt;Principle&lt;/th&gt;&lt;th&gt;Message&lt;/th&gt;&lt;th&gt;Code snippet&lt;/th&gt;&lt;th&gt;Techniques&lt;/th&gt;&lt;th&gt;Screenshot&lt;/th&gt;&lt;/thead&gt;&lt;/tr&gt;&lt;tbody&gt;&lt;tr class=&quot;error&quot;&gt;&lt;td  class=&quot;number&quot;&gt;&lt;span class=&quot;flag&quot;&gt;Error&lt;/span&gt;&lt;/td&gt;&lt;td  class=&quot;messagePrinciple&quot;&gt;&lt;a href=&quot;http://www.w3.org/TR/WCAG20/#robust&quot; target=&quot;_blank&quot;&gt;Robust&lt;/a&gt;&lt;/td&gt;&lt;td class=&quot;messageText&quot;&gt; Anchor element found with a valid href attribute, but no link content has been supplied.&lt;/td&gt;&lt;td&gt;&amp;lt;a
href=&quot;/sel4_release/seL4_8.0.0
&quot;&amp;gt;
      &amp;lt;/a&amp;gt;&lt;/td&gt;&lt;td class=&quot;messageTechniques&quot;&gt;&lt;ul&gt;&lt;li&gt;&lt;a href=&quot;http://www.w3.org/TR/WCAG20-TECHS/H91&quot; target=&quot;_blank&quot;&gt;H91&lt;/a&gt;&lt;/li&gt;&lt;/ul&gt;&lt;/td&gt;&lt;td class=&quot;messageTechniques&quot;&gt;&amp;nbsp; No scr&lt;/td&gt;&lt;/tr&gt;&lt;tr class=&quot;error&quot;&gt;&lt;td  class=&quot;number&quot;&gt;&lt;span class=&quot;flag&quot;&gt;Error&lt;/span&gt;&lt;/td&gt;&lt;td  class=&quot;messagePrinciple&quot;&gt;&lt;a href=&quot;http://www.w3.org/TR/WCAG20/#robust&quot; target=&quot;_blank&quot;&gt;Robust&lt;/a&gt;&lt;/td&gt;&lt;td class=&quot;messageText&quot;&gt; Anchor element found with a valid href attribute, but no link content has been supplied.&lt;/td&gt;&lt;td&gt;&amp;lt;a
href=&quot;/sel4_release/seL4_8.0.0
&quot;&amp;gt;
      &amp;lt;/a&amp;gt;&lt;/td&gt;&lt;td class=&quot;messageTechniques&quot;&gt;&lt;ul&gt;&lt;li&gt;&lt;a href=&quot;http://www.w3.org/TR/WCAG20-TECHS/H91&quot; target=&quot;_blank&quot;&gt;H91&lt;/a&gt;&lt;/li&gt;&lt;/ul&gt;&lt;/td&gt;&lt;td class=&quot;messageTechniques&quot;&gt;&amp;nbsp; No scr&lt;/td&gt;&lt;/tr&gt;&lt;/tbody&gt;&lt;/table&gt;&lt;/div&gt;
</system-out>
		</testcase>
		<testcase classname="some.class.name" name="camkes_release/CAmkES_3.1.0.html" time="1.000000">
			<failure message="Detected 2 error(s)." type="failure"/>
			<system-out>&lt;div id=&quot;resultsWrapper&quot; class=&quot;resultsWrapperActive&quot;&gt;&lt;h3&gt;camkes-3.1.0 | seL4 docs&lt;/h3&gt;&lt;h4&gt;http://localhost:4000/camkes_release/CAmkES_3.1.0.html&lt;/h4&gt;&lt;ul id=&quot;results-overview&quot;&gt;&lt;li class=&quot;active&quot;&gt;&lt;span class=&quot;result-count result-count-errors&quot;&gt;2&lt;/span&gt;&lt;span class=&quot;result-type&quot;&gt;errors&lt;/span&gt;&lt;/a&gt;&lt;/li&gt;&lt;span class=&quot;result-count result-count-warnings&quot;&gt;0&lt;/span&gt;&lt;span class=&quot;result-type&quot;&gt;warnings&lt;/span&gt;&lt;/a&gt;&lt;/li&gt;&lt;span class=&quot;result-count result-count-notices&quot;&gt;0&lt;/span&gt;&lt;span class=&quot;result-type&quot;&gt;notices&lt;/span&gt;&lt;/a&gt;&lt;/li&gt;&lt;/ul&gt;&lt;a href=&quot;#&quot; class=&quot;button-link&quot; id=&quot;export&quot;&gt;Export as CSV&lt;/a&gt;&lt;table id=&quot;test-results-table&quot; class=&quot;tablesorter&quot;&gt;&lt;thead&gt;&lt;tr&gt;&lt;th&gt;Error Level&lt;/th&gt;&lt;th&gt;Principle&lt;/th&gt;&lt;th&gt;Message&lt;/th&gt;&lt;th&gt;Code snippet&lt;/th&gt;&lt;th&gt;Techniques&lt;/th&gt;&lt;th&gt;Screenshot&lt;/th&gt;&lt;/thead&gt;&lt;/tr&gt;&lt;tbody&gt;&lt;tr class=&quot;error&quot;&gt;&lt;td  class=&quot;number&quot;&gt;&lt;span class=&quot;flag&quot;&gt;Error&lt;/span&gt;&lt;/td&gt;&lt;td  class=&quot;messagePrinciple&quot;&gt;&lt;a href=&quot;http://www.w3.org/TR/WCAG20/#robust&quot; target=&quot;_blank&quot;&gt;Robust&lt;/a&gt;&lt;/td&gt;&lt;td class=&quot;messageText&quot;&gt; Anchor element found with a valid href attribute, but no link content has been supplied.&lt;/td&gt;&lt;td&gt;&amp;lt;a
href=&quot;/sel4_release/seL4_8.0.0
&quot;&amp;gt;
      &amp;lt;/a&amp;gt;&lt;/td&gt;&lt;td class=&quot;messageTechniques&quot;&gt;&lt;ul&gt;&lt;li&gt;&lt;a href=&quot;http://www.w3.org/TR/WCAG20-TECHS/H91&quot; target=&quot;_blank&quot;&gt;H91&lt;/a&gt;&lt;/li&gt;&lt;/ul&gt;&lt;/td&gt;&lt;td class=&quot;messageTechniques&quot;&gt;&amp;nbsp; No scr&lt;/td&gt;&lt;/tr&gt;&lt;tr class=&quot;error&quot;&gt;&lt;td  class=&quot;number&quot;&gt;&lt;span class=&quot;flag&quot;&gt;Error&lt;/span&gt;&lt;/td&gt;&lt;td  class=&quot;messagePrinciple&quot;&gt;&lt;a href=&quot;http://www.w3.org/TR/WCAG20/#robust&quot; target=&quot;_blank&quot;&gt;Robust&lt;/a&gt;&lt;/td&gt;&lt;td class=&quot;messageText&quot;&gt; Anchor element found with a valid href attribute, but no link content has been supplied.&lt;/td&gt;&lt;td&gt;&amp;lt;a
href=&quot;/sel4_release/seL4_8.0.0
&quot;&amp;gt;
      &amp;lt;/a&amp;gt;&lt;/td&gt;&lt;td class=&quot;messageTechniques&quot;&gt;&lt;ul&gt;&lt;li&gt;&lt;a href=&quot;http://www.w3.org/TR/WCAG20-TECHS/H91&quot; target=&quot;_blank&quot;&gt;H91&lt;/a&gt;&lt;/li&gt;&lt;/ul&gt;&lt;/td&gt;&lt;td class=&quot;messageTechniques&quot;&gt;&amp;nbsp; No scr&lt;/td&gt;&lt;/tr&gt;&lt;/tbody&gt;&lt;/table&gt;&lt;/div&gt;
</system-out>
		</testcase>
		<testcase classname="some.class.name" name="camkes_release/CAmkES_2.3.1.html" time="1.000000">
			<failure message="Detected 2 error(s)." type="failure"/>
			<system-out>&lt;div id=&quot;resultsWrapper&quot; class=&quot;resultsWrapperActive&quot;&gt;&lt;h3&gt;camkes-2.3.1 | seL4 docs&lt;/h3&gt;&lt;h4&gt;http://localhost:4000/camkes_release/CAmkES_2.3.1.html&lt;/h4&gt;&lt;ul id=&quot;results-overview&quot;&gt;&lt;li class=&quot;active&quot;&gt;&lt;span class=&quot;result-count result-count-errors&quot;&gt;2&lt;/span&gt;&lt;span class=&quot;result-type&quot;&gt;errors&lt;/span&gt;&lt;/a&gt;&lt;/li&gt;&lt;span class=&quot;result-count result-count-warnings&quot;&gt;0&lt;/span&gt;&lt;span class=&quot;result-type&quot;&gt;warnings&lt;/span&gt;&lt;/a&gt;&lt;/li&gt;&lt;span class=&quot;result-count result-count-notices&quot;&gt;0&lt;/span&gt;&lt;span class=&quot;result-type&quot;&gt;notices&lt;/span&gt;&lt;/a&gt;&lt;/li&gt;&lt;/ul&gt;&lt;a href=&quot;#&quot; class=&quot;button-link&quot; id=&quot;export&quot;&gt;Export as CSV&lt;/a&gt;&lt;table id=&quot;test-results-table&quot; class=&quot;tablesorter&quot;&gt;&lt;thead&gt;&lt;tr&gt;&lt;th&gt;Error Level&lt;/th&gt;&lt;th&gt;Principle&lt;/th&gt;&lt;th&gt;Message&lt;/th&gt;&lt;th&gt;Code snippet&lt;/th&gt;&lt;th&gt;Techniques&lt;/th&gt;&lt;th&gt;Screenshot&lt;/th&gt;&lt;/thead&gt;&lt;/tr&gt;&lt;tbody&gt;&lt;tr class=&quot;error&quot;&gt;&lt;td  class=&quot;number&quot;&gt;&lt;span class=&quot;flag&quot;&gt;Error&lt;/span&gt;&lt;/td&gt;&lt;td  class=&quot;messagePrinciple&quot;&gt;&lt;a href=&quot;http://www.w3.org/TR/WCAG20/#robust&quot; target=&quot;_blank&quot;&gt;Robust&lt;/a&gt;&lt;/td&gt;&lt;td class=&quot;messageText&quot;&gt; Anchor element found with a valid href attribute, but no link content has been supplied.&lt;/td&gt;&lt;td&gt;&amp;lt;a
href=&quot;/sel4_release/seL4_8.0.0
&quot;&amp;gt;
      &amp;lt;/a&amp;gt;&lt;/td&gt;&lt;td class=&quot;messageTechniques&quot;&gt;&lt;ul&gt;&lt;li&gt;&lt;a href=&quot;http://www.w3.org/TR/WCAG20-TECHS/H91&quot; target=&quot;_blank&quot;&gt;H91&lt;/a&gt;&lt;/li&gt;&lt;/ul&gt;&lt;/td&gt;&lt;td class=&quot;messageTechniques&quot;&gt;&amp;nbsp; No scr&lt;/td&gt;&lt;/tr&gt;&lt;tr class=&quot;error&quot;&gt;&lt;td  class=&quot;number&quot;&gt;&lt;span class=&quot;flag&quot;&gt;Error&lt;/span&gt;&lt;/td&gt;&lt;td  class=&quot;messagePrinciple&quot;&gt;&lt;a href=&quot;http://www.w3.org/TR/WCAG20/#robust&quot; target=&quot;_blank&quot;&gt;Robust&lt;/a&gt;&lt;/td&gt;&lt;td class=&quot;messageText&quot;&gt; Anchor element found with a valid href attribute, but no link content has been supplied.&lt;/td&gt;&lt;td&gt;&amp;lt;a
href=&quot;/sel4_release/seL4_8.0.0
&quot;&amp;gt;
      &amp;lt;/a&amp;gt;&lt;/td&gt;&lt;td class=&quot;messageTechniques&quot;&gt;&lt;ul&gt;&lt;li&gt;&lt;a href=&quot;http://www.w3.org/TR/WCAG20-TECHS/H91&quot; target=&quot;_blank&quot;&gt;H91&lt;/a&gt;&lt;/li&gt;&lt;/ul&gt;&lt;/td&gt;&lt;td class=&quot;messageTechniques&quot;&gt;&amp;nbsp; No scr&lt;/td&gt;&lt;/tr&gt;&lt;/tbody&gt;&lt;/table&gt;&lt;/div&gt;
</system-out>
		</testcase>
		<testcase classname="some.class.name" name="camkes_release/CAmkES_2.1.0.html" time="1.000000">
			<failure message="Detected 2 error(s)." type="failure"/>
			<system-out>&lt;div id=&quot;resultsWrapper&quot; class=&quot;resultsWrapperActive&quot;&gt;&lt;h3&gt;camkes-2.1.0 | seL4 docs&lt;/h3&gt;&lt;h4&gt;http://localhost:4000/camkes_release/CAmkES_2.1.0.html&lt;/h4&gt;&lt;ul id=&quot;results-overview&quot;&gt;&lt;li class=&quot;active&quot;&gt;&lt;span class=&quot;result-count result-count-errors&quot;&gt;2&lt;/span&gt;&lt;span class=&quot;result-type&quot;&gt;errors&lt;/span&gt;&lt;/a&gt;&lt;/li&gt;&lt;span class=&quot;result-count result-count-warnings&quot;&gt;0&lt;/span&gt;&lt;span class=&quot;result-type&quot;&gt;warnings&lt;/span&gt;&lt;/a&gt;&lt;/li&gt;&lt;span class=&quot;result-count result-count-notices&quot;&gt;0&lt;/span&gt;&lt;span class=&quot;result-type&quot;&gt;notices&lt;/span&gt;&lt;/a&gt;&lt;/li&gt;&lt;/ul&gt;&lt;a href=&quot;#&quot; class=&quot;button-link&quot; id=&quot;export&quot;&gt;Export as CSV&lt;/a&gt;&lt;table id=&quot;test-results-table&quot; class=&quot;tablesorter&quot;&gt;&lt;thead&gt;&lt;tr&gt;&lt;th&gt;Error Level&lt;/th&gt;&lt;th&gt;Principle&lt;/th&gt;&lt;th&gt;Message&lt;/th&gt;&lt;th&gt;Code snippet&lt;/th&gt;&lt;th&gt;Techniques&lt;/th&gt;&lt;th&gt;Screenshot&lt;/th&gt;&lt;/thead&gt;&lt;/tr&gt;&lt;tbody&gt;&lt;tr class=&quot;error&quot;&gt;&lt;td  class=&quot;number&quot;&gt;&lt;span class=&quot;flag&quot;&gt;Error&lt;/span&gt;&lt;/td&gt;&lt;td  class=&quot;messagePrinciple&quot;&gt;&lt;a href=&quot;http://www.w3.org/TR/WCAG20/#robust&quot; target=&quot;_blank&quot;&gt;Robust&lt;/a&gt;&lt;/td&gt;&lt;td class=&quot;messageText&quot;&gt; Anchor element found with a valid href attribute, but no link content has been supplied.&lt;/td&gt;&lt;td&gt;&amp;lt;a
href=&quot;/sel4_release/seL4_8.0.0
&quot;&amp;gt;
      &amp;lt;/a&amp;gt;&lt;/td&gt;&lt;td class=&quot;messageTechniques&quot;&gt;&lt;ul&gt;&lt;li&gt;&lt;a href=&quot;http://www.w3.org/TR/WCAG20-TECHS/H91&quot; target=&quot;_blank&quot;&gt;H91&lt;/a&gt;&lt;/li&gt;&lt;/ul&gt;&lt;/td&gt;&lt;td class=&quot;messageTechniques&quot;&gt;&amp;nbsp; No scr&lt;/td&gt;&lt;/tr&gt;&lt;tr class=&quot;error&quot;&gt;&lt;td  class=&quot;number&quot;&gt;&lt;span class=&quot;flag&quot;&gt;Error&lt;/span&gt;&lt;/td&gt;&lt;td  class=&quot;messagePrinciple&quot;&gt;&lt;a href=&quot;http://www.w3.org/TR/WCAG20/#robust&quot; target=&quot;_blank&quot;&gt;Robust&lt;/a&gt;&lt;/td&gt;&lt;td class=&quot;messageText&quot;&gt; Anchor element found with a valid href attribute, but no link content has been supplied.&lt;/td&gt;&lt;td&gt;&amp;lt;a
href=&quot;/sel4_release/seL4_8.0.0
&quot;&amp;gt;
      &amp;lt;/a&amp;gt;&lt;/td&gt;&lt;td class=&quot;messageTechniques&quot;&gt;&lt;ul&gt;&lt;li&gt;&lt;a href=&quot;http://www.w3.org/TR/WCAG20-TECHS/H91&quot; target=&quot;_blank&quot;&gt;H91&lt;/a&gt;&lt;/li&gt;&lt;/ul&gt;&lt;/td&gt;&lt;td class=&quot;messageTechniques&quot;&gt;&amp;nbsp; No scr&lt;/td&gt;&lt;/tr&gt;&lt;/tbody&gt;&lt;/table&gt;&lt;/div&gt;
</system-out>
		</testcase>
		<testcase classname="some.class.name" name="camkes_release/CAmkES_3.2.0.html" time="1.000000">
			<failure message="Detected 2 error(s)." type="failure"/>
			<system-out>&lt;div id=&quot;resultsWrapper&quot; class=&quot;resultsWrapperActive&quot;&gt;&lt;h3&gt;camkes-3.2.0 | seL4 docs&lt;/h3&gt;&lt;h4&gt;http://localhost:4000/camkes_release/CAmkES_3.2.0.html&lt;/h4&gt;&lt;ul id=&quot;results-overview&quot;&gt;&lt;li class=&quot;active&quot;&gt;&lt;span class=&quot;result-count result-count-errors&quot;&gt;2&lt;/span&gt;&lt;span class=&quot;result-type&quot;&gt;errors&lt;/span&gt;&lt;/a&gt;&lt;/li&gt;&lt;span class=&quot;result-count result-count-warnings&quot;&gt;0&lt;/span&gt;&lt;span class=&quot;result-type&quot;&gt;warnings&lt;/span&gt;&lt;/a&gt;&lt;/li&gt;&lt;span class=&quot;result-count result-count-notices&quot;&gt;0&lt;/span&gt;&lt;span class=&quot;result-type&quot;&gt;notices&lt;/span&gt;&lt;/a&gt;&lt;/li&gt;&lt;/ul&gt;&lt;a href=&quot;#&quot; class=&quot;button-link&quot; id=&quot;export&quot;&gt;Export as CSV&lt;/a&gt;&lt;table id=&quot;test-results-table&quot; class=&quot;tablesorter&quot;&gt;&lt;thead&gt;&lt;tr&gt;&lt;th&gt;Error Level&lt;/th&gt;&lt;th&gt;Principle&lt;/th&gt;&lt;th&gt;Message&lt;/th&gt;&lt;th&gt;Code snippet&lt;/th&gt;&lt;th&gt;Techniques&lt;/th&gt;&lt;th&gt;Screenshot&lt;/th&gt;&lt;/thead&gt;&lt;/tr&gt;&lt;tbody&gt;&lt;tr class=&quot;error&quot;&gt;&lt;td  class=&quot;number&quot;&gt;&lt;span class=&quot;flag&quot;&gt;Error&lt;/span&gt;&lt;/td&gt;&lt;td  class=&quot;messagePrinciple&quot;&gt;&lt;a href=&quot;http://www.w3.org/TR/WCAG20/#robust&quot; target=&quot;_blank&quot;&gt;Robust&lt;/a&gt;&lt;/td&gt;&lt;td class=&quot;messageText&quot;&gt; Anchor element found with a valid href attribute, but no link content has been supplied.&lt;/td&gt;&lt;td&gt;&amp;lt;a
href=&quot;/sel4_release/seL4_8.0.0
&quot;&amp;gt;
      &amp;lt;/a&amp;gt;&lt;/td&gt;&lt;td class=&quot;messageTechniques&quot;&gt;&lt;ul&gt;&lt;li&gt;&lt;a href=&quot;http://www.w3.org/TR/WCAG20-TECHS/H91&quot; target=&quot;_blank&quot;&gt;H91&lt;/a&gt;&lt;/li&gt;&lt;/ul&gt;&lt;/td&gt;&lt;td class=&quot;messageTechniques&quot;&gt;&amp;nbsp; No scr&lt;/td&gt;&lt;/tr&gt;&lt;tr class=&quot;error&quot;&gt;&lt;td  class=&quot;number&quot;&gt;&lt;span class=&quot;flag&quot;&gt;Error&lt;/span&gt;&lt;/td&gt;&lt;td  class=&quot;messagePrinciple&quot;&gt;&lt;a href=&quot;http://www.w3.org/TR/WCAG20/#robust&quot; target=&quot;_blank&quot;&gt;Robust&lt;/a&gt;&lt;/td&gt;&lt;td class=&quot;messageText&quot;&gt; Anchor element found with a valid href attribute, but no link content has been supplied.&lt;/td&gt;&lt;td&gt;&amp;lt;a
href=&quot;/sel4_release/seL4_8.0.0
&quot;&amp;gt;
      &amp;lt;/a&amp;gt;&lt;/td&gt;&lt;td class=&quot;messageTechniques&quot;&gt;&lt;ul&gt;&lt;li&gt;&lt;a href=&quot;http://www.w3.org/TR/WCAG20-TECHS/H91&quot; target=&quot;_blank&quot;&gt;H91&lt;/a&gt;&lt;/li&gt;&lt;/ul&gt;&lt;/td&gt;&lt;td class=&quot;messageTechniques&quot;&gt;&amp;nbsp; No scr&lt;/td&gt;&lt;/tr&gt;&lt;/tbody&gt;&lt;/table&gt;&lt;/div&gt;
</system-out>
		</testcase>
		<testcase classname="some.class.name" name="camkes_release/CAmkES_3.0.0.html" time="1.000000">
			<failure message="Detected 2 error(s)." type="failure"/>
			<system-out>&lt;div id=&quot;resultsWrapper&quot; class=&quot;resultsWrapperActive&quot;&gt;&lt;h3&gt;camkes-3.0.0 | seL4 docs&lt;/h3&gt;&lt;h4&gt;http://localhost:4000/camkes_release/CAmkES_3.0.0.html&lt;/h4&gt;&lt;ul id=&quot;results-overview&quot;&gt;&lt;li class=&quot;active&quot;&gt;&lt;span class=&quot;result-count result-count-errors&quot;&gt;2&lt;/span&gt;&lt;span class=&quot;result-type&quot;&gt;errors&lt;/span&gt;&lt;/a&gt;&lt;/li&gt;&lt;span class=&quot;result-count result-count-warnings&quot;&gt;0&lt;/span&gt;&lt;span class=&quot;result-type&quot;&gt;warnings&lt;/span&gt;&lt;/a&gt;&lt;/li&gt;&lt;span class=&quot;result-count result-count-notices&quot;&gt;0&lt;/span&gt;&lt;span class=&quot;result-type&quot;&gt;notices&lt;/span&gt;&lt;/a&gt;&lt;/li&gt;&lt;/ul&gt;&lt;a href=&quot;#&quot; class=&quot;button-link&quot; id=&quot;export&quot;&gt;Export as CSV&lt;/a&gt;&lt;table id=&quot;test-results-table&quot; class=&quot;tablesorter&quot;&gt;&lt;thead&gt;&lt;tr&gt;&lt;th&gt;Error Level&lt;/th&gt;&lt;th&gt;Principle&lt;/th&gt;&lt;th&gt;Message&lt;/th&gt;&lt;th&gt;Code snippet&lt;/th&gt;&lt;th&gt;Techniques&lt;/th&gt;&lt;th&gt;Screenshot&lt;/th&gt;&lt;/thead&gt;&lt;/tr&gt;&lt;tbody&gt;&lt;tr class=&quot;error&quot;&gt;&lt;td  class=&quot;number&quot;&gt;&lt;span class=&quot;flag&quot;&gt;Error&lt;/span&gt;&lt;/td&gt;&lt;td  class=&quot;messagePrinciple&quot;&gt;&lt;a href=&quot;http://www.w3.org/TR/WCAG20/#robust&quot; target=&quot;_blank&quot;&gt;Robust&lt;/a&gt;&lt;/td&gt;&lt;td class=&quot;messageText&quot;&gt; Anchor element found with a valid href attribute, but no link content has been supplied.&lt;/td&gt;&lt;td&gt;&amp;lt;a
href=&quot;/sel4_release/seL4_8.0.0
&quot;&amp;gt;
      &amp;lt;/a&amp;gt;&lt;/td&gt;&lt;td class=&quot;messageTechniques&quot;&gt;&lt;ul&gt;&lt;li&gt;&lt;a href=&quot;http://www.w3.org/TR/WCAG20-TECHS/H91&quot; target=&quot;_blank&quot;&gt;H91&lt;/a&gt;&lt;/li&gt;&lt;/ul&gt;&lt;/td&gt;&lt;td class=&quot;messageTechniques&quot;&gt;&amp;nbsp; No scr&lt;/td&gt;&lt;/tr&gt;&lt;tr class=&quot;error&quot;&gt;&lt;td  class=&quot;number&quot;&gt;&lt;span class=&quot;flag&quot;&gt;Error&lt;/span&gt;&lt;/td&gt;&lt;td  class=&quot;messagePrinciple&quot;&gt;&lt;a href=&quot;http://www.w3.org/TR/WCAG20/#robust&quot; target=&quot;_blank&quot;&gt;Robust&lt;/a&gt;&lt;/td&gt;&lt;td class=&quot;messageText&quot;&gt; Anchor element found with a valid href attribute, but no link content has been supplied.&lt;/td&gt;&lt;td&gt;&amp;lt;a
href=&quot;/sel4_release/seL4_8.0.0
&quot;&amp;gt;
      &amp;lt;/a&amp;gt;&lt;/td&gt;&lt;td class=&quot;messageTechniques&quot;&gt;&lt;ul&gt;&lt;li&gt;&lt;a href=&quot;http://www.w3.org/TR/WCAG20-TECHS/H91&quot; target=&quot;_blank&quot;&gt;H91&lt;/a&gt;&lt;/li&gt;&lt;/ul&gt;&lt;/td&gt;&lt;td class=&quot;messageTechniques&quot;&gt;&amp;nbsp; No scr&lt;/td&gt;&lt;/tr&gt;&lt;/tbody&gt;&lt;/table&gt;&lt;/div&gt;
</system-out>
		</testcase>
		<testcase classname="some.class.name" name="camkes_release/CAmkES_2.0.0.html" time="1.000000">
			<failure message="Detected 2 error(s)." type="failure"/>
			<system-out>&lt;div id=&quot;resultsWrapper&quot; class=&quot;resultsWrapperActive&quot;&gt;&lt;h3&gt;camkes-2.0.0 | seL4 docs&lt;/h3&gt;&lt;h4&gt;http://localhost:4000/camkes_release/CAmkES_2.0.0.html&lt;/h4&gt;&lt;ul id=&quot;results-overview&quot;&gt;&lt;li class=&quot;active&quot;&gt;&lt;span class=&quot;result-count result-count-errors&quot;&gt;2&lt;/span&gt;&lt;span class=&quot;result-type&quot;&gt;errors&lt;/span&gt;&lt;/a&gt;&lt;/li&gt;&lt;span class=&quot;result-count result-count-warnings&quot;&gt;0&lt;/span&gt;&lt;span class=&quot;result-type&quot;&gt;warnings&lt;/span&gt;&lt;/a&gt;&lt;/li&gt;&lt;span class=&quot;result-count result-count-notices&quot;&gt;0&lt;/span&gt;&lt;span class=&quot;result-type&quot;&gt;notices&lt;/span&gt;&lt;/a&gt;&lt;/li&gt;&lt;/ul&gt;&lt;a href=&quot;#&quot; class=&quot;button-link&quot; id=&quot;export&quot;&gt;Export as CSV&lt;/a&gt;&lt;table id=&quot;test-results-table&quot; class=&quot;tablesorter&quot;&gt;&lt;thead&gt;&lt;tr&gt;&lt;th&gt;Error Level&lt;/th&gt;&lt;th&gt;Principle&lt;/th&gt;&lt;th&gt;Message&lt;/th&gt;&lt;th&gt;Code snippet&lt;/th&gt;&lt;th&gt;Techniques&lt;/th&gt;&lt;th&gt;Screenshot&lt;/th&gt;&lt;/thead&gt;&lt;/tr&gt;&lt;tbody&gt;&lt;tr class=&quot;error&quot;&gt;&lt;td  class=&quot;number&quot;&gt;&lt;span class=&quot;flag&quot;&gt;Error&lt;/span&gt;&lt;/td&gt;&lt;td  class=&quot;messagePrinciple&quot;&gt;&lt;a href=&quot;http://www.w3.org/TR/WCAG20/#robust&quot; target=&quot;_blank&quot;&gt;Robust&lt;/a&gt;&lt;/td&gt;&lt;td class=&quot;messageText&quot;&gt; Anchor element found with a valid href attribute, but no link content has been supplied.&lt;/td&gt;&lt;td&gt;&amp;lt;a
href=&quot;/sel4_release/seL4_8.0.0
&quot;&amp;gt;
      &amp;lt;/a&amp;gt;&lt;/td&gt;&lt;td class=&quot;messageTechniques&quot;&gt;&lt;ul&gt;&lt;li&gt;&lt;a href=&quot;http://www.w3.org/TR/WCAG20-TECHS/H91&quot; target=&quot;_blank&quot;&gt;H91&lt;/a&gt;&lt;/li&gt;&lt;/ul&gt;&lt;/td&gt;&lt;td class=&quot;messageTechniques&quot;&gt;&amp;nbsp; No scr&lt;/td&gt;&lt;/tr&gt;&lt;tr class=&quot;error&quot;&gt;&lt;td  class=&quot;number&quot;&gt;&lt;span class=&quot;flag&quot;&gt;Error&lt;/span&gt;&lt;/td&gt;&lt;td  class=&quot;messagePrinciple&quot;&gt;&lt;a href=&quot;http://www.w3.org/TR/WCAG20/#robust&quot; target=&quot;_blank&quot;&gt;Robust&lt;/a&gt;&lt;/td&gt;&lt;td class=&quot;messageText&quot;&gt; Anchor element found with a valid href attribute, but no link content has been supplied.&lt;/td&gt;&lt;td&gt;&amp;lt;a
href=&quot;/sel4_release/seL4_8.0.0
&quot;&amp;gt;
      &amp;lt;/a&amp;gt;&lt;/td&gt;&lt;td class=&quot;messageTechniques&quot;&gt;&lt;ul&gt;&lt;li&gt;&lt;a href=&quot;http://www.w3.org/TR/WCAG20-TECHS/H91&quot; target=&quot;_blank&quot;&gt;H91&lt;/a&gt;&lt;/li&gt;&lt;/ul&gt;&lt;/td&gt;&lt;td class=&quot;messageTechniques&quot;&gt;&amp;nbsp; No scr&lt;/td&gt;&lt;/tr&gt;&lt;/tbody&gt;&lt;/table&gt;&lt;/div&gt;
</system-out>
		</testcase>
		<testcase classname="some.class.name" name="camkes_release/index.html" time="1.000000">
			<failure message="Detected 2 error(s)." type="failure"/>
			<system-out>&lt;div id=&quot;resultsWrapper&quot; class=&quot;resultsWrapperActive&quot;&gt;&lt;h3&gt;CAmkES Releases | seL4 docs&lt;/h3&gt;&lt;h4&gt;http://localhost:4000/camkes_release/index.html&lt;/h4&gt;&lt;ul id=&quot;results-overview&quot;&gt;&lt;li class=&quot;active&quot;&gt;&lt;span class=&quot;result-count result-count-errors&quot;&gt;2&lt;/span&gt;&lt;span class=&quot;result-type&quot;&gt;errors&lt;/span&gt;&lt;/a&gt;&lt;/li&gt;&lt;span class=&quot;result-count result-count-warnings&quot;&gt;0&lt;/span&gt;&lt;span class=&quot;result-type&quot;&gt;warnings&lt;/span&gt;&lt;/a&gt;&lt;/li&gt;&lt;span class=&quot;result-count result-count-notices&quot;&gt;0&lt;/span&gt;&lt;span class=&quot;result-type&quot;&gt;notices&lt;/span&gt;&lt;/a&gt;&lt;/li&gt;&lt;/ul&gt;&lt;a href=&quot;#&quot; class=&quot;button-link&quot; id=&quot;export&quot;&gt;Export as CSV&lt;/a&gt;&lt;table id=&quot;test-results-table&quot; class=&quot;tablesorter&quot;&gt;&lt;thead&gt;&lt;tr&gt;&lt;th&gt;Error Level&lt;/th&gt;&lt;th&gt;Principle&lt;/th&gt;&lt;th&gt;Message&lt;/th&gt;&lt;th&gt;Code snippet&lt;/th&gt;&lt;th&gt;Techniques&lt;/th&gt;&lt;th&gt;Screenshot&lt;/th&gt;&lt;/thead&gt;&lt;/tr&gt;&lt;tbody&gt;&lt;tr class=&quot;error&quot;&gt;&lt;td  class=&quot;number&quot;&gt;&lt;span class=&quot;flag&quot;&gt;Error&lt;/span&gt;&lt;/td&gt;&lt;td  class=&quot;messagePrinciple&quot;&gt;&lt;a href=&quot;http://www.w3.org/TR/WCAG20/#robust&quot; target=&quot;_blank&quot;&gt;Robust&lt;/a&gt;&lt;/td&gt;&lt;td class=&quot;messageText&quot;&gt; Anchor element found with a valid href attribute, but no link content has been supplied.&lt;/td&gt;&lt;td&gt;&amp;lt;a
href=&quot;/sel4_release/seL4_8.0.0
&quot;&amp;gt;
      &amp;lt;/a&amp;gt;&lt;/td&gt;&lt;td class=&quot;messageTechniques&quot;&gt;&lt;ul&gt;&lt;li&gt;&lt;a href=&quot;http://www.w3.org/TR/WCAG20-TECHS/H91&quot; target=&quot;_blank&quot;&gt;H91&lt;/a&gt;&lt;/li&gt;&lt;/ul&gt;&lt;/td&gt;&lt;td class=&quot;messageTechniques&quot;&gt;&amp;nbsp; No scr&lt;/td&gt;&lt;/tr&gt;&lt;tr class=&quot;error&quot;&gt;&lt;td  class=&quot;number&quot;&gt;&lt;span class=&quot;flag&quot;&gt;Error&lt;/span&gt;&lt;/td&gt;&lt;td  class=&quot;messagePrinciple&quot;&gt;&lt;a href=&quot;http://www.w3.org/TR/WCAG20/#robust&quot; target=&quot;_blank&quot;&gt;Robust&lt;/a&gt;&lt;/td&gt;&lt;td class=&quot;messageText&quot;&gt; Anchor element found with a valid href attribute, but no link content has been supplied.&lt;/td&gt;&lt;td&gt;&amp;lt;a
href=&quot;/sel4_release/seL4_8.0.0
&quot;&amp;gt;
      &amp;lt;/a&amp;gt;&lt;/td&gt;&lt;td class=&quot;messageTechniques&quot;&gt;&lt;ul&gt;&lt;li&gt;&lt;a href=&quot;http://www.w3.org/TR/WCAG20-TECHS/H91&quot; target=&quot;_blank&quot;&gt;H91&lt;/a&gt;&lt;/li&gt;&lt;/ul&gt;&lt;/td&gt;&lt;td class=&quot;messageTechniques&quot;&gt;&amp;nbsp; No scr&lt;/td&gt;&lt;/tr&gt;&lt;/tbody&gt;&lt;/table&gt;&lt;/div&gt;
</system-out>
		</testcase>
		<testcase classname="some.class.name" name="camkes_release/CAmkES_2.2.0.html" time="1.000000">
			<failure message="Detected 2 error(s)." type="failure"/>
			<system-out>&lt;div id=&quot;resultsWrapper&quot; class=&quot;resultsWrapperActive&quot;&gt;&lt;h3&gt;camkes-2.2.0 | seL4 docs&lt;/h3&gt;&lt;h4&gt;http://localhost:4000/camkes_release/CAmkES_2.2.0.html&lt;/h4&gt;&lt;ul id=&quot;results-overview&quot;&gt;&lt;li class=&quot;active&quot;&gt;&lt;span class=&quot;result-count result-count-errors&quot;&gt;2&lt;/span&gt;&lt;span class=&quot;result-type&quot;&gt;errors&lt;/span&gt;&lt;/a&gt;&lt;/li&gt;&lt;span class=&quot;result-count result-count-warnings&quot;&gt;0&lt;/span&gt;&lt;span class=&quot;result-type&quot;&gt;warnings&lt;/span&gt;&lt;/a&gt;&lt;/li&gt;&lt;span class=&quot;result-count result-count-notices&quot;&gt;0&lt;/span&gt;&lt;span class=&quot;result-type&quot;&gt;notices&lt;/span&gt;&lt;/a&gt;&lt;/li&gt;&lt;/ul&gt;&lt;a href=&quot;#&quot; class=&quot;button-link&quot; id=&quot;export&quot;&gt;Export as CSV&lt;/a&gt;&lt;table id=&quot;test-results-table&quot; class=&quot;tablesorter&quot;&gt;&lt;thead&gt;&lt;tr&gt;&lt;th&gt;Error Level&lt;/th&gt;&lt;th&gt;Principle&lt;/th&gt;&lt;th&gt;Message&lt;/th&gt;&lt;th&gt;Code snippet&lt;/th&gt;&lt;th&gt;Techniques&lt;/th&gt;&lt;th&gt;Screenshot&lt;/th&gt;&lt;/thead&gt;&lt;/tr&gt;&lt;tbody&gt;&lt;tr class=&quot;error&quot;&gt;&lt;td  class=&quot;number&quot;&gt;&lt;span class=&quot;flag&quot;&gt;Error&lt;/span&gt;&lt;/td&gt;&lt;td  class=&quot;messagePrinciple&quot;&gt;&lt;a href=&quot;http://www.w3.org/TR/WCAG20/#robust&quot; target=&quot;_blank&quot;&gt;Robust&lt;/a&gt;&lt;/td&gt;&lt;td class=&quot;messageText&quot;&gt; Anchor element found with a valid href attribute, but no link content has been supplied.&lt;/td&gt;&lt;td&gt;&amp;lt;a
href=&quot;/sel4_release/seL4_8.0.0
&quot;&amp;gt;
      &amp;lt;/a&amp;gt;&lt;/td&gt;&lt;td class=&quot;messageTechniques&quot;&gt;&lt;ul&gt;&lt;li&gt;&lt;a href=&quot;http://www.w3.org/TR/WCAG20-TECHS/H91&quot; target=&quot;_blank&quot;&gt;H91&lt;/a&gt;&lt;/li&gt;&lt;/ul&gt;&lt;/td&gt;&lt;td class=&quot;messageTechniques&quot;&gt;&amp;nbsp; No scr&lt;/td&gt;&lt;/tr&gt;&lt;tr class=&quot;error&quot;&gt;&lt;td  class=&quot;number&quot;&gt;&lt;span class=&quot;flag&quot;&gt;Error&lt;/span&gt;&lt;/td&gt;&lt;td  class=&quot;messagePrinciple&quot;&gt;&lt;a href=&quot;http://www.w3.org/TR/WCAG20/#robust&quot; target=&quot;_blank&quot;&gt;Robust&lt;/a&gt;&lt;/td&gt;&lt;td class=&quot;messageText&quot;&gt; Anchor element found with a valid href attribute, but no link content has been supplied.&lt;/td&gt;&lt;td&gt;&amp;lt;a
href=&quot;/sel4_release/seL4_8.0.0
&quot;&amp;gt;
      &amp;lt;/a&amp;gt;&lt;/td&gt;&lt;td class=&quot;messageTechniques&quot;&gt;&lt;ul&gt;&lt;li&gt;&lt;a href=&quot;http://www.w3.org/TR/WCAG20-TECHS/H91&quot; target=&quot;_blank&quot;&gt;H91&lt;/a&gt;&lt;/li&gt;&lt;/ul&gt;&lt;/td&gt;&lt;td class=&quot;messageTechniques&quot;&gt;&amp;nbsp; No scr&lt;/td&gt;&lt;/tr&gt;&lt;/tbody&gt;&lt;/table&gt;&lt;/div&gt;
</system-out>
		</testcase>
		<testcase classname="some.class.name" name="camkes_release/CAmkES_2.3.0.html" time="1.000000">
			<failure message="Detected 2 error(s)." type="failure"/>
			<system-out>&lt;div id=&quot;resultsWrapper&quot; class=&quot;resultsWrapperActive&quot;&gt;&lt;h3&gt;camkes-2.3.0 | seL4 docs&lt;/h3&gt;&lt;h4&gt;http://localhost:4000/camkes_release/CAmkES_2.3.0.html&lt;/h4&gt;&lt;ul id=&quot;results-overview&quot;&gt;&lt;li class=&quot;active&quot;&gt;&lt;span class=&quot;result-count result-count-errors&quot;&gt;2&lt;/span&gt;&lt;span class=&quot;result-type&quot;&gt;errors&lt;/span&gt;&lt;/a&gt;&lt;/li&gt;&lt;span class=&quot;result-count result-count-warnings&quot;&gt;0&lt;/span&gt;&lt;span class=&quot;result-type&quot;&gt;warnings&lt;/span&gt;&lt;/a&gt;&lt;/li&gt;&lt;span class=&quot;result-count result-count-notices&quot;&gt;0&lt;/span&gt;&lt;span class=&quot;result-type&quot;&gt;notices&lt;/span&gt;&lt;/a&gt;&lt;/li&gt;&lt;/ul&gt;&lt;a href=&quot;#&quot; class=&quot;button-link&quot; id=&quot;export&quot;&gt;Export as CSV&lt;/a&gt;&lt;table id=&quot;test-results-table&quot; class=&quot;tablesorter&quot;&gt;&lt;thead&gt;&lt;tr&gt;&lt;th&gt;Error Level&lt;/th&gt;&lt;th&gt;Principle&lt;/th&gt;&lt;th&gt;Message&lt;/th&gt;&lt;th&gt;Code snippet&lt;/th&gt;&lt;th&gt;Techniques&lt;/th&gt;&lt;th&gt;Screenshot&lt;/th&gt;&lt;/thead&gt;&lt;/tr&gt;&lt;tbody&gt;&lt;tr class=&quot;error&quot;&gt;&lt;td  class=&quot;number&quot;&gt;&lt;span class=&quot;flag&quot;&gt;Error&lt;/span&gt;&lt;/td&gt;&lt;td  class=&quot;messagePrinciple&quot;&gt;&lt;a href=&quot;http://www.w3.org/TR/WCAG20/#robust&quot; target=&quot;_blank&quot;&gt;Robust&lt;/a&gt;&lt;/td&gt;&lt;td class=&quot;messageText&quot;&gt; Anchor element found with a valid href attribute, but no link content has been supplied.&lt;/td&gt;&lt;td&gt;&amp;lt;a
href=&quot;/sel4_release/seL4_8.0.0
&quot;&amp;gt;
      &amp;lt;/a&amp;gt;&lt;/td&gt;&lt;td class=&quot;messageTechniques&quot;&gt;&lt;ul&gt;&lt;li&gt;&lt;a href=&quot;http://www.w3.org/TR/WCAG20-TECHS/H91&quot; target=&quot;_blank&quot;&gt;H91&lt;/a&gt;&lt;/li&gt;&lt;/ul&gt;&lt;/td&gt;&lt;td class=&quot;messageTechniques&quot;&gt;&amp;nbsp; No scr&lt;/td&gt;&lt;/tr&gt;&lt;tr class=&quot;error&quot;&gt;&lt;td  class=&quot;number&quot;&gt;&lt;span class=&quot;flag&quot;&gt;Error&lt;/span&gt;&lt;/td&gt;&lt;td  class=&quot;messagePrinciple&quot;&gt;&lt;a href=&quot;http://www.w3.org/TR/WCAG20/#robust&quot; target=&quot;_blank&quot;&gt;Robust&lt;/a&gt;&lt;/td&gt;&lt;td class=&quot;messageText&quot;&gt; Anchor element found with a valid href attribute, but no link content has been supplied.&lt;/td&gt;&lt;td&gt;&amp;lt;a
href=&quot;/sel4_release/seL4_8.0.0
&quot;&amp;gt;
      &amp;lt;/a&amp;gt;&lt;/td&gt;&lt;td class=&quot;messageTechniques&quot;&gt;&lt;ul&gt;&lt;li&gt;&lt;a href=&quot;http://www.w3.org/TR/WCAG20-TECHS/H91&quot; target=&quot;_blank&quot;&gt;H91&lt;/a&gt;&lt;/li&gt;&lt;/ul&gt;&lt;/td&gt;&lt;td class=&quot;messageTechniques&quot;&gt;&amp;nbsp; No scr&lt;/td&gt;&lt;/tr&gt;&lt;/tbody&gt;&lt;/table&gt;&lt;/div&gt;
</system-out>
		</testcase>
		<testcase classname="some.class.name" name="Suggested_projects.html" time="1.000000">
			<failure message="Detected 2 error(s)." type="failure"/>
			<system-out>&lt;div id=&quot;resultsWrapper&quot; class=&quot;resultsWrapperActive&quot;&gt;&lt;h3&gt;Suggested Projects | seL4 docs&lt;/h3&gt;&lt;h4&gt;http://localhost:4000/Suggested_projects.html&lt;/h4&gt;&lt;ul id=&quot;results-overview&quot;&gt;&lt;li class=&quot;active&quot;&gt;&lt;span class=&quot;result-count result-count-errors&quot;&gt;2&lt;/span&gt;&lt;span class=&quot;result-type&quot;&gt;errors&lt;/span&gt;&lt;/a&gt;&lt;/li&gt;&lt;span class=&quot;result-count result-count-warnings&quot;&gt;0&lt;/span&gt;&lt;span class=&quot;result-type&quot;&gt;warnings&lt;/span&gt;&lt;/a&gt;&lt;/li&gt;&lt;span class=&quot;result-count result-count-notices&quot;&gt;0&lt;/span&gt;&lt;span class=&quot;result-type&quot;&gt;notices&lt;/span&gt;&lt;/a&gt;&lt;/li&gt;&lt;/ul&gt;&lt;a href=&quot;#&quot; class=&quot;button-link&quot; id=&quot;export&quot;&gt;Export as CSV&lt;/a&gt;&lt;table id=&quot;test-results-table&quot; class=&quot;tablesorter&quot;&gt;&lt;thead&gt;&lt;tr&gt;&lt;th&gt;Error Level&lt;/th&gt;&lt;th&gt;Principle&lt;/th&gt;&lt;th&gt;Message&lt;/th&gt;&lt;th&gt;Code snippet&lt;/th&gt;&lt;th&gt;Techniques&lt;/th&gt;&lt;th&gt;Screenshot&lt;/th&gt;&lt;/thead&gt;&lt;/tr&gt;&lt;tbody&gt;&lt;tr class=&quot;error&quot;&gt;&lt;td  class=&quot;number&quot;&gt;&lt;span class=&quot;flag&quot;&gt;Error&lt;/span&gt;&lt;/td&gt;&lt;td  class=&quot;messagePrinciple&quot;&gt;&lt;a href=&quot;http://www.w3.org/TR/WCAG20/#robust&quot; target=&quot;_blank&quot;&gt;Robust&lt;/a&gt;&lt;/td&gt;&lt;td class=&quot;messageText&quot;&gt; Anchor element found with a valid href attribute, but no link content has been supplied.&lt;/td&gt;&lt;td&gt;&amp;lt;a
href=&quot;/sel4_release/seL4_8.0.0
&quot;&amp;gt;
      &amp;lt;/a&amp;gt;&lt;/td&gt;&lt;td class=&quot;messageTechniques&quot;&gt;&lt;ul&gt;&lt;li&gt;&lt;a href=&quot;http://www.w3.org/TR/WCAG20-TECHS/H91&quot; target=&quot;_blank&quot;&gt;H91&lt;/a&gt;&lt;/li&gt;&lt;/ul&gt;&lt;/td&gt;&lt;td class=&quot;messageTechniques&quot;&gt;&amp;nbsp; No scr&lt;/td&gt;&lt;/tr&gt;&lt;tr class=&quot;error&quot;&gt;&lt;td  class=&quot;number&quot;&gt;&lt;span class=&quot;flag&quot;&gt;Error&lt;/span&gt;&lt;/td&gt;&lt;td  class=&quot;messagePrinciple&quot;&gt;&lt;a href=&quot;http://www.w3.org/TR/WCAG20/#robust&quot; target=&quot;_blank&quot;&gt;Robust&lt;/a&gt;&lt;/td&gt;&lt;td class=&quot;messageText&quot;&gt; Anchor element found with a valid href attribute, but no link content has been supplied.&lt;/td&gt;&lt;td&gt;&amp;lt;a
href=&quot;/sel4_release/seL4_8.0.0
&quot;&amp;gt;
      &amp;lt;/a&amp;gt;&lt;/td&gt;&lt;td class=&quot;messageTechniques&quot;&gt;&lt;ul&gt;&lt;li&gt;&lt;a href=&quot;http://www.w3.org/TR/WCAG20-TECHS/H91&quot; target=&quot;_blank&quot;&gt;H91&lt;/a&gt;&lt;/li&gt;&lt;/ul&gt;&lt;/td&gt;&lt;td class=&quot;messageTechniques&quot;&gt;&amp;nbsp; No scr&lt;/td&gt;&lt;/tr&gt;&lt;/tbody&gt;&lt;/table&gt;&lt;/div&gt;
</system-out>
		</testcase>
		<testcase classname="some.class.name" name="CAmkES-ARM-VM.html" time="1.000000">
			<failure message="Detected 2 error(s)." type="failure"/>
			<system-out>&lt;div id=&quot;resultsWrapper&quot; class=&quot;resultsWrapperActive&quot;&gt;&lt;h3&gt;CAmkES ARM VMM | seL4 docs&lt;/h3&gt;&lt;h4&gt;http://localhost:4000/CAmkES-ARM-VM.html&lt;/h4&gt;&lt;ul id=&quot;results-overview&quot;&gt;&lt;li class=&quot;active&quot;&gt;&lt;span class=&quot;result-count result-count-errors&quot;&gt;2&lt;/span&gt;&lt;span class=&quot;result-type&quot;&gt;errors&lt;/span&gt;&lt;/a&gt;&lt;/li&gt;&lt;span class=&quot;result-count result-count-warnings&quot;&gt;0&lt;/span&gt;&lt;span class=&quot;result-type&quot;&gt;warnings&lt;/span&gt;&lt;/a&gt;&lt;/li&gt;&lt;span class=&quot;result-count result-count-notices&quot;&gt;0&lt;/span&gt;&lt;span class=&quot;result-type&quot;&gt;notices&lt;/span&gt;&lt;/a&gt;&lt;/li&gt;&lt;/ul&gt;&lt;a href=&quot;#&quot; class=&quot;button-link&quot; id=&quot;export&quot;&gt;Export as CSV&lt;/a&gt;&lt;table id=&quot;test-results-table&quot; class=&quot;tablesorter&quot;&gt;&lt;thead&gt;&lt;tr&gt;&lt;th&gt;Error Level&lt;/th&gt;&lt;th&gt;Principle&lt;/th&gt;&lt;th&gt;Message&lt;/th&gt;&lt;th&gt;Code snippet&lt;/th&gt;&lt;th&gt;Techniques&lt;/th&gt;&lt;th&gt;Screenshot&lt;/th&gt;&lt;/thead&gt;&lt;/tr&gt;&lt;tbody&gt;&lt;tr class=&quot;error&quot;&gt;&lt;td  class=&quot;number&quot;&gt;&lt;span class=&quot;flag&quot;&gt;Error&lt;/span&gt;&lt;/td&gt;&lt;td  class=&quot;messagePrinciple&quot;&gt;&lt;a href=&quot;http://www.w3.org/TR/WCAG20/#robust&quot; target=&quot;_blank&quot;&gt;Robust&lt;/a&gt;&lt;/td&gt;&lt;td class=&quot;messageText&quot;&gt; Anchor element found with a valid href attribute, but no link content has been supplied.&lt;/td&gt;&lt;td&gt;&amp;lt;a
href=&quot;/sel4_release/seL4_8.0.0
&quot;&amp;gt;
      &amp;lt;/a&amp;gt;&lt;/td&gt;&lt;td class=&quot;messageTechniques&quot;&gt;&lt;ul&gt;&lt;li&gt;&lt;a href=&quot;http://www.w3.org/TR/WCAG20-TECHS/H91&quot; target=&quot;_blank&quot;&gt;H91&lt;/a&gt;&lt;/li&gt;&lt;/ul&gt;&lt;/td&gt;&lt;td class=&quot;messageTechniques&quot;&gt;&amp;nbsp; No scr&lt;/td&gt;&lt;/tr&gt;&lt;tr class=&quot;error&quot;&gt;&lt;td  class=&quot;number&quot;&gt;&lt;span class=&quot;flag&quot;&gt;Error&lt;/span&gt;&lt;/td&gt;&lt;td  class=&quot;messagePrinciple&quot;&gt;&lt;a href=&quot;http://www.w3.org/TR/WCAG20/#robust&quot; target=&quot;_blank&quot;&gt;Robust&lt;/a&gt;&lt;/td&gt;&lt;td class=&quot;messageText&quot;&gt; Anchor element found with a valid href attribute, but no link content has been supplied.&lt;/td&gt;&lt;td&gt;&amp;lt;a
href=&quot;/sel4_release/seL4_8.0.0
&quot;&amp;gt;
      &amp;lt;/a&amp;gt;&lt;/td&gt;&lt;td class=&quot;messageTechniques&quot;&gt;&lt;ul&gt;&lt;li&gt;&lt;a href=&quot;http://www.w3.org/TR/WCAG20-TECHS/H91&quot; target=&quot;_blank&quot;&gt;H91&lt;/a&gt;&lt;/li&gt;&lt;/ul&gt;&lt;/td&gt;&lt;td class=&quot;messageTechniques&quot;&gt;&amp;nbsp; No scr&lt;/td&gt;&lt;/tr&gt;&lt;/tbody&gt;&lt;/table&gt;&lt;/div&gt;
</system-out>
		</testcase>
		<testcase classname="some.class.name" name="LevelConverter/index.html" time="1.000000">
			<failure message="Detected 2 error(s)." type="failure"/>
			<system-out>&lt;div id=&quot;resultsWrapper&quot; class=&quot;resultsWrapperActive&quot;&gt;&lt;h3&gt;| seL4 docs&lt;/h3&gt;&lt;h4&gt;http://localhost:4000/LevelConverter/index.html&lt;/h4&gt;&lt;ul id=&quot;results-overview&quot;&gt;&lt;li class=&quot;active&quot;&gt;&lt;span class=&quot;result-count result-count-errors&quot;&gt;2&lt;/span&gt;&lt;span class=&quot;result-type&quot;&gt;errors&lt;/span&gt;&lt;/a&gt;&lt;/li&gt;&lt;span class=&quot;result-count result-count-warnings&quot;&gt;0&lt;/span&gt;&lt;span class=&quot;result-type&quot;&gt;warnings&lt;/span&gt;&lt;/a&gt;&lt;/li&gt;&lt;span class=&quot;result-count result-count-notices&quot;&gt;0&lt;/span&gt;&lt;span class=&quot;result-type&quot;&gt;notices&lt;/span&gt;&lt;/a&gt;&lt;/li&gt;&lt;/ul&gt;&lt;a href=&quot;#&quot; class=&quot;button-link&quot; id=&quot;export&quot;&gt;Export as CSV&lt;/a&gt;&lt;table id=&quot;test-results-table&quot; class=&quot;tablesorter&quot;&gt;&lt;thead&gt;&lt;tr&gt;&lt;th&gt;Error Level&lt;/th&gt;&lt;th&gt;Principle&lt;/th&gt;&lt;th&gt;Message&lt;/th&gt;&lt;th&gt;Code snippet&lt;/th&gt;&lt;th&gt;Techniques&lt;/th&gt;&lt;th&gt;Screenshot&lt;/th&gt;&lt;/thead&gt;&lt;/tr&gt;&lt;tbody&gt;&lt;tr class=&quot;error&quot;&gt;&lt;td  class=&quot;number&quot;&gt;&lt;span class=&quot;flag&quot;&gt;Error&lt;/span&gt;&lt;/td&gt;&lt;td  class=&quot;messagePrinciple&quot;&gt;&lt;a href=&quot;http://www.w3.org/TR/WCAG20/#robust&quot; target=&quot;_blank&quot;&gt;Robust&lt;/a&gt;&lt;/td&gt;&lt;td class=&quot;messageText&quot;&gt; Anchor element found with a valid href attribute, but no link content has been supplied.&lt;/td&gt;&lt;td&gt;&amp;lt;a
href=&quot;/sel4_release/seL4_8.0.0
&quot;&amp;gt;
      &amp;lt;/a&amp;gt;&lt;/td&gt;&lt;td class=&quot;messageTechniques&quot;&gt;&lt;ul&gt;&lt;li&gt;&lt;a href=&quot;http://www.w3.org/TR/WCAG20-TECHS/H91&quot; target=&quot;_blank&quot;&gt;H91&lt;/a&gt;&lt;/li&gt;&lt;/ul&gt;&lt;/td&gt;&lt;td class=&quot;messageTechniques&quot;&gt;&amp;nbsp; No scr&lt;/td&gt;&lt;/tr&gt;&lt;tr class=&quot;error&quot;&gt;&lt;td  class=&quot;number&quot;&gt;&lt;span class=&quot;flag&quot;&gt;Error&lt;/span&gt;&lt;/td&gt;&lt;td  class=&quot;messagePrinciple&quot;&gt;&lt;a href=&quot;http://www.w3.org/TR/WCAG20/#robust&quot; target=&quot;_blank&quot;&gt;Robust&lt;/a&gt;&lt;/td&gt;&lt;td class=&quot;messageText&quot;&gt; Anchor element found with a valid href attribute, but no link content has been supplied.&lt;/td&gt;&lt;td&gt;&amp;lt;a
href=&quot;/sel4_release/seL4_8.0.0
&quot;&amp;gt;
      &amp;lt;/a&amp;gt;&lt;/td&gt;&lt;td class=&quot;messageTechniques&quot;&gt;&lt;ul&gt;&lt;li&gt;&lt;a href=&quot;http://www.w3.org/TR/WCAG20-TECHS/H91&quot; target=&quot;_blank&quot;&gt;H91&lt;/a&gt;&lt;/li&gt;&lt;/ul&gt;&lt;/td&gt;&lt;td class=&quot;messageTechniques&quot;&gt;&amp;nbsp; No scr&lt;/td&gt;&lt;/tr&gt;&lt;/tbody&gt;&lt;/table&gt;&lt;/div&gt;
</system-out>
		</testcase>
		<testcase classname="some.class.name" name="sel4_release/seL4_8.0.0.html" time="1.000000">
			<failure message="Detected 2 error(s)." type="failure"/>
			<system-out>&lt;div id=&quot;resultsWrapper&quot; class=&quot;resultsWrapperActive&quot;&gt;&lt;h3&gt;seL4 8.0.0 | seL4 docs&lt;/h3&gt;&lt;h4&gt;http://localhost:4000/sel4_release/seL4_8.0.0.html&lt;/h4&gt;&lt;ul id=&quot;results-overview&quot;&gt;&lt;li class=&quot;active&quot;&gt;&lt;span class=&quot;result-count result-count-errors&quot;&gt;2&lt;/span&gt;&lt;span class=&quot;result-type&quot;&gt;errors&lt;/span&gt;&lt;/a&gt;&lt;/li&gt;&lt;span class=&quot;result-count result-count-warnings&quot;&gt;0&lt;/span&gt;&lt;span class=&quot;result-type&quot;&gt;warnings&lt;/span&gt;&lt;/a&gt;&lt;/li&gt;&lt;span class=&quot;result-count result-count-notices&quot;&gt;0&lt;/span&gt;&lt;span class=&quot;result-type&quot;&gt;notices&lt;/span&gt;&lt;/a&gt;&lt;/li&gt;&lt;/ul&gt;&lt;a href=&quot;#&quot; class=&quot;button-link&quot; id=&quot;export&quot;&gt;Export as CSV&lt;/a&gt;&lt;table id=&quot;test-results-table&quot; class=&quot;tablesorter&quot;&gt;&lt;thead&gt;&lt;tr&gt;&lt;th&gt;Error Level&lt;/th&gt;&lt;th&gt;Principle&lt;/th&gt;&lt;th&gt;Message&lt;/th&gt;&lt;th&gt;Code snippet&lt;/th&gt;&lt;th&gt;Techniques&lt;/th&gt;&lt;th&gt;Screenshot&lt;/th&gt;&lt;/thead&gt;&lt;/tr&gt;&lt;tbody&gt;&lt;tr class=&quot;error&quot;&gt;&lt;td  class=&quot;number&quot;&gt;&lt;span class=&quot;flag&quot;&gt;Error&lt;/span&gt;&lt;/td&gt;&lt;td  class=&quot;messagePrinciple&quot;&gt;&lt;a href=&quot;http://www.w3.org/TR/WCAG20/#robust&quot; target=&quot;_blank&quot;&gt;Robust&lt;/a&gt;&lt;/td&gt;&lt;td class=&quot;messageText&quot;&gt; Anchor element found with a valid href attribute, but no link content has been supplied.&lt;/td&gt;&lt;td&gt;&amp;lt;a
href=&quot;/sel4_release/seL4_8.0.0
&quot;&amp;gt;
      &amp;lt;/a&amp;gt;&lt;/td&gt;&lt;td class=&quot;messageTechniques&quot;&gt;&lt;ul&gt;&lt;li&gt;&lt;a href=&quot;http://www.w3.org/TR/WCAG20-TECHS/H91&quot; target=&quot;_blank&quot;&gt;H91&lt;/a&gt;&lt;/li&gt;&lt;/ul&gt;&lt;/td&gt;&lt;td class=&quot;messageTechniques&quot;&gt;&amp;nbsp; No scr&lt;/td&gt;&lt;/tr&gt;&lt;tr class=&quot;error&quot;&gt;&lt;td  class=&quot;number&quot;&gt;&lt;span class=&quot;flag&quot;&gt;Error&lt;/span&gt;&lt;/td&gt;&lt;td  class=&quot;messagePrinciple&quot;&gt;&lt;a href=&quot;http://www.w3.org/TR/WCAG20/#robust&quot; target=&quot;_blank&quot;&gt;Robust&lt;/a&gt;&lt;/td&gt;&lt;td class=&quot;messageText&quot;&gt; Anchor element found with a valid href attribute, but no link content has been supplied.&lt;/td&gt;&lt;td&gt;&amp;lt;a
href=&quot;/sel4_release/seL4_8.0.0
&quot;&amp;gt;
      &amp;lt;/a&amp;gt;&lt;/td&gt;&lt;td class=&quot;messageTechniques&quot;&gt;&lt;ul&gt;&lt;li&gt;&lt;a href=&quot;http://www.w3.org/TR/WCAG20-TECHS/H91&quot; target=&quot;_blank&quot;&gt;H91&lt;/a&gt;&lt;/li&gt;&lt;/ul&gt;&lt;/td&gt;&lt;td class=&quot;messageTechniques&quot;&gt;&amp;nbsp; No scr&lt;/td&gt;&lt;/tr&gt;&lt;/tbody&gt;&lt;/table&gt;&lt;/div&gt;
</system-out>
		</testcase>
		<testcase classname="some.class.name" name="sel4_release/seL4_5.0.0.html" time="1.000000">
			<failure message="Detected 2 error(s)." type="failure"/>
			<system-out>&lt;div id=&quot;resultsWrapper&quot; class=&quot;resultsWrapperActive&quot;&gt;&lt;h3&gt;seL4 5.0.0 | seL4 docs&lt;/h3&gt;&lt;h4&gt;http://localhost:4000/sel4_release/seL4_5.0.0.html&lt;/h4&gt;&lt;ul id=&quot;results-overview&quot;&gt;&lt;li class=&quot;active&quot;&gt;&lt;span class=&quot;result-count result-count-errors&quot;&gt;2&lt;/span&gt;&lt;span class=&quot;result-type&quot;&gt;errors&lt;/span&gt;&lt;/a&gt;&lt;/li&gt;&lt;span class=&quot;result-count result-count-warnings&quot;&gt;0&lt;/span&gt;&lt;span class=&quot;result-type&quot;&gt;warnings&lt;/span&gt;&lt;/a&gt;&lt;/li&gt;&lt;span class=&quot;result-count result-count-notices&quot;&gt;0&lt;/span&gt;&lt;span class=&quot;result-type&quot;&gt;notices&lt;/span&gt;&lt;/a&gt;&lt;/li&gt;&lt;/ul&gt;&lt;a href=&quot;#&quot; class=&quot;button-link&quot; id=&quot;export&quot;&gt;Export as CSV&lt;/a&gt;&lt;table id=&quot;test-results-table&quot; class=&quot;tablesorter&quot;&gt;&lt;thead&gt;&lt;tr&gt;&lt;th&gt;Error Level&lt;/th&gt;&lt;th&gt;Principle&lt;/th&gt;&lt;th&gt;Message&lt;/th&gt;&lt;th&gt;Code snippet&lt;/th&gt;&lt;th&gt;Techniques&lt;/th&gt;&lt;th&gt;Screenshot&lt;/th&gt;&lt;/thead&gt;&lt;/tr&gt;&lt;tbody&gt;&lt;tr class=&quot;error&quot;&gt;&lt;td  class=&quot;number&quot;&gt;&lt;span class=&quot;flag&quot;&gt;Error&lt;/span&gt;&lt;/td&gt;&lt;td  class=&quot;messagePrinciple&quot;&gt;&lt;a href=&quot;http://www.w3.org/TR/WCAG20/#robust&quot; target=&quot;_blank&quot;&gt;Robust&lt;/a&gt;&lt;/td&gt;&lt;td class=&quot;messageText&quot;&gt; Anchor element found with a valid href attribute, but no link content has been supplied.&lt;/td&gt;&lt;td&gt;&amp;lt;a
href=&quot;/sel4_release/seL4_8.0.0
&quot;&amp;gt;
      &amp;lt;/a&amp;gt;&lt;/td&gt;&lt;td class=&quot;messageTechniques&quot;&gt;&lt;ul&gt;&lt;li&gt;&lt;a href=&quot;http://www.w3.org/TR/WCAG20-TECHS/H91&quot; target=&quot;_blank&quot;&gt;H91&lt;/a&gt;&lt;/li&gt;&lt;/ul&gt;&lt;/td&gt;&lt;td class=&quot;messageTechniques&quot;&gt;&amp;nbsp; No scr&lt;/td&gt;&lt;/tr&gt;&lt;tr class=&quot;error&quot;&gt;&lt;td  class=&quot;number&quot;&gt;&lt;span class=&quot;flag&quot;&gt;Error&lt;/span&gt;&lt;/td&gt;&lt;td  class=&quot;messagePrinciple&quot;&gt;&lt;a href=&quot;http://www.w3.org/TR/WCAG20/#robust&quot; target=&quot;_blank&quot;&gt;Robust&lt;/a&gt;&lt;/td&gt;&lt;td class=&quot;messageText&quot;&gt; Anchor element found with a valid href attribute, but no link content has been supplied.&lt;/td&gt;&lt;td&gt;&amp;lt;a
href=&quot;/sel4_release/seL4_8.0.0
&quot;&amp;gt;
[...]
href=&quot;/sel4_release/seL4_8.0.0
&quot;&amp;gt;
      &amp;lt;/a&amp;gt;&lt;/td&gt;&lt;td class=&quot;messageTechniques&quot;&gt;&lt;ul&gt;&lt;li&gt;&lt;a href=&quot;http://www.w3.org/TR/WCAG20-TECHS/H91&quot; target=&quot;_blank&quot;&gt;H91&lt;/a&gt;&lt;/li&gt;&lt;/ul&gt;&lt;/td&gt;&lt;td class=&quot;messageTechniques&quot;&gt;&amp;nbsp; No scr&lt;/td&gt;&lt;/tr&gt;&lt;tr class=&quot;error&quot;&gt;&lt;td  class=&quot;number&quot;&gt;&lt;span class=&quot;flag&quot;&gt;Error&lt;/span&gt;&lt;/td&gt;&lt;td  class=&quot;messagePrinciple&quot;&gt;&lt;a href=&quot;http://www.w3.org/TR/WCAG20/#robust&quot; target=&quot;_blank&quot;&gt;Robust&lt;/a&gt;&lt;/td&gt;&lt;td class=&quot;messageText&quot;&gt; Anchor element found with a valid href attribute, but no link content has been supplied.&lt;/td&gt;&lt;td&gt;&amp;lt;a
href=&quot;/sel4_release/seL4_8.0.0
&quot;&amp;gt;
      &amp;lt;/a&amp;gt;&lt;/td&gt;&lt;td class=&quot;messageTechniques&quot;&gt;&lt;ul&gt;&lt;li&gt;&lt;a href=&quot;http://www.w3.org/TR/WCAG20-TECHS/H91&quot; target=&quot;_blank&quot;&gt;H91&lt;/a&gt;&lt;/li&gt;&lt;/ul&gt;&lt;/td&gt;&lt;td class=&quot;messageTechniques&quot;&gt;&amp;nbsp; No scr&lt;/td&gt;&lt;/tr&gt;&lt;/tbody&gt;&lt;/table&gt;&lt;/div&gt;
</system-out>
		</testcase>
		<testcase classname="some.class.name" name="Debugging_userspace_threads.html" time="1.000000">
			<failure message="Detected 2 error(s)." type="failure"/>
			<system-out>&lt;div id=&quot;resultsWrapper&quot; class=&quot;resultsWrapperActive&quot;&gt;&lt;h3&gt;Debugging userspace threads | seL4 docs&lt;/h3&gt;&lt;h4&gt;http://localhost:4000/Debugging_userspace_threads.html&lt;/h4&gt;&lt;ul id=&quot;results-overview&quot;&gt;&lt;li class=&quot;active&quot;&gt;&lt;span class=&quot;result-count result-count-errors&quot;&gt;2&lt;/span&gt;&lt;span class=&quot;result-type&quot;&gt;errors&lt;/span&gt;&lt;/a&gt;&lt;/li&gt;&lt;span class=&quot;result-count result-count-warnings&quot;&gt;0&lt;/span&gt;&lt;span class=&quot;result-type&quot;&gt;warnings&lt;/span&gt;&lt;/a&gt;&lt;/li&gt;&lt;span class=&quot;result-count result-count-notices&quot;&gt;0&lt;/span&gt;&lt;span class=&quot;result-type&quot;&gt;notices&lt;/span&gt;&lt;/a&gt;&lt;/li&gt;&lt;/ul&gt;&lt;a href=&quot;#&quot; class=&quot;button-link&quot; id=&quot;export&quot;&gt;Export as CSV&lt;/a&gt;&lt;table id=&quot;test-results-table&quot; class=&quot;tablesorter&quot;&gt;&lt;thead&gt;&lt;tr&gt;&lt;th&gt;Error Level&lt;/th&gt;&lt;th&gt;Principle&lt;/th&gt;&lt;th&gt;Message&lt;/th&gt;&lt;th&gt;Code snippet&lt;/th&gt;&lt;th&gt;Techniques&lt;/th&gt;&lt;th&gt;Screenshot&lt;/th&gt;&lt;/thead&gt;&lt;/tr&gt;&lt;tbody&gt;&lt;tr class=&quot;error&quot;&gt;&lt;td  class=&quot;number&quot;&gt;&lt;span class=&quot;flag&quot;&gt;Error&lt;/span&gt;&lt;/td&gt;&lt;td  class=&quot;messagePrinciple&quot;&gt;&lt;a href=&quot;http://www.w3.org/TR/WCAG20/#robust&quot; target=&quot;_blank&quot;&gt;Robust&lt;/a&gt;&lt;/td&gt;&lt;td class=&quot;messageText&quot;&gt; Anchor element found with a valid href attribute, but no link content has been supplied.&lt;/td&gt;&lt;td&gt;&amp;lt;a
href=&quot;/sel4_release/seL4_8.0.0
&quot;&amp;gt;
      &amp;lt;/a&amp;gt;&lt;/td&gt;&lt;td class=&quot;messageTechniques&quot;&gt;&lt;ul&gt;&lt;li&gt;&lt;a href=&quot;http://www.w3.org/TR/WCAG20-TECHS/H91&quot; target=&quot;_blank&quot;&gt;H91&lt;/a&gt;&lt;/li&gt;&lt;/ul&gt;&lt;/td&gt;&lt;td class=&quot;messageTechniques&quot;&gt;&amp;nbsp; No scr&lt;/td&gt;&lt;/tr&gt;&lt;tr class=&quot;error&quot;&gt;&lt;td  class=&quot;number&quot;&gt;&lt;span class=&quot;flag&quot;&gt;Error&lt;/span&gt;&lt;/td&gt;&lt;td  class=&quot;messagePrinciple&quot;&gt;&lt;a href=&quot;http://www.w3.org/TR/WCAG20/#robust&quot; target=&quot;_blank&quot;&gt;Robust&lt;/a&gt;&lt;/td&gt;&lt;td class=&quot;messageText&quot;&gt; Anchor element found with a valid href attribute, but no link content has been supplied.&lt;/td&gt;&lt;td&gt;&amp;lt;a
href=&quot;/sel4_release/seL4_8.0.0
&quot;&amp;gt;
      &amp;lt;/a&amp;gt;&lt;/td&gt;&lt;td class=&quot;messageTechniques&quot;&gt;&lt;ul&gt;&lt;li&gt;&lt;a href=&quot;http://www.w3.org/TR/WCAG20-TECHS/H91&quot; target=&quot;_blank&quot;&gt;H91&lt;/a&gt;&lt;/li&gt;&lt;/ul&gt;&lt;/td&gt;&lt;td class=&quot;messageTechniques&quot;&gt;&amp;nbsp; No scr&lt;/td&gt;&lt;/tr&gt;&lt;/tbody&gt;&lt;/table&gt;&lt;/div&gt;
</system-out>
		</testcase>
		<testcase classname="some.class.name" name="HardwareHacks.html" time="1.000000">
			<failure message="Detected 2 error(s)." type="failure"/>
			<system-out>&lt;div id=&quot;resultsWrapper&quot; class=&quot;resultsWrapperActive&quot;&gt;&lt;h3&gt;Hardware Hacks | seL4 docs&lt;/h3&gt;&lt;h4&gt;http://localhost:4000/HardwareHacks.html&lt;/h4&gt;&lt;ul id=&quot;results-overview&quot;&gt;&lt;li class=&quot;active&quot;&gt;&lt;span class=&quot;result-count result-count-errors&quot;&gt;2&lt;/span&gt;&lt;span class=&quot;result-type&quot;&gt;errors&lt;/span&gt;&lt;/a&gt;&lt;/li&gt;&lt;span class=&quot;result-count result-count-warnings&quot;&gt;0&lt;/span&gt;&lt;span class=&quot;result-type&quot;&gt;warnings&lt;/span&gt;&lt;/a&gt;&lt;/li&gt;&lt;span class=&quot;result-count result-count-notices&quot;&gt;0&lt;/span&gt;&lt;span class=&quot;result-type&quot;&gt;notices&lt;/span&gt;&lt;/a&gt;&lt;/li&gt;&lt;/ul&gt;&lt;a href=&quot;#&quot; class=&quot;button-link&quot; id=&quot;export&quot;&gt;Export as CSV&lt;/a&gt;&lt;table id=&quot;test-results-table&quot; class=&quot;tablesorter&quot;&gt;&lt;thead&gt;&lt;tr&gt;&lt;th&gt;Error Level&lt;/th&gt;&lt;th&gt;Principle&lt;/th&gt;&lt;th&gt;Message&lt;/th&gt;&lt;th&gt;Code snippet&lt;/th&gt;&lt;th&gt;Techniques&lt;/th&gt;&lt;th&gt;Screenshot&lt;/th&gt;&lt;/thead&gt;&lt;/tr&gt;&lt;tbody&gt;&lt;tr class=&quot;error&quot;&gt;&lt;td  class=&quot;number&quot;&gt;&lt;span class=&quot;flag&quot;&gt;Error&lt;/span&gt;&lt;/td&gt;&lt;td  class=&quot;messagePrinciple&quot;&gt;&lt;a href=&quot;http://www.w3.org/TR/WCAG20/#robust&quot; target=&quot;_blank&quot;&gt;Robust&lt;/a&gt;&lt;/td&gt;&lt;td class=&quot;messageText&quot;&gt; Anchor element found with a valid href attribute, but no link content has been supplied.&lt;/td&gt;&lt;td&gt;&amp;lt;a
href=&quot;/sel4_release/seL4_8.0.0
&quot;&amp;gt;
      &amp;lt;/a&amp;gt;&lt;/td&gt;&lt;td class=&quot;messageTechniques&quot;&gt;&lt;ul&gt;&lt;li&gt;&lt;a href=&quot;http://www.w3.org/TR/WCAG20-TECHS/H91&quot; target=&quot;_blank&quot;&gt;H91&lt;/a&gt;&lt;/li&gt;&lt;/ul&gt;&lt;/td&gt;&lt;td class=&quot;messageTechniques&quot;&gt;&amp;nbsp; No scr&lt;/td&gt;&lt;/tr&gt;&lt;tr class=&quot;error&quot;&gt;&lt;td  class=&quot;number&quot;&gt;&lt;span class=&quot;flag&quot;&gt;Error&lt;/span&gt;&lt;/td&gt;&lt;td  class=&quot;messagePrinciple&quot;&gt;&lt;a href=&quot;http://www.w3.org/TR/WCAG20/#robust&quot; target=&quot;_blank&quot;&gt;Robust&lt;/a&gt;&lt;/td&gt;&lt;td class=&quot;messageText&quot;&gt; Anchor element found with a valid href attribute, but no link content has been supplied.&lt;/td&gt;&lt;td&gt;&amp;lt;a
href=&quot;/sel4_release/seL4_8.0.0
&quot;&amp;gt;
      &amp;lt;/a&amp;gt;&lt;/td&gt;&lt;td class=&quot;messageTechniques&quot;&gt;&lt;ul&gt;&lt;li&gt;&lt;a href=&quot;http://www.w3.org/TR/WCAG20-TECHS/H91&quot; target=&quot;_blank&quot;&gt;H91&lt;/a&gt;&lt;/li&gt;&lt;/ul&gt;&lt;/td&gt;&lt;td class=&quot;messageTechniques&quot;&gt;&amp;nbsp; No scr&lt;/td&gt;&lt;/tr&gt;&lt;/tbody&gt;&lt;/table&gt;&lt;/div&gt;
</system-out>
		</testcase>
		<testcase classname="some.class.name" name="IRCChannel.html" time="1.000000">
			<failure message="Detected 2 error(s)." type="failure"/>
			<system-out>&lt;div id=&quot;resultsWrapper&quot; class=&quot;resultsWrapperActive&quot;&gt;&lt;h3&gt;IRC Channel | seL4 docs&lt;/h3&gt;&lt;h4&gt;http://localhost:4000/IRCChannel.html&lt;/h4&gt;&lt;ul id=&quot;results-overview&quot;&gt;&lt;li class=&quot;active&quot;&gt;&lt;span class=&quot;result-count result-count-errors&quot;&gt;2&lt;/span&gt;&lt;span class=&quot;result-type&quot;&gt;errors&lt;/span&gt;&lt;/a&gt;&lt;/li&gt;&lt;span class=&quot;result-count result-count-warnings&quot;&gt;0&lt;/span&gt;&lt;span class=&quot;result-type&quot;&gt;warnings&lt;/span&gt;&lt;/a&gt;&lt;/li&gt;&lt;span class=&quot;result-count result-count-notices&quot;&gt;0&lt;/span&gt;&lt;span class=&quot;result-type&quot;&gt;notices&lt;/span&gt;&lt;/a&gt;&lt;/li&gt;&lt;/ul&gt;&lt;a href=&quot;#&quot; class=&quot;button-link&quot; id=&quot;export&quot;&gt;Export as CSV&lt;/a&gt;&lt;table id=&quot;test-results-table&quot; class=&quot;tablesorter&quot;&gt;&lt;thead&gt;&lt;tr&gt;&lt;th&gt;Error Level&lt;/th&gt;&lt;th&gt;Principle&lt;/th&gt;&lt;th&gt;Message&lt;/th&gt;&lt;th&gt;Code snippet&lt;/th&gt;&lt;th&gt;Techniques&lt;/th&gt;&lt;th&gt;Screenshot&lt;/th&gt;&lt;/thead&gt;&lt;/tr&gt;&lt;tbody&gt;&lt;tr class=&quot;error&quot;&gt;&lt;td  class=&quot;number&quot;&gt;&lt;span class=&quot;flag&quot;&gt;Error&lt;/span&gt;&lt;/td&gt;&lt;td  class=&quot;messagePrinciple&quot;&gt;&lt;a href=&quot;http://www.w3.org/TR/WCAG20/#robust&quot; target=&quot;_blank&quot;&gt;Robust&lt;/a&gt;&lt;/td&gt;&lt;td class=&quot;messageText&quot;&gt; Anchor element found with a valid href attribute, but no link content has been supplied.&lt;/td&gt;&lt;td&gt;&amp;lt;a
href=&quot;/sel4_release/seL4_8.0.0
&quot;&amp;gt;
      &amp;lt;/a&amp;gt;&lt;/td&gt;&lt;td class=&quot;messageTechniques&quot;&gt;&lt;ul&gt;&lt;li&gt;&lt;a href=&quot;http://www.w3.org/TR/WCAG20-TECHS/H91&quot; target=&quot;_blank&quot;&gt;H91&lt;/a&gt;&lt;/li&gt;&lt;/ul&gt;&lt;/td&gt;&lt;td class=&quot;messageTechniques&quot;&gt;&amp;nbsp; No scr&lt;/td&gt;&lt;/tr&gt;&lt;tr class=&quot;error&quot;&gt;&lt;td  class=&quot;number&quot;&gt;&lt;span class=&quot;flag&quot;&gt;Error&lt;/span&gt;&lt;/td&gt;&lt;td  class=&quot;messagePrinciple&quot;&gt;&lt;a href=&quot;http://www.w3.org/TR/WCAG20/#robust&quot; target=&quot;_blank&quot;&gt;Robust&lt;/a&gt;&lt;/td&gt;&lt;td class=&quot;messageText&quot;&gt; Anchor element found with a valid href attribute, but no link content has been supplied.&lt;/td&gt;&lt;td&gt;&amp;lt;a
href=&quot;/sel4_release/seL4_8.0.0
&quot;&amp;gt;
      &amp;lt;/a&amp;gt;&lt;/td&gt;&lt;td class=&quot;messageTechniques&quot;&gt;&lt;ul&gt;&lt;li&gt;&lt;a href=&quot;http://www.w3.org/TR/WCAG20-TECHS/H91&quot; target=&quot;_blank&quot;&gt;H91&lt;/a&gt;&lt;/li&gt;&lt;/ul&gt;&lt;/td&gt;&lt;td class=&quot;messageTechniques&quot;&gt;&amp;nbsp; No scr&lt;/td&gt;&lt;/tr&gt;&lt;/tbody&gt;&lt;/table&gt;&lt;/div&gt;
</system-out>
		</testcase>
		<testcase classname="some.class.name" name="Documentation.html" time="1.000000">
			<failure message="Detected 2 error(s)." type="failure"/>
			<system-out>&lt;div id=&quot;resultsWrapper&quot; class=&quot;resultsWrapperActive&quot;&gt;&lt;h3&gt;Documentation | seL4 docs&lt;/h3&gt;&lt;h4&gt;http://localhost:4000/Documentation.html&lt;/h4&gt;&lt;ul id=&quot;results-overview&quot;&gt;&lt;li class=&quot;active&quot;&gt;&lt;span class=&quot;result-count result-count-errors&quot;&gt;2&lt;/span&gt;&lt;span class=&quot;result-type&quot;&gt;errors&lt;/span&gt;&lt;/a&gt;&lt;/li&gt;&lt;span class=&quot;result-count result-count-warnings&quot;&gt;0&lt;/span&gt;&lt;span class=&quot;result-type&quot;&gt;warnings&lt;/span&gt;&lt;/a&gt;&lt;/li&gt;&lt;span class=&quot;result-count result-count-notices&quot;&gt;0&lt;/span&gt;&lt;span class=&quot;result-type&quot;&gt;notices&lt;/span&gt;&lt;/a&gt;&lt;/li&gt;&lt;/ul&gt;&lt;a href=&quot;#&quot; class=&quot;button-link&quot; id=&quot;export&quot;&gt;Export as CSV&lt;/a&gt;&lt;table id=&quot;test-results-table&quot; class=&quot;tablesorter&quot;&gt;&lt;thead&gt;&lt;tr&gt;&lt;th&gt;Error Level&lt;/th&gt;&lt;th&gt;Principle&lt;/th&gt;&lt;th&gt;Message&lt;/th&gt;&lt;th&gt;Code snippet&lt;/th&gt;&lt;th&gt;Techniques&lt;/th&gt;&lt;th&gt;Screenshot&lt;/th&gt;&lt;/thead&gt;&lt;/tr&gt;&lt;tbody&gt;&lt;tr class=&quot;error&quot;&gt;&lt;td  class=&quot;number&quot;&gt;&lt;span class=&quot;flag&quot;&gt;Error&lt;/span&gt;&lt;/td&gt;&lt;td  class=&quot;messagePrinciple&quot;&gt;&lt;a href=&quot;http://www.w3.org/TR/WCAG20/#robust&quot; target=&quot;_blank&quot;&gt;Robust&lt;/a&gt;&lt;/td&gt;&lt;td class=&quot;messageText&quot;&gt; Anchor element found with a valid href attribute, but no link content has been supplied.&lt;/td&gt;&lt;td&gt;&amp;lt;a
href=&quot;/sel4_release/seL4_8.0.0
&quot;&amp;gt;
      &amp;lt;/a&amp;gt;&lt;/td&gt;&lt;td class=&quot;messageTechniques&quot;&gt;&lt;ul&gt;&lt;li&gt;&lt;a href=&quot;http://www.w3.org/TR/WCAG20-TECHS/H91&quot; target=&quot;_blank&quot;&gt;H91&lt;/a&gt;&lt;/li&gt;&lt;/ul&gt;&lt;/td&gt;&lt;td class=&quot;messageTechniques&quot;&gt;&amp;nbsp; No scr&lt;/td&gt;&lt;/tr&gt;&lt;tr class=&quot;error&quot;&gt;&lt;td  class=&quot;number&quot;&gt;&lt;span class=&quot;flag&quot;&gt;Error&lt;/span&gt;&lt;/td&gt;&lt;td  class=&quot;messagePrinciple&quot;&gt;&lt;a href=&quot;http://www.w3.org/TR/WCAG20/#robust&quot; target=&quot;_blank&quot;&gt;Robust&lt;/a&gt;&lt;/td&gt;&lt;td class=&quot;messageText&quot;&gt; Anchor element found with a valid href attribute, but no link content has been supplied.&lt;/td&gt;&lt;td&gt;&amp;lt;a
href=&quot;/sel4_release/seL4_8.0.0
&quot;&amp;gt;
      &amp;lt;/a&amp;gt;&lt;/td&gt;&lt;td class=&quot;messageTechniques&quot;&gt;&lt;ul&gt;&lt;li&gt;&lt;a href=&quot;http://www.w3.org/TR/WCAG20-TECHS/H91&quot; target=&quot;_blank&quot;&gt;H91&lt;/a&gt;&lt;/li&gt;&lt;/ul&gt;&lt;/td&gt;&lt;td class=&quot;messageTechniques&quot;&gt;&amp;nbsp; No scr&lt;/td&gt;&lt;/tr&gt;&lt;/tbody&gt;&lt;/table&gt;&lt;/div&gt;
</system-out>
		</testcase>
		<testcase classname="some.class.name" name="CAmkESVM.html" time="1.000000">
			<failure message="Detected 2 error(s)." type="failure"/>
			<system-out>&lt;div id=&quot;resultsWrapper&quot; class=&quot;resultsWrapperActive&quot;&gt;&lt;h3&gt;CAmkES x86 VM | seL4 docs&lt;/h3&gt;&lt;h4&gt;http://localhost:4000/CAmkESVM.html&lt;/h4&gt;&lt;ul id=&quot;results-overview&quot;&gt;&lt;li class=&quot;active&quot;&gt;&lt;span class=&quot;result-count result-count-errors&quot;&gt;2&lt;/span&gt;&lt;span class=&quot;result-type&quot;&gt;errors&lt;/span&gt;&lt;/a&gt;&lt;/li&gt;&lt;span class=&quot;result-count result-count-warnings&quot;&gt;0&lt;/span&gt;&lt;span class=&quot;result-type&quot;&gt;warnings&lt;/span&gt;&lt;/a&gt;&lt;/li&gt;&lt;span class=&quot;result-count result-count-notices&quot;&gt;0&lt;/span&gt;&lt;span class=&quot;result-type&quot;&gt;notices&lt;/span&gt;&lt;/a&gt;&lt;/li&gt;&lt;/ul&gt;&lt;a href=&quot;#&quot; class=&quot;button-link&quot; id=&quot;export&quot;&gt;Export as CSV&lt;/a&gt;&lt;table id=&quot;test-results-table&quot; class=&quot;tablesorter&quot;&gt;&lt;thead&gt;&lt;tr&gt;&lt;th&gt;Error Level&lt;/th&gt;&lt;th&gt;Principle&lt;/th&gt;&lt;th&gt;Message&lt;/th&gt;&lt;th&gt;Code snippet&lt;/th&gt;&lt;th&gt;Techniques&lt;/th&gt;&lt;th&gt;Screenshot&lt;/th&gt;&lt;/thead&gt;&lt;/tr&gt;&lt;tbody&gt;&lt;tr class=&quot;error&quot;&gt;&lt;td  class=&quot;number&quot;&gt;&lt;span class=&quot;flag&quot;&gt;Error&lt;/span&gt;&lt;/td&gt;&lt;td  class=&quot;messagePrinciple&quot;&gt;&lt;a href=&quot;http://www.w3.org/TR/WCAG20/#robust&quot; target=&quot;_blank&quot;&gt;Robust&lt;/a&gt;&lt;/td&gt;&lt;td class=&quot;messageText&quot;&gt; Anchor element found with a valid href attribute, but no link content has been supplied.&lt;/td&gt;&lt;td&gt;&amp;lt;a
href=&quot;/sel4_release/seL4_8.0.0
&quot;&amp;gt;
      &amp;lt;/a&amp;gt;&lt;/td&gt;&lt;td class=&quot;messageTechniques&quot;&gt;&lt;ul&gt;&lt;li&gt;&lt;a href=&quot;http://www.w3.org/TR/WCAG20-TECHS/H91&quot; target=&quot;_blank&quot;&gt;H91&lt;/a&gt;&lt;/li&gt;&lt;/ul&gt;&lt;/td&gt;&lt;td class=&quot;messageTechniques&quot;&gt;&amp;nbsp; No scr&lt;/td&gt;&lt;/tr&gt;&lt;tr class=&quot;error&quot;&gt;&lt;td  class=&quot;number&quot;&gt;&lt;span class=&quot;flag&quot;&gt;Error&lt;/span&gt;&lt;/td&gt;&lt;td  class=&quot;messagePrinciple&quot;&gt;&lt;a href=&quot;http://www.w3.org/TR/WCAG20/#robust&quot; target=&quot;_blank&quot;&gt;Robust&lt;/a&gt;&lt;/td&gt;&lt;td class=&quot;messageText&quot;&gt; Anchor element found with a valid href attribute, but no link content has been supplied.&lt;/td&gt;&lt;td&gt;&amp;lt;a
href=&quot;/sel4_release/seL4_8.0.0
&quot;&amp;gt;
      &amp;lt;/a&amp;gt;&lt;/td&gt;&lt;td class=&quot;messageTechniques&quot;&gt;&lt;ul&gt;&lt;li&gt;&lt;a href=&quot;http://www.w3.org/TR/WCAG20-TECHS/H91&quot; target=&quot;_blank&quot;&gt;H91&lt;/a&gt;&lt;/li&gt;&lt;/ul&gt;&lt;/td&gt;&lt;td class=&quot;messageTechniques&quot;&gt;&amp;nbsp; No scr&lt;/td&gt;&lt;/tr&gt;&lt;/tbody&gt;&lt;/table&gt;&lt;/div&gt;
</system-out>
		</testcase>
		<testcase classname="some.class.name" name="CAmkESCLI.html" time="1.000000">
			<failure message="Detected 2 error(s)." type="failure"/>
			<system-out>&lt;div id=&quot;resultsWrapper&quot; class=&quot;resultsWrapperActive&quot;&gt;&lt;h3&gt;CAmkES CLI | seL4 docs&lt;/h3&gt;&lt;h4&gt;http://localhost:4000/CAmkESCLI.html&lt;/h4&gt;&lt;ul id=&quot;results-overview&quot;&gt;&lt;li class=&quot;active&quot;&gt;&lt;span class=&quot;result-count result-count-errors&quot;&gt;2&lt;/span&gt;&lt;span class=&quot;result-type&quot;&gt;errors&lt;/span&gt;&lt;/a&gt;&lt;/li&gt;&lt;span class=&quot;result-count result-count-warnings&quot;&gt;0&lt;/span&gt;&lt;span class=&quot;result-type&quot;&gt;warnings&lt;/span&gt;&lt;/a&gt;&lt;/li&gt;&lt;span class=&quot;result-count result-count-notices&quot;&gt;0&lt;/span&gt;&lt;span class=&quot;result-type&quot;&gt;notices&lt;/span&gt;&lt;/a&gt;&lt;/li&gt;&lt;/ul&gt;&lt;a href=&quot;#&quot; class=&quot;button-link&quot; id=&quot;export&quot;&gt;Export as CSV&lt;/a&gt;&lt;table id=&quot;test-results-table&quot; class=&quot;tablesorter&quot;&gt;&lt;thead&gt;&lt;tr&gt;&lt;th&gt;Error Level&lt;/th&gt;&lt;th&gt;Principle&lt;/th&gt;&lt;th&gt;Message&lt;/th&gt;&lt;th&gt;Code snippet&lt;/th&gt;&lt;th&gt;Techniques&lt;/th&gt;&lt;th&gt;Screenshot&lt;/th&gt;&lt;/thead&gt;&lt;/tr&gt;&lt;tbody&gt;&lt;tr class=&quot;error&quot;&gt;&lt;td  class=&quot;number&quot;&gt;&lt;span class=&quot;flag&quot;&gt;Error&lt;/span&gt;&lt;/td&gt;&lt;td  class=&quot;messagePrinciple&quot;&gt;&lt;a href=&quot;http://www.w3.org/TR/WCAG20/#robust&quot; target=&quot;_blank&quot;&gt;Robust&lt;/a&gt;&lt;/td&gt;&lt;td class=&quot;messageText&quot;&gt; Anchor element found with a valid href attribute, but no link content has been supplied.&lt;/td&gt;&lt;td&gt;&amp;lt;a
href=&quot;/sel4_release/seL4_8.0.0
&quot;&amp;gt;
      &amp;lt;/a&amp;gt;&lt;/td&gt;&lt;td class=&quot;messageTechniques&quot;&gt;&lt;ul&gt;&lt;li&gt;&lt;a href=&quot;http://www.w3.org/TR/WCAG20-TECHS/H91&quot; target=&quot;_blank&quot;&gt;H91&lt;/a&gt;&lt;/li&gt;&lt;/ul&gt;&lt;/td&gt;&lt;td class=&quot;messageTechniques&quot;&gt;&amp;nbsp; No scr&lt;/td&gt;&lt;/tr&gt;&lt;tr class=&quot;error&quot;&gt;&lt;td  class=&quot;number&quot;&gt;&lt;span class=&quot;flag&quot;&gt;Error&lt;/span&gt;&lt;/td&gt;&lt;td  class=&quot;messagePrinciple&quot;&gt;&lt;a href=&quot;http://www.w3.org/TR/WCAG20/#robust&quot; target=&quot;_blank&quot;&gt;Robust&lt;/a&gt;&lt;/td&gt;&lt;td class=&quot;messageText&quot;&gt; Anchor element found with a valid href attribute, but no link content has been supplied.&lt;/td&gt;&lt;td&gt;&amp;lt;a
href=&quot;/sel4_release/seL4_8.0.0
&quot;&amp;gt;
      &amp;lt;/a&amp;gt;&lt;/td&gt;&lt;td class=&quot;messageTechniques&quot;&gt;&lt;ul&gt;&lt;li&gt;&lt;a href=&quot;http://www.w3.org/TR/WCAG20-TECHS/H91&quot; target=&quot;_blank&quot;&gt;H91&lt;/a&gt;&lt;/li&gt;&lt;/ul&gt;&lt;/td&gt;&lt;td class=&quot;messageTechniques&quot;&gt;&amp;nbsp; No scr&lt;/td&gt;&lt;/tr&gt;&lt;/tbody&gt;&lt;/table&gt;&lt;/div&gt;
</system-out>
		</testcase>
	</testsuite>
</testsuites>

