<?xml version="1.0" ?>
<testsuites disabled="0" errors="0" failures="27" tests="103" time="103.0">
	<testsuite disabled="0" errors="0" failures="27" name="my test suite" skipped="0" tests="103" time="103">
		<testcase classname="some.class.name" name="BuildSystemAnatomy/index.html" time="1.000000">
			<failure message="Detected 11 error(s)." type="failure"/>
			<system-out>&lt;div id=&quot;resultsWrapper&quot; class=&quot;resultsWrapperActive&quot;&gt;&lt;h3&gt;Contents | seL4 docs&lt;/h3&gt;&lt;h4&gt;http://localhost:4000/BuildSystemAnatomy/index.html&lt;/h4&gt;&lt;ul id=&quot;results-overview&quot;&gt;&lt;li class=&quot;active&quot;&gt;&lt;span class=&quot;result-count result-count-errors&quot;&gt;11&lt;/span&gt;&lt;span class=&quot;result-type&quot;&gt;errors&lt;/span&gt;&lt;/a&gt;&lt;/li&gt;&lt;span class=&quot;result-count result-count-warnings&quot;&gt;0&lt;/span&gt;&lt;span class=&quot;result-type&quot;&gt;warnings&lt;/span&gt;&lt;/a&gt;&lt;/li&gt;&lt;span class=&quot;result-count result-count-notices&quot;&gt;0&lt;/span&gt;&lt;span class=&quot;result-type&quot;&gt;notices&lt;/span&gt;&lt;/a&gt;&lt;/li&gt;&lt;/ul&gt;&lt;a href=&quot;#&quot; class=&quot;button-link&quot; id=&quot;export&quot;&gt;Export as CSV&lt;/a&gt;&lt;table id=&quot;test-results-table&quot; class=&quot;tablesorter&quot;&gt;&lt;thead&gt;&lt;tr&gt;&lt;th&gt;Error Level&lt;/th&gt;&lt;th&gt;Principle&lt;/th&gt;&lt;th&gt;Message&lt;/th&gt;&lt;th&gt;Code snippet&lt;/th&gt;&lt;th&gt;Techniques&lt;/th&gt;&lt;th&gt;Screenshot&lt;/th&gt;&lt;/thead&gt;&lt;/tr&gt;&lt;tbody&gt;&lt;tr class=&quot;error&quot;&gt;&lt;td  class=&quot;number&quot;&gt;&lt;span class=&quot;flag&quot;&gt;Error&lt;/span&gt;&lt;/td&gt;&lt;td  class=&quot;messagePrinciple&quot;&gt;&lt;a href=&quot;http://www.w3.org/TR/WCAG20/#perceivable&quot; target=&quot;_blank&quot;&gt;Perceivable&lt;/a&gt;&lt;/td&gt;&lt;td class=&quot;messageText&quot;&gt; This element has insufficient contrast at this conformance level. Expected a contrast ratio of at least 4.5:1, but text in this element has a contrast ratio of 2.56:1. Recommendation: change text colour to #747400.&lt;/td&gt;&lt;td&gt;&amp;lt;span
class=&quot;nl&quot;&amp;gt;hello&amp;lt;/span&amp;g
;&lt;/td&gt;&lt;td class=&quot;messageTechniques&quot;&gt;&lt;ul&gt;&lt;li&gt;&lt;a href=&quot;http://www.w3.org/TR/WCAG20-TECHS/G18&quot; target=&quot;_blank&quot;&gt;G18&lt;/a&gt;&lt;/li&gt;&lt;/ul&gt;&lt;/td&gt;&lt;td class=&quot;screenshot&quot;&gt;&lt;a data-toggle=&quot;modal&quot; data-target=&quot;#screenshot&quot;  onClick=showImg(&quot;screenshots/14_32_37_2_21_2018/998.png&quot;)&gt;&lt;img src=&quot;screenshots/14_32_37_2_21_2018/998.png&quot; style=&quot;width:25px;height:25px&quot;&gt;&lt;/a&gt;&lt;/td&gt;&lt;/tr&gt;&lt;tr class=&quot;error&quot;&gt;&lt;td  class=&quot;number&quot;&gt;&lt;span class=&quot;flag&quot;&gt;Error&lt;/span&gt;&lt;/td&gt;&lt;td  class=&quot;messagePrinciple&quot;&gt;&lt;a href=&quot;http://www.w3.org/TR/WCAG20/#perceivable&quot; target=&quot;_blank&quot;&gt;Perceivable&lt;/a&gt;&lt;/td&gt;&lt;td class=&quot;messageText&quot;&gt; This element has insufficient contrast at this conformance level. Expected a contrast ratio of at least 4.5:1, but text in this element has a contrast ratio of 2.56:1. Recommendation: change text colour to #747400.&lt;/td&gt;&lt;td&gt;&amp;lt;span
class=&quot;nl&quot;&amp;gt;hello&amp;lt;/span&amp;g
;&lt;/td&gt;&lt;td class=&quot;messageTechniques&quot;&gt;&lt;ul&gt;&lt;li&gt;&lt;a href=&quot;http://www.w3.org/TR/WCAG20-TECHS/G18&quot; target=&quot;_blank&quot;&gt;G18&lt;/a&gt;&lt;/li&gt;&lt;/ul&gt;&lt;/td&gt;&lt;td class=&quot;screenshot&quot;&gt;&lt;a data-toggle=&quot;modal&quot; data-target=&quot;#screenshot&quot;  onClick=showImg(&quot;screenshots/14_32_37_2_21_2018/465.png&quot;)&gt;&lt;img src=&quot;screenshots/14_32_37_2_21_2018/465.png&quot; style=&quot;width:25px;height:25px&quot;&gt;&lt;/a&gt;&lt;/td&gt;&lt;/tr&gt;&lt;tr class=&quot;error&quot;&gt;&lt;td  class=&quot;number&quot;&gt;&lt;span class=&quot;flag&quot;&gt;Error&lt;/span&gt;&lt;/td&gt;&lt;td  class=&quot;messagePrinciple&quot;&gt;&lt;a href=&quot;http://www.w3.org/TR/WCAG20/#perceivable&quot; target=&quot;_blank&quot;&gt;Perceivable&lt;/a&gt;&lt;/td&gt;&lt;td class=&quot;messageText&quot;&gt; This element has insufficient contrast at this conformance level. Expected a contrast ratio of at least 4.5:1, but text in this element has a contrast ratio of 2.56:1. Recommendation: change text colour to #747400.&lt;/td&gt;&lt;td&gt;&amp;lt;span
class=&quot;nl&quot;&amp;gt;libfoo&amp;lt;/span&amp;
t;&lt;/td&gt;&lt;td class=&quot;messageTechniques&quot;&gt;&lt;ul&gt;&lt;li&gt;&lt;a href=&quot;http://www.w3.org/TR/WCAG20-TECHS/G18&quot; target=&quot;_blank&quot;&gt;G18&lt;/a&gt;&lt;/li&gt;&lt;/ul&gt;&lt;/td&gt;&lt;td class=&quot;screenshot&quot;&gt;&lt;a data-toggle=&quot;modal&quot; data-target=&quot;#screenshot&quot;  onClick=showImg(&quot;screenshots/14_32_37_2_21_2018/807.png&quot;)&gt;&lt;img src=&quot;screenshots/14_32_37_2_21_2018/807.png&quot; style=&quot;width:25px;height:25px&quot;&gt;&lt;/a&gt;&lt;/td&gt;&lt;/tr&gt;&lt;tr class=&quot;error&quot;&gt;&lt;td  class=&quot;number&quot;&gt;&lt;span class=&quot;flag&quot;&gt;Error&lt;/span&gt;&lt;/td&gt;&lt;td  class=&quot;messagePrinciple&quot;&gt;&lt;a href=&quot;http://www.w3.org/TR/WCAG20/#perceivable&quot; target=&quot;_blank&quot;&gt;Perceivable&lt;/a&gt;&lt;/td&gt;&lt;td class=&quot;messageText&quot;&gt; This element has insufficient contrast at this conformance level. Expected a contrast ratio of at least 4.5:1, but text in this element has a contrast ratio of 2.56:1. Recommendation: change text colour to #747400.&lt;/td&gt;&lt;td&gt;&amp;lt;span
class=&quot;nl&quot;&amp;gt;libbar&amp;lt;/span&amp;
t;&lt;/td&gt;&lt;td class=&quot;messageTechniques&quot;&gt;&lt;ul&gt;&lt;li&gt;&lt;a href=&quot;http://www.w3.org/TR/WCAG20-TECHS/G18&quot; target=&quot;_blank&quot;&gt;G18&lt;/a&gt;&lt;/li&gt;&lt;/ul&gt;&lt;/td&gt;&lt;td class=&quot;screenshot&quot;&gt;&lt;a data-toggle=&quot;modal&quot; data-target=&quot;#screenshot&quot;  onClick=showImg(&quot;screenshots/14_32_37_2_21_2018/988.png&quot;)&gt;&lt;img src=&quot;screenshots/14_32_37_2_21_2018/988.png&quot; style=&quot;width:25px;height:25px&quot;&gt;&lt;/a&gt;&lt;/td&gt;&lt;/tr&gt;&lt;tr class=&quot;error&quot;&gt;&lt;td  class=&quot;number&quot;&gt;&lt;span class=&quot;flag&quot;&gt;Error&lt;/span&gt;&lt;/td&gt;&lt;td  class=&quot;messagePrinciple&quot;&gt;&lt;a href=&quot;http://www.w3.org/TR/WCAG20/#perceivable&quot; target=&quot;_blank&quot;&gt;Perceivable&lt;/a&gt;&lt;/td&gt;&lt;td class=&quot;messageText&quot;&gt; This element has insufficient contrast at this conformance level. Expected a contrast ratio of at least 4.5:1, but text in this element has a contrast ratio of 4.17:1. Recommendation: change background to #fefefe.&lt;/td&gt;&lt;td&gt;&amp;lt;span class=&quot;c&quot;&amp;gt;#
Library archive(s) that will
be built. 
&amp;lt;/span&amp;gt;&lt;/td&gt;&lt;td class=&quot;messageTechniques&quot;&gt;&lt;ul&gt;&lt;li&gt;&lt;a href=&quot;http://www.w3.org/TR/WCAG20-TECHS/G18&quot; target=&quot;_blank&quot;&gt;G18&lt;/a&gt;&lt;/li&gt;&lt;/ul&gt;&lt;/td&gt;&lt;td class=&quot;screenshot&quot;&gt;&lt;a data-toggle=&quot;modal&quot; data-target=&quot;#screenshot&quot;  onClick=showImg(&quot;screenshots/14_32_37_2_21_2018/600.png&quot;)&gt;&lt;img src=&quot;screenshots/14_32_37_2_21_2018/600.png&quot; style=&quot;width:25px;height:25px&quot;&gt;&lt;/a&gt;&lt;/td&gt;&lt;/tr&gt;&lt;tr class=&quot;error&quot;&gt;&lt;td  class=&quot;number&quot;&gt;&lt;span class=&quot;flag&quot;&gt;Error&lt;/span&gt;&lt;/td&gt;&lt;td  class=&quot;messagePrinciple&quot;&gt;&lt;a href=&quot;http://www.w3.org/TR/WCAG20/#perceivable&quot; target=&quot;_blank&quot;&gt;Perceivable&lt;/a&gt;&lt;/td&gt;&lt;td class=&quot;messageText&quot;&gt; This element has insufficient contrast at this conformance level. Expected a contrast ratio of at least 4.5:1, but text in this element has a contrast ratio of 4.17:1. Recommendation: change background to #fefefe.&lt;/td&gt;&lt;td&gt;&amp;lt;span class=&quot;c&quot;&amp;gt;#
Source files required to
build the target. 
&amp;lt;/span&amp;gt;&lt;/td&gt;&lt;td class=&quot;messageTechniques&quot;&gt;&lt;ul&gt;&lt;li&gt;&lt;a href=&quot;http://www.w3.org/TR/WCAG20-TECHS/G18&quot; target=&quot;_blank&quot;&gt;G18&lt;/a&gt;&lt;/li&gt;&lt;/ul&gt;&lt;/td&gt;&lt;td class=&quot;screenshot&quot;&gt;&lt;a data-toggle=&quot;modal&quot; data-target=&quot;#screenshot&quot;  onClick=showImg(&quot;screenshots/14_32_37_2_21_2018/286.png&quot;)&gt;&lt;img src=&quot;screenshots/14_32_37_2_21_2018/286.png&quot; style=&quot;width:25px;height:25px&quot;&gt;&lt;/a&gt;&lt;/td&gt;&lt;/tr&gt;&lt;tr class=&quot;error&quot;&gt;&lt;td  class=&quot;number&quot;&gt;&lt;span class=&quot;flag&quot;&gt;Error&lt;/span&gt;&lt;/td&gt;&lt;td  class=&quot;messagePrinciple&quot;&gt;&lt;a href=&quot;http://www.w3.org/TR/WCAG20/#perceivable&quot; target=&quot;_blank&quot;&gt;Perceivable&lt;/a&gt;&lt;/td&gt;&lt;td class=&quot;messageText&quot;&gt; This element has insufficient contrast at this conformance level. Expected a contrast ratio of at least 4.5:1, but text in this element has a contrast ratio of 4.17:1. Recommendation: change background to #fefefe.&lt;/td&gt;&lt;td&gt;&amp;lt;span class=&quot;c&quot;&amp;gt;#
Header files/directories this
library provides.
...&amp;lt;/span&amp;gt;&lt;/td&gt;&lt;td class=&quot;messageTechniques&quot;&gt;&lt;ul&gt;&lt;li&gt;&lt;a href=&quot;http://www.w3.org/TR/WCAG20-TECHS/G18&quot; target=&quot;_blank&quot;&gt;G18&lt;/a&gt;&lt;/li&gt;&lt;/ul&gt;&lt;/td&gt;&lt;td class=&quot;screenshot&quot;&gt;&lt;a data-toggle=&quot;modal&quot; data-target=&quot;#screenshot&quot;  onClick=showImg(&quot;screenshots/14_32_37_2_21_2018/174.png&quot;)&gt;&lt;img src=&quot;screenshots/14_32_37_2_21_2018/174.png&quot; style=&quot;width:25px;height:25px&quot;&gt;&lt;/a&gt;&lt;/td&gt;&lt;/tr&gt;&lt;tr class=&quot;error&quot;&gt;&lt;td  class=&quot;number&quot;&gt;&lt;span class=&quot;flag&quot;&gt;Error&lt;/span&gt;&lt;/td&gt;&lt;td  class=&quot;messagePrinciple&quot;&gt;&lt;a href=&quot;http://www.w3.org/TR/WCAG20/#perceivable&quot; target=&quot;_blank&quot;&gt;Perceivable&lt;/a&gt;&lt;/td&gt;&lt;td class=&quot;messageText&quot;&gt; This element has insufficient contrast at this conformance level. Expected a contrast ratio of at least 4.5:1, but text in this element has a contrast ratio of 4.17:1. Recommendation: change background to #fefefe.&lt;/td&gt;&lt;td&gt;&amp;lt;span class=&quot;c&quot;&amp;gt;#
app-images is provided in
project.mk. 
&amp;lt;/span&amp;gt;&lt;/td&gt;&lt;td class=&quot;messageTechniques&quot;&gt;&lt;ul&gt;&lt;li&gt;&lt;a href=&quot;http://www.w3.org/TR/WCAG20-TECHS/G18&quot; target=&quot;_blank&quot;&gt;G18&lt;/a&gt;&lt;/li&gt;&lt;/ul&gt;&lt;/td&gt;&lt;td class=&quot;screenshot&quot;&gt;&lt;a data-toggle=&quot;modal&quot; data-target=&quot;#screenshot&quot;  onClick=showImg(&quot;screenshots/14_32_37_2_21_2018/630.png&quot;)&gt;&lt;img src=&quot;screenshots/14_32_37_2_21_2018/630.png&quot; style=&quot;width:25px;height:25px&quot;&gt;&lt;/a&gt;&lt;/td&gt;&lt;/tr&gt;&lt;tr class=&quot;error&quot;&gt;&lt;td  class=&quot;number&quot;&gt;&lt;span class=&quot;flag&quot;&gt;Error&lt;/span&gt;&lt;/td&gt;&lt;td  class=&quot;messagePrinciple&quot;&gt;&lt;a href=&quot;http://www.w3.org/TR/WCAG20/#perceivable&quot; target=&quot;_blank&quot;&gt;Perceivable&lt;/a&gt;&lt;/td&gt;&lt;td class=&quot;messageText&quot;&gt; This element has insufficient contrast at this conformance level. Expected a contrast ratio of at least 4.5:1, but text in this element has a contrast ratio of 2.56:1. Recommendation: change text colour to #747400.&lt;/td&gt;&lt;td&gt;&amp;lt;span
class=&quot;nl&quot;&amp;gt;all&amp;lt;/span&amp;gt;&lt;/td&gt;&lt;td class=&quot;messageTechniques&quot;&gt;&lt;ul&gt;&lt;li&gt;&lt;a href=&quot;http://www.w3.org/TR/WCAG20-TECHS/G18&quot; target=&quot;_blank&quot;&gt;G18&lt;/a&gt;&lt;/li&gt;&lt;/ul&gt;&lt;/td&gt;&lt;td class=&quot;screenshot&quot;&gt;&lt;a data-toggle=&quot;modal&quot; data-target=&quot;#screenshot&quot;  onClick=showImg(&quot;screenshots/14_32_37_2_21_2018/26.png&quot;)&gt;&lt;img src=&quot;screenshots/14_32_37_2_21_2018/26.png&quot; style=&quot;width:25px;height:25px&quot;&gt;&lt;/a&gt;&lt;/td&gt;&lt;/tr&gt;&lt;tr class=&quot;error&quot;&gt;&lt;td  class=&quot;number&quot;&gt;&lt;span class=&quot;flag&quot;&gt;Error&lt;/span&gt;&lt;/td&gt;&lt;td  class=&quot;messagePrinciple&quot;&gt;&lt;a href=&quot;http://www.w3.org/TR/WCAG20/#perceivable&quot; target=&quot;_blank&quot;&gt;Perceivable&lt;/a&gt;&lt;/td&gt;&lt;td class=&quot;messageText&quot;&gt; This element has insufficient contrast at this conformance level. Expected a contrast ratio of at least 4.5:1, but text in this element has a contrast ratio of 4.17:1. Recommendation: change background to #fefefe.&lt;/td&gt;&lt;td&gt;&amp;lt;span class=&quot;c&quot;&amp;gt;# Extra
project-specific targets.
simulate-kzm: 
&amp;lt;/span&amp;gt;&lt;/td&gt;&lt;td class=&quot;messageTechniques&quot;&gt;&lt;ul&gt;&lt;li&gt;&lt;a href=&quot;http://www.w3.org/TR/WCAG20-TECHS/G18&quot; target=&quot;_blank&quot;&gt;G18&lt;/a&gt;&lt;/li&gt;&lt;/ul&gt;&lt;/td&gt;&lt;td class=&quot;screenshot&quot;&gt;&lt;a data-toggle=&quot;modal&quot; data-target=&quot;#screenshot&quot;  onClick=showImg(&quot;screenshots/14_32_37_2_21_2018/150.png&quot;)&gt;&lt;img src=&quot;screenshots/14_32_37_2_21_2018/150.png&quot; style=&quot;width:25px;height:25px&quot;&gt;&lt;/a&gt;&lt;/td&gt;&lt;/tr&gt;&lt;tr class=&quot;error&quot;&gt;&lt;td  class=&quot;number&quot;&gt;&lt;span class=&quot;flag&quot;&gt;Error&lt;/span&gt;&lt;/td&gt;&lt;td  class=&quot;messagePrinciple&quot;&gt;&lt;a href=&quot;http://www.w3.org/TR/WCAG20/#perceivable&quot; target=&quot;_blank&quot;&gt;Perceivable&lt;/a&gt;&lt;/td&gt;&lt;td class=&quot;messageText&quot;&gt; This element has insufficient contrast at this conformance level. Expected a contrast ratio of at least 4.5:1, but text in this element has a contrast ratio of 2.56:1. Recommendation: change text colour to #747400.&lt;/td&gt;&lt;td&gt;&amp;lt;span
class=&quot;nl&quot;&amp;gt;myapp&amp;lt;/span&amp;g
;&lt;/td&gt;&lt;td class=&quot;messageTechniques&quot;&gt;&lt;ul&gt;&lt;li&gt;&lt;a href=&quot;http://www.w3.org/TR/WCAG20-TECHS/G18&quot; target=&quot;_blank&quot;&gt;G18&lt;/a&gt;&lt;/li&gt;&lt;/ul&gt;&lt;/td&gt;&lt;td class=&quot;screenshot&quot;&gt;&lt;a data-toggle=&quot;modal&quot; data-target=&quot;#screenshot&quot;  onClick=showImg(&quot;screenshots/14_32_37_2_21_2018/438.png&quot;)&gt;&lt;img src=&quot;screenshots/14_32_37_2_21_2018/438.png&quot; style=&quot;width:25px;height:25px&quot;&gt;&lt;/a&gt;&lt;/td&gt;&lt;/tr&gt;&lt;/tbody&gt;&lt;/table&gt;&lt;/div&gt;
</system-out>
		</testcase>
		<testcase classname="some.class.name" name="FrequentlyAskedQuestions.html" time="1.000000">
			<failure message="Detected 1 error(s)." type="failure"/>
			<system-out>&lt;div id=&quot;resultsWrapper&quot; class=&quot;resultsWrapperActive&quot;&gt;&lt;h3&gt;Frequently Asked Questions on seL4 | seL4 docs&lt;/h3&gt;&lt;h4&gt;http://localhost:4000/FrequentlyAskedQuestions.html&lt;/h4&gt;&lt;ul id=&quot;results-overview&quot;&gt;&lt;li class=&quot;active&quot;&gt;&lt;span class=&quot;result-count result-count-errors&quot;&gt;1&lt;/span&gt;&lt;span class=&quot;result-type&quot;&gt;errors&lt;/span&gt;&lt;/a&gt;&lt;/li&gt;&lt;span class=&quot;result-count result-count-warnings&quot;&gt;0&lt;/span&gt;&lt;span class=&quot;result-type&quot;&gt;warnings&lt;/span&gt;&lt;/a&gt;&lt;/li&gt;&lt;span class=&quot;result-count result-count-notices&quot;&gt;0&lt;/span&gt;&lt;span class=&quot;result-type&quot;&gt;notices&lt;/span&gt;&lt;/a&gt;&lt;/li&gt;&lt;/ul&gt;&lt;a href=&quot;#&quot; class=&quot;button-link&quot; id=&quot;export&quot;&gt;Export as CSV&lt;/a&gt;&lt;table id=&quot;test-results-table&quot; class=&quot;tablesorter&quot;&gt;&lt;thead&gt;&lt;tr&gt;&lt;th&gt;Error Level&lt;/th&gt;&lt;th&gt;Principle&lt;/th&gt;&lt;th&gt;Message&lt;/th&gt;&lt;th&gt;Code snippet&lt;/th&gt;&lt;th&gt;Techniques&lt;/th&gt;&lt;th&gt;Screenshot&lt;/th&gt;&lt;/thead&gt;&lt;/tr&gt;&lt;tbody&gt;&lt;tr class=&quot;error&quot;&gt;&lt;td  class=&quot;number&quot;&gt;&lt;span class=&quot;flag&quot;&gt;Error&lt;/span&gt;&lt;/td&gt;&lt;td  class=&quot;messagePrinciple&quot;&gt;&lt;a href=&quot;http://www.w3.org/TR/WCAG20/#perceivable&quot; target=&quot;_blank&quot;&gt;Perceivable&lt;/a&gt;&lt;/td&gt;&lt;td class=&quot;messageText&quot;&gt; Img element missing an alt attribute. Use the alt attribute to specify a short text alternative.&lt;/td&gt;&lt;td&gt;&amp;lt;img style=&quot;500&quot;
src=&quot;http://sel4.systems/image
/familytree.png&quot;&amp;gt;&lt;/td&gt;&lt;td class=&quot;messageTechniques&quot;&gt;&lt;ul&gt;&lt;li&gt;&lt;a href=&quot;http://www.w3.org/TR/WCAG20-TECHS/H37&quot; target=&quot;_blank&quot;&gt;H37&lt;/a&gt;&lt;/li&gt;&lt;/ul&gt;&lt;/td&gt;&lt;td class=&quot;screenshot&quot;&gt;&lt;a data-toggle=&quot;modal&quot; data-target=&quot;#screenshot&quot;  onClick=showImg(&quot;screenshots/14_32_37_2_21_2018/409.png&quot;)&gt;&lt;img src=&quot;screenshots/14_32_37_2_21_2018/409.png&quot; style=&quot;width:25px;height:25px&quot;&gt;&lt;/a&gt;&lt;/td&gt;&lt;/tr&gt;&lt;/tbody&gt;&lt;/table&gt;&lt;/div&gt;
</system-out>
		</testcase>
		<testcase classname="some.class.name" name="sitemap.html" time="1.000000">
			<system-out>&lt;div id=&quot;resultsWrapper&quot; class=&quot;resultsWrapperActive&quot;&gt;&lt;h3&gt;Sitemap | seL4 docs&lt;/h3&gt;&lt;h4&gt;http://localhost:4000/sitemap.html&lt;/h4&gt;&lt;ul id=&quot;results-overview&quot;&gt;&lt;li class=&quot;active&quot;&gt;&lt;span class=&quot;result-count result-count-errors&quot;&gt;0&lt;/span&gt;&lt;span class=&quot;result-type&quot;&gt;errors&lt;/span&gt;&lt;/a&gt;&lt;/li&gt;&lt;span class=&quot;result-count result-count-warnings&quot;&gt;0&lt;/span&gt;&lt;span class=&quot;result-type&quot;&gt;warnings&lt;/span&gt;&lt;/a&gt;&lt;/li&gt;&lt;span class=&quot;result-count result-count-notices&quot;&gt;0&lt;/span&gt;&lt;span class=&quot;result-type&quot;&gt;notices&lt;/span&gt;&lt;/a&gt;&lt;/li&gt;&lt;/ul&gt;&lt;a href=&quot;#&quot; class=&quot;button-link&quot; id=&quot;export&quot;&gt;Export as CSV&lt;/a&gt;&lt;table id=&quot;test-results-table&quot; class=&quot;tablesorter&quot;&gt;&lt;thead&gt;&lt;tr&gt;&lt;th&gt;Error Level&lt;/th&gt;&lt;th&gt;Principle&lt;/th&gt;&lt;th&gt;Message&lt;/th&gt;&lt;th&gt;Code snippet&lt;/th&gt;&lt;th&gt;Techniques&lt;/th&gt;&lt;th&gt;Screenshot&lt;/th&gt;&lt;/thead&gt;&lt;/tr&gt;&lt;tbody&gt;&lt;tr&gt;&lt;td colspan=&quot;6&quot;&gt; ----  No Errors ---  &lt;/td&gt;&lt;/tr&gt;&lt;/tbody&gt;&lt;/table&gt;&lt;/div&gt;
</system-out>
		</testcase>
		<testcase classname="some.class.name" name="CAmkESNext.html" time="1.000000">
			<failure message="Detected 4 error(s)." type="failure"/>
			<system-out>&lt;div id=&quot;resultsWrapper&quot; class=&quot;resultsWrapperActive&quot;&gt;&lt;h3&gt;CAmkES Next | seL4 docs&lt;/h3&gt;&lt;h4&gt;http://localhost:4000/CAmkESNext.html&lt;/h4&gt;&lt;ul id=&quot;results-overview&quot;&gt;&lt;li class=&quot;active&quot;&gt;&lt;span class=&quot;result-count result-count-errors&quot;&gt;4&lt;/span&gt;&lt;span class=&quot;result-type&quot;&gt;errors&lt;/span&gt;&lt;/a&gt;&lt;/li&gt;&lt;span class=&quot;result-count result-count-warnings&quot;&gt;0&lt;/span&gt;&lt;span class=&quot;result-type&quot;&gt;warnings&lt;/span&gt;&lt;/a&gt;&lt;/li&gt;&lt;span class=&quot;result-count result-count-notices&quot;&gt;0&lt;/span&gt;&lt;span class=&quot;result-type&quot;&gt;notices&lt;/span&gt;&lt;/a&gt;&lt;/li&gt;&lt;/ul&gt;&lt;a href=&quot;#&quot; class=&quot;button-link&quot; id=&quot;export&quot;&gt;Export as CSV&lt;/a&gt;&lt;table id=&quot;test-results-table&quot; class=&quot;tablesorter&quot;&gt;&lt;thead&gt;&lt;tr&gt;&lt;th&gt;Error Level&lt;/th&gt;&lt;th&gt;Principle&lt;/th&gt;&lt;th&gt;Message&lt;/th&gt;&lt;th&gt;Code snippet&lt;/th&gt;&lt;th&gt;Techniques&lt;/th&gt;&lt;th&gt;Screenshot&lt;/th&gt;&lt;/thead&gt;&lt;/tr&gt;&lt;tbody&gt;&lt;tr class=&quot;error&quot;&gt;&lt;td  class=&quot;number&quot;&gt;&lt;span class=&quot;flag&quot;&gt;Error&lt;/span&gt;&lt;/td&gt;&lt;td  class=&quot;messagePrinciple&quot;&gt;&lt;a href=&quot;http://www.w3.org/TR/WCAG20/#perceivable&quot; target=&quot;_blank&quot;&gt;Perceivable&lt;/a&gt;&lt;/td&gt;&lt;td class=&quot;messageText&quot;&gt; This element has insufficient contrast at this conformance level. Expected a contrast ratio of at least 4.5:1, but text in this element has a contrast ratio of 4.17:1. Recommendation: change background to #fefefe.&lt;/td&gt;&lt;td&gt;&amp;lt;span class=&quot;c&quot;&amp;gt;#
Download CAmkES, seL4, user
libraries and
exampl...&amp;lt;/span&amp;gt;&lt;/td&gt;&lt;td class=&quot;messageTechniques&quot;&gt;&lt;ul&gt;&lt;li&gt;&lt;a href=&quot;http://www.w3.org/TR/WCAG20-TECHS/G18&quot; target=&quot;_blank&quot;&gt;G18&lt;/a&gt;&lt;/li&gt;&lt;/ul&gt;&lt;/td&gt;&lt;td class=&quot;screenshot&quot;&gt;&lt;a data-toggle=&quot;modal&quot; data-target=&quot;#screenshot&quot;  onClick=showImg(&quot;screenshots/14_32_37_2_21_2018/459.png&quot;)&gt;&lt;img src=&quot;screenshots/14_32_37_2_21_2018/459.png&quot; style=&quot;width:25px;height:25px&quot;&gt;&lt;/a&gt;&lt;/td&gt;&lt;/tr&gt;&lt;tr class=&quot;error&quot;&gt;&lt;td  class=&quot;number&quot;&gt;&lt;span class=&quot;flag&quot;&gt;Error&lt;/span&gt;&lt;/td&gt;&lt;td  class=&quot;messagePrinciple&quot;&gt;&lt;a href=&quot;http://www.w3.org/TR/WCAG20/#perceivable&quot; target=&quot;_blank&quot;&gt;Perceivable&lt;/a&gt;&lt;/td&gt;&lt;td class=&quot;messageText&quot;&gt; This element has insufficient contrast at this conformance level. Expected a contrast ratio of at least 4.5:1, but text in this element has a contrast ratio of 4.17:1. Recommendation: change background to #fefefe.&lt;/td&gt;&lt;td&gt;&amp;lt;span class=&quot;c&quot;&amp;gt;#
Select an app to build (build
configs for
exampl...&amp;lt;/span&amp;gt;&lt;/td&gt;&lt;td class=&quot;messageTechniques&quot;&gt;&lt;ul&gt;&lt;li&gt;&lt;a href=&quot;http://www.w3.org/TR/WCAG20-TECHS/G18&quot; target=&quot;_blank&quot;&gt;G18&lt;/a&gt;&lt;/li&gt;&lt;/ul&gt;&lt;/td&gt;&lt;td class=&quot;screenshot&quot;&gt;&lt;a data-toggle=&quot;modal&quot; data-target=&quot;#screenshot&quot;  onClick=showImg(&quot;screenshots/14_32_37_2_21_2018/353.png&quot;)&gt;&lt;img src=&quot;screenshots/14_32_37_2_21_2018/353.png&quot; style=&quot;width:25px;height:25px&quot;&gt;&lt;/a&gt;&lt;/td&gt;&lt;/tr&gt;&lt;tr class=&quot;error&quot;&gt;&lt;td  class=&quot;number&quot;&gt;&lt;span class=&quot;flag&quot;&gt;Error&lt;/span&gt;&lt;/td&gt;&lt;td  class=&quot;messagePrinciple&quot;&gt;&lt;a href=&quot;http://www.w3.org/TR/WCAG20/#perceivable&quot; target=&quot;_blank&quot;&gt;Perceivable&lt;/a&gt;&lt;/td&gt;&lt;td class=&quot;messageText&quot;&gt; This element has insufficient contrast at this conformance level. Expected a contrast ratio of at least 4.5:1, but text in this element has a contrast ratio of 4.17:1. Recommendation: change background to #fefefe.&lt;/td&gt;&lt;td&gt;&amp;lt;span class=&quot;c&quot;&amp;gt;#
Compile it&amp;lt;/span&amp;gt;&lt;/td&gt;&lt;td class=&quot;messageTechniques&quot;&gt;&lt;ul&gt;&lt;li&gt;&lt;a href=&quot;http://www.w3.org/TR/WCAG20-TECHS/G18&quot; target=&quot;_blank&quot;&gt;G18&lt;/a&gt;&lt;/li&gt;&lt;/ul&gt;&lt;/td&gt;&lt;td class=&quot;screenshot&quot;&gt;&lt;a data-toggle=&quot;modal&quot; data-target=&quot;#screenshot&quot;  onClick=showImg(&quot;screenshots/14_32_37_2_21_2018/771.png&quot;)&gt;&lt;img src=&quot;screenshots/14_32_37_2_21_2018/771.png&quot; style=&quot;width:25px;height:25px&quot;&gt;&lt;/a&gt;&lt;/td&gt;&lt;/tr&gt;&lt;tr class=&quot;error&quot;&gt;&lt;td  class=&quot;number&quot;&gt;&lt;span class=&quot;flag&quot;&gt;Error&lt;/span&gt;&lt;/td&gt;&lt;td  class=&quot;messagePrinciple&quot;&gt;&lt;a href=&quot;http://www.w3.org/TR/WCAG20/#perceivable&quot; target=&quot;_blank&quot;&gt;Perceivable&lt;/a&gt;&lt;/td&gt;&lt;td class=&quot;messageText&quot;&gt; This element has insufficient contrast at this conformance level. Expected a contrast ratio of at least 4.5:1, but text in this element has a contrast ratio of 4.17:1. Recommendation: change background to #fefefe.&lt;/td&gt;&lt;td&gt;&amp;lt;span class=&quot;c&quot;&amp;gt;# Run
the app in qemu&amp;lt;/span&amp;gt;&lt;/td&gt;&lt;td class=&quot;messageTechniques&quot;&gt;&lt;ul&gt;&lt;li&gt;&lt;a href=&quot;http://www.w3.org/TR/WCAG20-TECHS/G18&quot; target=&quot;_blank&quot;&gt;G18&lt;/a&gt;&lt;/li&gt;&lt;/ul&gt;&lt;/td&gt;&lt;td class=&quot;screenshot&quot;&gt;&lt;a data-toggle=&quot;modal&quot; data-target=&quot;#screenshot&quot;  onClick=showImg(&quot;screenshots/14_32_37_2_21_2018/893.png&quot;)&gt;&lt;img src=&quot;screenshots/14_32_37_2_21_2018/893.png&quot; style=&quot;width:25px;height:25px&quot;&gt;&lt;/a&gt;&lt;/td&gt;&lt;/tr&gt;&lt;/tbody&gt;&lt;/table&gt;&lt;/div&gt;
</system-out>
		</testcase>
		<testcase classname="some.class.name" name="ReleaseProcess.html" time="1.000000">
			<system-out>&lt;div id=&quot;resultsWrapper&quot; class=&quot;resultsWrapperActive&quot;&gt;&lt;h3&gt;seL4 Release Process | seL4 docs&lt;/h3&gt;&lt;h4&gt;http://localhost:4000/ReleaseProcess.html&lt;/h4&gt;&lt;ul id=&quot;results-overview&quot;&gt;&lt;li class=&quot;active&quot;&gt;&lt;span class=&quot;result-count result-count-errors&quot;&gt;0&lt;/span&gt;&lt;span class=&quot;result-type&quot;&gt;errors&lt;/span&gt;&lt;/a&gt;&lt;/li&gt;&lt;span class=&quot;result-count result-count-warnings&quot;&gt;0&lt;/span&gt;&lt;span class=&quot;result-type&quot;&gt;warnings&lt;/span&gt;&lt;/a&gt;&lt;/li&gt;&lt;span class=&quot;result-count result-count-notices&quot;&gt;0&lt;/span&gt;&lt;span class=&quot;result-type&quot;&gt;notices&lt;/span&gt;&lt;/a&gt;&lt;/li&gt;&lt;/ul&gt;&lt;a href=&quot;#&quot; class=&quot;button-link&quot; id=&quot;export&quot;&gt;Export as CSV&lt;/a&gt;&lt;table id=&quot;test-results-table&quot; class=&quot;tablesorter&quot;&gt;&lt;thead&gt;&lt;tr&gt;&lt;th&gt;Error Level&lt;/th&gt;&lt;th&gt;Principle&lt;/th&gt;&lt;th&gt;Message&lt;/th&gt;&lt;th&gt;Code snippet&lt;/th&gt;&lt;th&gt;Techniques&lt;/th&gt;&lt;th&gt;Screenshot&lt;/th&gt;&lt;/thead&gt;&lt;/tr&gt;&lt;tbody&gt;&lt;tr&gt;&lt;td colspan=&quot;6&quot;&gt; ----  No Errors ---  &lt;/td&gt;&lt;/tr&gt;&lt;/tbody&gt;&lt;/table&gt;&lt;/div&gt;
</system-out>
		</testcase>
		<testcase classname="some.class.name" name="seL4SharedDataWithCaps.html" time="1.000000">
			<system-out>&lt;div id=&quot;resultsWrapper&quot; class=&quot;resultsWrapperActive&quot;&gt;&lt;h3&gt;seL4SharedDataWithCaps | seL4 docs&lt;/h3&gt;&lt;h4&gt;http://localhost:4000/seL4SharedDataWithCaps.html&lt;/h4&gt;&lt;ul id=&quot;results-overview&quot;&gt;&lt;li class=&quot;active&quot;&gt;&lt;span class=&quot;result-count result-count-errors&quot;&gt;0&lt;/span&gt;&lt;span class=&quot;result-type&quot;&gt;errors&lt;/span&gt;&lt;/a&gt;&lt;/li&gt;&lt;span class=&quot;result-count result-count-warnings&quot;&gt;0&lt;/span&gt;&lt;span class=&quot;result-type&quot;&gt;warnings&lt;/span&gt;&lt;/a&gt;&lt;/li&gt;&lt;span class=&quot;result-count result-count-notices&quot;&gt;0&lt;/span&gt;&lt;span class=&quot;result-type&quot;&gt;notices&lt;/span&gt;&lt;/a&gt;&lt;/li&gt;&lt;/ul&gt;&lt;a href=&quot;#&quot; class=&quot;button-link&quot; id=&quot;export&quot;&gt;Export as CSV&lt;/a&gt;&lt;table id=&quot;test-results-table&quot; class=&quot;tablesorter&quot;&gt;&lt;thead&gt;&lt;tr&gt;&lt;th&gt;Error Level&lt;/th&gt;&lt;th&gt;Principle&lt;/th&gt;&lt;th&gt;Message&lt;/th&gt;&lt;th&gt;Code snippet&lt;/th&gt;&lt;th&gt;Techniques&lt;/th&gt;&lt;th&gt;Screenshot&lt;/th&gt;&lt;/thead&gt;&lt;/tr&gt;&lt;tbody&gt;&lt;tr&gt;&lt;td colspan=&quot;6&quot;&gt; ----  No Errors ---  &lt;/td&gt;&lt;/tr&gt;&lt;/tbody&gt;&lt;/table&gt;&lt;/div&gt;
</system-out>
		</testcase>
		<testcase classname="some.class.name" name="Getting_started.html" time="1.000000">
			<system-out>&lt;div id=&quot;resultsWrapper&quot; class=&quot;resultsWrapperActive&quot;&gt;&lt;h3&gt;Getting Started | seL4 docs&lt;/h3&gt;&lt;h4&gt;http://localhost:4000/Getting_started.html&lt;/h4&gt;&lt;ul id=&quot;results-overview&quot;&gt;&lt;li class=&quot;active&quot;&gt;&lt;span class=&quot;result-count result-count-errors&quot;&gt;0&lt;/span&gt;&lt;span class=&quot;result-type&quot;&gt;errors&lt;/span&gt;&lt;/a&gt;&lt;/li&gt;&lt;span class=&quot;result-count result-count-warnings&quot;&gt;0&lt;/span&gt;&lt;span class=&quot;result-type&quot;&gt;warnings&lt;/span&gt;&lt;/a&gt;&lt;/li&gt;&lt;span class=&quot;result-count result-count-notices&quot;&gt;0&lt;/span&gt;&lt;span class=&quot;result-type&quot;&gt;notices&lt;/span&gt;&lt;/a&gt;&lt;/li&gt;&lt;/ul&gt;&lt;a href=&quot;#&quot; class=&quot;button-link&quot; id=&quot;export&quot;&gt;Export as CSV&lt;/a&gt;&lt;table id=&quot;test-results-table&quot; class=&quot;tablesorter&quot;&gt;&lt;thead&gt;&lt;tr&gt;&lt;th&gt;Error Level&lt;/th&gt;&lt;th&gt;Principle&lt;/th&gt;&lt;th&gt;Message&lt;/th&gt;&lt;th&gt;Code snippet&lt;/th&gt;&lt;th&gt;Techniques&lt;/th&gt;&lt;th&gt;Screenshot&lt;/th&gt;&lt;/thead&gt;&lt;/tr&gt;&lt;tbody&gt;&lt;tr&gt;&lt;td colspan=&quot;6&quot;&gt; ----  No Errors ---  &lt;/td&gt;&lt;/tr&gt;&lt;/tbody&gt;&lt;/table&gt;&lt;/div&gt;
</system-out>
		</testcase>
		<testcase classname="some.class.name" name="404.html" time="1.000000">
			<system-out>&lt;div id=&quot;resultsWrapper&quot; class=&quot;resultsWrapperActive&quot;&gt;&lt;h3&gt;| seL4 docs&lt;/h3&gt;&lt;h4&gt;http://localhost:4000/404.html&lt;/h4&gt;&lt;ul id=&quot;results-overview&quot;&gt;&lt;li class=&quot;active&quot;&gt;&lt;span class=&quot;result-count result-count-errors&quot;&gt;0&lt;/span&gt;&lt;span class=&quot;result-type&quot;&gt;errors&lt;/span&gt;&lt;/a&gt;&lt;/li&gt;&lt;span class=&quot;result-count result-count-warnings&quot;&gt;0&lt;/span&gt;&lt;span class=&quot;result-type&quot;&gt;warnings&lt;/span&gt;&lt;/a&gt;&lt;/li&gt;&lt;span class=&quot;result-count result-count-notices&quot;&gt;0&lt;/span&gt;&lt;span class=&quot;result-type&quot;&gt;notices&lt;/span&gt;&lt;/a&gt;&lt;/li&gt;&lt;/ul&gt;&lt;a href=&quot;#&quot; class=&quot;button-link&quot; id=&quot;export&quot;&gt;Export as CSV&lt;/a&gt;&lt;table id=&quot;test-results-table&quot; class=&quot;tablesorter&quot;&gt;&lt;thead&gt;&lt;tr&gt;&lt;th&gt;Error Level&lt;/th&gt;&lt;th&gt;Principle&lt;/th&gt;&lt;th&gt;Message&lt;/th&gt;&lt;th&gt;Code snippet&lt;/th&gt;&lt;th&gt;Techniques&lt;/th&gt;&lt;th&gt;Screenshot&lt;/th&gt;&lt;/thead&gt;&lt;/tr&gt;&lt;tbody&gt;&lt;tr&gt;&lt;td colspan=&quot;6&quot;&gt; ----  No Errors ---  &lt;/td&gt;&lt;/tr&gt;&lt;/tbody&gt;&lt;/table&gt;&lt;/div&gt;
</system-out>
		</testcase>
		<testcase classname="some.class.name" name="Userland_Components_and_Drivers.html" time="1.000000">
			<system-out>&lt;div id=&quot;resultsWrapper&quot; class=&quot;resultsWrapperActive&quot;&gt;&lt;h3&gt;Userland Components and Drivers | seL4 docs&lt;/h3&gt;&lt;h4&gt;http://localhost:4000/Userland_Components_and_Drivers.html&lt;/h4&gt;&lt;ul id=&quot;results-overview&quot;&gt;&lt;li class=&quot;active&quot;&gt;&lt;span class=&quot;result-count result-count-errors&quot;&gt;0&lt;/span&gt;&lt;span class=&quot;result-type&quot;&gt;errors&lt;/span&gt;&lt;/a&gt;&lt;/li&gt;&lt;span class=&quot;result-count result-count-warnings&quot;&gt;0&lt;/span&gt;&lt;span class=&quot;result-type&quot;&gt;warnings&lt;/span&gt;&lt;/a&gt;&lt;/li&gt;&lt;span class=&quot;result-count result-count-notices&quot;&gt;0&lt;/span&gt;&lt;span class=&quot;result-type&quot;&gt;notices&lt;/span&gt;&lt;/a&gt;&lt;/li&gt;&lt;/ul&gt;&lt;a href=&quot;#&quot; class=&quot;button-link&quot; id=&quot;export&quot;&gt;Export as CSV&lt;/a&gt;&lt;table id=&quot;test-results-table&quot; class=&quot;tablesorter&quot;&gt;&lt;thead&gt;&lt;tr&gt;&lt;th&gt;Error Level&lt;/th&gt;&lt;th&gt;Principle&lt;/th&gt;&lt;th&gt;Message&lt;/th&gt;&lt;th&gt;Code snippet&lt;/th&gt;&lt;th&gt;Techniques&lt;/th&gt;&lt;th&gt;Screenshot&lt;/th&gt;&lt;/thead&gt;&lt;/tr&gt;&lt;tbody&gt;&lt;tr&gt;&lt;td colspan=&quot;6&quot;&gt; ----  No Errors ---  &lt;/td&gt;&lt;/tr&gt;&lt;/tbody&gt;&lt;/table&gt;&lt;/div&gt;
</system-out>
		</testcase>
		<testcase classname="some.class.name" name="CapDL.html" time="1.000000">
			<system-out>&lt;div id=&quot;resultsWrapper&quot; class=&quot;resultsWrapperActive&quot;&gt;&lt;h3&gt;CapDL | seL4 docs&lt;/h3&gt;&lt;h4&gt;http://localhost:4000/CapDL.html&lt;/h4&gt;&lt;ul id=&quot;results-overview&quot;&gt;&lt;li class=&quot;active&quot;&gt;&lt;span class=&quot;result-count result-count-errors&quot;&gt;0&lt;/span&gt;&lt;span class=&quot;result-type&quot;&gt;errors&lt;/span&gt;&lt;/a&gt;&lt;/li&gt;&lt;span class=&quot;result-count result-count-warnings&quot;&gt;0&lt;/span&gt;&lt;span class=&quot;result-type&quot;&gt;warnings&lt;/span&gt;&lt;/a&gt;&lt;/li&gt;&lt;span class=&quot;result-count result-count-notices&quot;&gt;0&lt;/span&gt;&lt;span class=&quot;result-type&quot;&gt;notices&lt;/span&gt;&lt;/a&gt;&lt;/li&gt;&lt;/ul&gt;&lt;a href=&quot;#&quot; class=&quot;button-link&quot; id=&quot;export&quot;&gt;Export as CSV&lt;/a&gt;&lt;table id=&quot;test-results-table&quot; class=&quot;tablesorter&quot;&gt;&lt;thead&gt;&lt;tr&gt;&lt;th&gt;Error Level&lt;/th&gt;&lt;th&gt;Principle&lt;/th&gt;&lt;th&gt;Message&lt;/th&gt;&lt;th&gt;Code snippet&lt;/th&gt;&lt;th&gt;Techniques&lt;/th&gt;&lt;th&gt;Screenshot&lt;/th&gt;&lt;/thead&gt;&lt;/tr&gt;&lt;tbody&gt;&lt;tr&gt;&lt;td colspan=&quot;6&quot;&gt; ----  No Errors ---  &lt;/td&gt;&lt;/tr&gt;&lt;/tbody&gt;&lt;/table&gt;&lt;/div&gt;
</system-out>
		</testcase>
		<testcase classname="some.class.name" name="camkes_release/CAmkES_3.1.0.html" time="1.000000">
			<system-out>&lt;div id=&quot;resultsWrapper&quot; class=&quot;resultsWrapperActive&quot;&gt;&lt;h3&gt;camkes-3.1.0 | seL4 docs&lt;/h3&gt;&lt;h4&gt;http://localhost:4000/camkes_release/CAmkES_3.1.0.html&lt;/h4&gt;&lt;ul id=&quot;results-overview&quot;&gt;&lt;li class=&quot;active&quot;&gt;&lt;span class=&quot;result-count result-count-errors&quot;&gt;0&lt;/span&gt;&lt;span class=&quot;result-type&quot;&gt;errors&lt;/span&gt;&lt;/a&gt;&lt;/li&gt;&lt;span class=&quot;result-count result-count-warnings&quot;&gt;0&lt;/span&gt;&lt;span class=&quot;result-type&quot;&gt;warnings&lt;/span&gt;&lt;/a&gt;&lt;/li&gt;&lt;span class=&quot;result-count result-count-notices&quot;&gt;0&lt;/span&gt;&lt;span class=&quot;result-type&quot;&gt;notices&lt;/span&gt;&lt;/a&gt;&lt;/li&gt;&lt;/ul&gt;&lt;a href=&quot;#&quot; class=&quot;button-link&quot; id=&quot;export&quot;&gt;Export as CSV&lt;/a&gt;&lt;table id=&quot;test-results-table&quot; class=&quot;tablesorter&quot;&gt;&lt;thead&gt;&lt;tr&gt;&lt;th&gt;Error Level&lt;/th&gt;&lt;th&gt;Principle&lt;/th&gt;&lt;th&gt;Message&lt;/th&gt;&lt;th&gt;Code snippet&lt;/th&gt;&lt;th&gt;Techniques&lt;/th&gt;&lt;th&gt;Screenshot&lt;/th&gt;&lt;/thead&gt;&lt;/tr&gt;&lt;tbody&gt;&lt;tr&gt;&lt;td colspan=&quot;6&quot;&gt; ----  No Errors ---  &lt;/td&gt;&lt;/tr&gt;&lt;/tbody&gt;&lt;/table&gt;&lt;/div&gt;
</system-out>
		</testcase>
		<testcase classname="some.class.name" name="camkes_release/CAmkES_2.3.1.html" time="1.000000">
			<system-out>&lt;div id=&quot;resultsWrapper&quot; class=&quot;resultsWrapperActive&quot;&gt;&lt;h3&gt;camkes-2.3.1 | seL4 docs&lt;/h3&gt;&lt;h4&gt;http://localhost:4000/camkes_release/CAmkES_2.3.1.html&lt;/h4&gt;&lt;ul id=&quot;results-overview&quot;&gt;&lt;li class=&quot;active&quot;&gt;&lt;span class=&quot;result-count result-count-errors&quot;&gt;0&lt;/span&gt;&lt;span class=&quot;result-type&quot;&gt;errors&lt;/span&gt;&lt;/a&gt;&lt;/li&gt;&lt;span class=&quot;result-count result-count-warnings&quot;&gt;0&lt;/span&gt;&lt;span class=&quot;result-type&quot;&gt;warnings&lt;/span&gt;&lt;/a&gt;&lt;/li&gt;&lt;span class=&quot;result-count result-count-notices&quot;&gt;0&lt;/span&gt;&lt;span class=&quot;result-type&quot;&gt;notices&lt;/span&gt;&lt;/a&gt;&lt;/li&gt;&lt;/ul&gt;&lt;a href=&quot;#&quot; class=&quot;button-link&quot; id=&quot;export&quot;&gt;Export as CSV&lt;/a&gt;&lt;table id=&quot;test-results-table&quot; class=&quot;tablesorter&quot;&gt;&lt;thead&gt;&lt;tr&gt;&lt;th&gt;Error Level&lt;/th&gt;&lt;th&gt;Principle&lt;/th&gt;&lt;th&gt;Message&lt;/th&gt;&lt;th&gt;Code snippet&lt;/th&gt;&lt;th&gt;Techniques&lt;/th&gt;&lt;th&gt;Screenshot&lt;/th&gt;&lt;/thead&gt;&lt;/tr&gt;&lt;tbody&gt;&lt;tr&gt;&lt;td colspan=&quot;6&quot;&gt; ----  No Errors ---  &lt;/td&gt;&lt;/tr&gt;&lt;/tbody&gt;&lt;/table&gt;&lt;/div&gt;
</system-out>
		</testcase>
		<testcase classname="some.class.name" name="camkes_release/CAmkES_2.1.0.html" time="1.000000">
			<system-out>&lt;div id=&quot;resultsWrapper&quot; class=&quot;resultsWrapperActive&quot;&gt;&lt;h3&gt;camkes-2.1.0 | seL4 docs&lt;/h3&gt;&lt;h4&gt;http://localhost:4000/camkes_release/CAmkES_2.1.0.html&lt;/h4&gt;&lt;ul id=&quot;results-overview&quot;&gt;&lt;li class=&quot;active&quot;&gt;&lt;span class=&quot;result-count result-count-errors&quot;&gt;0&lt;/span&gt;&lt;span class=&quot;result-type&quot;&gt;errors&lt;/span&gt;&lt;/a&gt;&lt;/li&gt;&lt;span class=&quot;result-count result-count-warnings&quot;&gt;0&lt;/span&gt;&lt;span class=&quot;result-type&quot;&gt;warnings&lt;/span&gt;&lt;/a&gt;&lt;/li&gt;&lt;span class=&quot;result-count result-count-notices&quot;&gt;0&lt;/span&gt;&lt;span class=&quot;result-type&quot;&gt;notices&lt;/span&gt;&lt;/a&gt;&lt;/li&gt;&lt;/ul&gt;&lt;a href=&quot;#&quot; class=&quot;button-link&quot; id=&quot;export&quot;&gt;Export as CSV&lt;/a&gt;&lt;table id=&quot;test-results-table&quot; class=&quot;tablesorter&quot;&gt;&lt;thead&gt;&lt;tr&gt;&lt;th&gt;Error Level&lt;/th&gt;&lt;th&gt;Principle&lt;/th&gt;&lt;th&gt;Message&lt;/th&gt;&lt;th&gt;Code snippet&lt;/th&gt;&lt;th&gt;Techniques&lt;/th&gt;&lt;th&gt;Screenshot&lt;/th&gt;&lt;/thead&gt;&lt;/tr&gt;&lt;tbody&gt;&lt;tr&gt;&lt;td colspan=&quot;6&quot;&gt; ----  No Errors ---  &lt;/td&gt;&lt;/tr&gt;&lt;/tbody&gt;&lt;/table&gt;&lt;/div&gt;
</system-out>
		</testcase>
		<testcase classname="some.class.name" name="camkes_release/CAmkES_3.2.0.html" time="1.000000">
			<system-out>&lt;div id=&quot;resultsWrapper&quot; class=&quot;resultsWrapperActive&quot;&gt;&lt;h3&gt;camkes-3.2.0 | seL4 docs&lt;/h3&gt;&lt;h4&gt;http://localhost:4000/camkes_release/CAmkES_3.2.0.html&lt;/h4&gt;&lt;ul id=&quot;results-overview&quot;&gt;&lt;li class=&quot;active&quot;&gt;&lt;span class=&quot;result-count result-count-errors&quot;&gt;0&lt;/span&gt;&lt;span class=&quot;result-type&quot;&gt;errors&lt;/span&gt;&lt;/a&gt;&lt;/li&gt;&lt;span class=&quot;result-count result-count-warnings&quot;&gt;0&lt;/span&gt;&lt;span class=&quot;result-type&quot;&gt;warnings&lt;/span&gt;&lt;/a&gt;&lt;/li&gt;&lt;span class=&quot;result-count result-count-notices&quot;&gt;0&lt;/span&gt;&lt;span class=&quot;result-type&quot;&gt;notices&lt;/span&gt;&lt;/a&gt;&lt;/li&gt;&lt;/ul&gt;&lt;a href=&quot;#&quot; class=&quot;button-link&quot; id=&quot;export&quot;&gt;Export as CSV&lt;/a&gt;&lt;table id=&quot;test-results-table&quot; class=&quot;tablesorter&quot;&gt;&lt;thead&gt;&lt;tr&gt;&lt;th&gt;Error Level&lt;/th&gt;&lt;th&gt;Principle&lt;/th&gt;&lt;th&gt;Message&lt;/th&gt;&lt;th&gt;Code snippet&lt;/th&gt;&lt;th&gt;Techniques&lt;/th&gt;&lt;th&gt;Screenshot&lt;/th&gt;&lt;/thead&gt;&lt;/tr&gt;&lt;tbody&gt;&lt;tr&gt;&lt;td colspan=&quot;6&quot;&gt; ----  No Errors ---  &lt;/td&gt;&lt;/tr&gt;&lt;/tbody&gt;&lt;/table&gt;&lt;/div&gt;
</system-out>
		</testcase>
		<testcase classname="some.class.name" name="camkes_release/CAmkES_3.0.0.html" time="1.000000">
			<failure message="Detected 13 error(s)." type="failure"/>
			<system-out>&lt;div id=&quot;resultsWrapper&quot; class=&quot;resultsWrapperActive&quot;&gt;&lt;h3&gt;camkes-3.0.0 | seL4 docs&lt;/h3&gt;&lt;h4&gt;http://localhost:4000/camkes_release/CAmkES_3.0.0.html&lt;/h4&gt;&lt;ul id=&quot;results-overview&quot;&gt;&lt;li class=&quot;active&quot;&gt;&lt;span class=&quot;result-count result-count-errors&quot;&gt;13&lt;/span&gt;&lt;span class=&quot;result-type&quot;&gt;errors&lt;/span&gt;&lt;/a&gt;&lt;/li&gt;&lt;span class=&quot;result-count result-count-warnings&quot;&gt;0&lt;/span&gt;&lt;span class=&quot;result-type&quot;&gt;warnings&lt;/span&gt;&lt;/a&gt;&lt;/li&gt;&lt;span class=&quot;result-count result-count-notices&quot;&gt;0&lt;/span&gt;&lt;span class=&quot;result-type&quot;&gt;notices&lt;/span&gt;&lt;/a&gt;&lt;/li&gt;&lt;/ul&gt;&lt;a href=&quot;#&quot; class=&quot;button-link&quot; id=&quot;export&quot;&gt;Export as CSV&lt;/a&gt;&lt;table id=&quot;test-results-table&quot; class=&quot;tablesorter&quot;&gt;&lt;thead&gt;&lt;tr&gt;&lt;th&gt;Error Level&lt;/th&gt;&lt;th&gt;Principle&lt;/th&gt;&lt;th&gt;Message&lt;/th&gt;&lt;th&gt;Code snippet&lt;/th&gt;&lt;th&gt;Techniques&lt;/th&gt;&lt;th&gt;Screenshot&lt;/th&gt;&lt;/thead&gt;&lt;/tr&gt;&lt;tbody&gt;&lt;tr class=&quot;error&quot;&gt;&lt;td  class=&quot;number&quot;&gt;&lt;span class=&quot;flag&quot;&gt;Error&lt;/span&gt;&lt;/td&gt;&lt;td  class=&quot;messagePrinciple&quot;&gt;&lt;a href=&quot;http://www.w3.org/TR/WCAG20/#perceivable&quot; target=&quot;_blank&quot;&gt;Perceivable&lt;/a&gt;&lt;/td&gt;&lt;td class=&quot;messageText&quot;&gt; This element has insufficient contrast at this conformance level. Expected a contrast ratio of at least 4.5:1, but text in this element has a contrast ratio of 3.27:1. Recommendation: change text colour to #657811.&lt;/td&gt;&lt;td&gt;&amp;lt;span
class=&quot;na&quot;&amp;gt;name=&amp;lt;/span&amp;g
;&lt;/td&gt;&lt;td class=&quot;messageTechniques&quot;&gt;&lt;ul&gt;&lt;li&gt;&lt;a href=&quot;http://www.w3.org/TR/WCAG20-TECHS/G18&quot; target=&quot;_blank&quot;&gt;G18&lt;/a&gt;&lt;/li&gt;&lt;/ul&gt;&lt;/td&gt;&lt;td class=&quot;screenshot&quot;&gt;&lt;a data-toggle=&quot;modal&quot; data-target=&quot;#screenshot&quot;  onClick=showImg(&quot;screenshots/14_32_38_2_21_2018/447.png&quot;)&gt;&lt;img src=&quot;screenshots/14_32_38_2_21_2018/447.png&quot; style=&quot;width:25px;height:25px&quot;&gt;&lt;/a&gt;&lt;/td&gt;&lt;/tr&gt;&lt;tr class=&quot;error&quot;&gt;&lt;td  class=&quot;number&quot;&gt;&lt;span class=&quot;flag&quot;&gt;Error&lt;/span&gt;&lt;/td&gt;&lt;td  class=&quot;messagePrinciple&quot;&gt;&lt;a href=&quot;http://www.w3.org/TR/WCAG20/#perceivable&quot; target=&quot;_blank&quot;&gt;Perceivable&lt;/a&gt;&lt;/td&gt;&lt;td class=&quot;messageText&quot;&gt; This element has insufficient contrast at this conformance level. Expected a contrast ratio of at least 4.5:1, but text in this element has a contrast ratio of 3.27:1. Recommendation: change text colour to #657811.&lt;/td&gt;&lt;td&gt;&amp;lt;span
class=&quot;na&quot;&amp;gt;path=&amp;lt;/span&amp;g
;&lt;/td&gt;&lt;td class=&quot;messageTechniques&quot;&gt;&lt;ul&gt;&lt;li&gt;&lt;a href=&quot;http://www.w3.org/TR/WCAG20-TECHS/G18&quot; target=&quot;_blank&quot;&gt;G18&lt;/a&gt;&lt;/li&gt;&lt;/ul&gt;&lt;/td&gt;&lt;td class=&quot;screenshot&quot;&gt;&lt;a data-toggle=&quot;modal&quot; data-target=&quot;#screenshot&quot;  onClick=showImg(&quot;screenshots/14_32_38_2_21_2018/772.png&quot;)&gt;&lt;img src=&quot;screenshots/14_32_38_2_21_2018/772.png&quot; style=&quot;width:25px;height:25px&quot;&gt;&lt;/a&gt;&lt;/td&gt;&lt;/tr&gt;&lt;tr class=&quot;error&quot;&gt;&lt;td  class=&quot;number&quot;&gt;&lt;span class=&quot;flag&quot;&gt;Error&lt;/span&gt;&lt;/td&gt;&lt;td  class=&quot;messagePrinciple&quot;&gt;&lt;a href=&quot;http://www.w3.org/TR/WCAG20/#perceivable&quot; target=&quot;_blank&quot;&gt;Perceivable&lt;/a&gt;&lt;/td&gt;&lt;td class=&quot;messageText&quot;&gt; This element has insufficient contrast at this conformance level. Expected a contrast ratio of at least 4.5:1, but text in this element has a contrast ratio of 3.27:1. Recommendation: change text colour to #657811.&lt;/td&gt;&lt;td&gt;&amp;lt;span
class=&quot;na&quot;&amp;gt;revision=&amp;lt;/sp
n&amp;gt;&lt;/td&gt;&lt;td class=&quot;messageTechniques&quot;&gt;&lt;ul&gt;&lt;li&gt;&lt;a href=&quot;http://www.w3.org/TR/WCAG20-TECHS/G18&quot; target=&quot;_blank&quot;&gt;G18&lt;/a&gt;&lt;/li&gt;&lt;/ul&gt;&lt;/td&gt;&lt;td class=&quot;screenshot&quot;&gt;&lt;a data-toggle=&quot;modal&quot; data-target=&quot;#screenshot&quot;  onClick=showImg(&quot;screenshots/14_32_38_2_21_2018/601.png&quot;)&gt;&lt;img src=&quot;screenshots/14_32_38_2_21_2018/601.png&quot; style=&quot;width:25px;height:25px&quot;&gt;&lt;/a&gt;&lt;/td&gt;&lt;/tr&gt;&lt;tr class=&quot;error&quot;&gt;&lt;td  class=&quot;number&quot;&gt;&lt;span class=&quot;flag&quot;&gt;Error&lt;/span&gt;&lt;/td&gt;&lt;td  class=&quot;messagePrinciple&quot;&gt;&lt;a href=&quot;http://www.w3.org/TR/WCAG20/#perceivable&quot; target=&quot;_blank&quot;&gt;Perceivable&lt;/a&gt;&lt;/td&gt;&lt;td class=&quot;messageText&quot;&gt; This element has insufficient contrast at this conformance level. Expected a contrast ratio of at least 4.5:1, but text in this element has a contrast ratio of 3.27:1. Recommendation: change text colour to #657811.&lt;/td&gt;&lt;td&gt;&amp;lt;span
class=&quot;na&quot;&amp;gt;name=&amp;lt;/span&amp;g
;&lt;/td&gt;&lt;td class=&quot;messageTechniques&quot;&gt;&lt;ul&gt;&lt;li&gt;&lt;a href=&quot;http://www.w3.org/TR/WCAG20-TECHS/G18&quot; target=&quot;_blank&quot;&gt;G18&lt;/a&gt;&lt;/li&gt;&lt;/ul&gt;&lt;/td&gt;&lt;td class=&quot;screenshot&quot;&gt;&lt;a data-toggle=&quot;modal&quot; data-target=&quot;#screenshot&quot;  onClick=showImg(&quot;screenshots/14_32_38_2_21_2018/412.png&quot;)&gt;&lt;img src=&quot;screenshots/14_32_38_2_21_2018/412.png&quot; style=&quot;width:25px;height:25px&quot;&gt;&lt;/a&gt;&lt;/td&gt;&lt;/tr&gt;&lt;tr class=&quot;error&quot;&gt;&lt;td  class=&quot;number&quot;&gt;&lt;span class=&quot;flag&quot;&gt;Error&lt;/span&gt;&lt;/td&gt;&lt;td  class=&quot;messagePrinciple&quot;&gt;&lt;a href=&quot;http://www.w3.org/TR/WCAG20/#perceivable&quot; target=&quot;_blank&quot;&gt;Perceivable&lt;/a&gt;&lt;/td&gt;&lt;td class=&quot;messageText&quot;&gt; This element has insufficient contrast at this conformance level. Expected a contrast ratio of at least 4.5:1, but text in this element has a contrast ratio of 3.27:1. Recommendation: change text colour to #657811.&lt;/td&gt;&lt;td&gt;&amp;lt;span
class=&quot;na&quot;&amp;gt;path=&amp;lt;/span&amp;g
;&lt;/td&gt;&lt;td class=&quot;messageTechniques&quot;&gt;&lt;ul&gt;&lt;li&gt;&lt;a href=&quot;http://www.w3.org/TR/WCAG20-TECHS/G18&quot; target=&quot;_blank&quot;&gt;G18&lt;/a&gt;&lt;/li&gt;&lt;/ul&gt;&lt;/td&gt;&lt;td class=&quot;screenshot&quot;&gt;&lt;a data-toggle=&quot;modal&quot; data-target=&quot;#screenshot&quot;  onClick=showImg(&quot;screenshots/14_32_38_2_21_2018/748.png&quot;)&gt;&lt;img src=&quot;screenshots/14_32_38_2_21_2018/748.png&quot; style=&quot;width:25px;height:25px&quot;&gt;&lt;/a&gt;&lt;/td&gt;&lt;/tr&gt;&lt;tr class=&quot;error&quot;&gt;&lt;td  class=&quot;number&quot;&gt;&lt;span class=&quot;flag&quot;&gt;Error&lt;/span&gt;&lt;/td&gt;&lt;td  class=&quot;messagePrinciple&quot;&gt;&lt;a href=&quot;http://www.w3.org/TR/WCAG20/#perceivable&quot; target=&quot;_blank&quot;&gt;Perceivable&lt;/a&gt;&lt;/td&gt;&lt;td class=&quot;messageText&quot;&gt; This element has insufficient contrast at this conformance level. Expected a contrast ratio of at least 4.5:1, but text in this element has a contrast ratio of 3.27:1. Recommendation: change text colour to #657811.&lt;/td&gt;&lt;td&gt;&amp;lt;span
class=&quot;na&quot;&amp;gt;revision=&amp;lt;/sp
n&amp;gt;&lt;/td&gt;&lt;td class=&quot;messageTechniques&quot;&gt;&lt;ul&gt;&lt;li&gt;&lt;a href=&quot;http://www.w3.org/TR/WCAG20-TECHS/G18&quot; target=&quot;_blank&quot;&gt;G18&lt;/a&gt;&lt;/li&gt;&lt;/ul&gt;&lt;/td&gt;&lt;td class=&quot;screenshot&quot;&gt;&lt;a data-toggle=&quot;modal&quot; data-target=&quot;#screenshot&quot;  onClick=showImg(&quot;screenshots/14_32_38_2_21_2018/327.png&quot;)&gt;&lt;img src=&quot;screenshots/14_32_38_2_21_2018/327.png&quot; style=&quot;width:25px;height:25px&quot;&gt;&lt;/a&gt;&lt;/td&gt;&lt;/tr&gt;&lt;tr class=&quot;error&quot;&gt;&lt;td  class=&quot;number&quot;&gt;&lt;span class=&quot;flag&quot;&gt;Error&lt;/span&gt;&lt;/td&gt;&lt;td  class=&quot;messagePrinciple&quot;&gt;&lt;a href=&quot;http://www.w3.org/TR/WCAG20/#perceivable&quot; target=&quot;_blank&quot;&gt;Perceivable&lt;/a&gt;&lt;/td&gt;&lt;td class=&quot;messageText&quot;&gt; This element has insufficient contrast at this conformance level. Expected a contrast ratio of at least 4.5:1, but text in this element has a contrast ratio of 3.27:1. Recommendation: change text colour to #657811.&lt;/td&gt;&lt;td&gt;&amp;lt;span
class=&quot;na&quot;&amp;gt;name=&amp;lt;/span&amp;g
;&lt;/td&gt;&lt;td class=&quot;messageTechniques&quot;&gt;&lt;ul&gt;&lt;li&gt;&lt;a href=&quot;http://www.w3.org/TR/WCAG20-TECHS/G18&quot; target=&quot;_blank&quot;&gt;G18&lt;/a&gt;&lt;/li&gt;&lt;/ul&gt;&lt;/td&gt;&lt;td class=&quot;screenshot&quot;&gt;&lt;a data-toggle=&quot;modal&quot; data-target=&quot;#screenshot&quot;  onClick=showImg(&quot;screenshots/14_32_38_2_21_2018/840.png&quot;)&gt;&lt;img src=&quot;screenshots/14_32_38_2_21_2018/840.png&quot; style=&quot;width:25px;height:25px&quot;&gt;&lt;/a&gt;&lt;/td&gt;&lt;/tr&gt;&lt;tr class=&quot;error&quot;&gt;&lt;td  class=&quot;number&quot;&gt;&lt;span class=&quot;flag&quot;&gt;Error&lt;/span&gt;&lt;/td&gt;&lt;td  class=&quot;messagePrinciple&quot;&gt;&lt;a href=&quot;http://www.w3.org/TR/WCAG20/#perceivable&quot; target=&quot;_blank&quot;&gt;Perceivable&lt;/a&gt;&lt;/td&gt;&lt;td class=&quot;messageText&quot;&gt; This element has insufficient contrast at this conformance level. Expected a contrast ratio of at least 4.5:1, but text in this element has a contrast ratio of 3.27:1. Recommendation: change text colour to #657811.&lt;/td&gt;&lt;td&gt;&amp;lt;span
class=&quot;na&quot;&amp;gt;path=&amp;lt;/span&amp;g
;&lt;/td&gt;&lt;td class=&quot;messageTechniques&quot;&gt;&lt;ul&gt;&lt;li&gt;&lt;a href=&quot;http://www.w3.org/TR/WCAG20-TECHS/G18&quot; target=&quot;_blank&quot;&gt;G18&lt;/a&gt;&lt;/li&gt;&lt;/ul&gt;&lt;/td&gt;&lt;td class=&quot;screenshot&quot;&gt;&lt;a data-toggle=&quot;modal&quot; data-target=&quot;#screenshot&quot;  onClick=showImg(&quot;screenshots/14_32_38_2_21_2018/295.png&quot;)&gt;&lt;img src=&quot;screenshots/14_32_38_2_21_2018/295.png&quot; style=&quot;width:25px;height:25px&quot;&gt;&lt;/a&gt;&lt;/td&gt;&lt;/tr&gt;&lt;tr class=&quot;error&quot;&gt;&lt;td  class=&quot;number&quot;&gt;&lt;span class=&quot;flag&quot;&gt;Error&lt;/span&gt;&lt;/td&gt;&lt;td  class=&quot;messagePrinciple&quot;&gt;&lt;a href=&quot;http://www.w3.org/TR/WCAG20/#perceivable&quot; target=&quot;_blank&quot;&gt;Perceivable&lt;/a&gt;&lt;/td&gt;&lt;td class=&quot;messageText&quot;&gt; This element has insufficient contrast at this conformance level. Expected a contrast ratio of at least 4.5:1, but text in this element has a contrast ratio of 3.27:1. Recommendation: change text colour to #657811.&lt;/td&gt;&lt;td&gt;&amp;lt;span
class=&quot;na&quot;&amp;gt;revision=&amp;lt;/sp
n&amp;gt;&lt;/td&gt;&lt;td class=&quot;messageTechniques&quot;&gt;&lt;ul&gt;&lt;li&gt;&lt;a href=&quot;http://www.w3.org/TR/WCAG20-TECHS/G18&quot; target=&quot;_blank&quot;&gt;G18&lt;/a&gt;&lt;/li&gt;&lt;/ul&gt;&lt;/td&gt;&lt;td class=&quot;screenshot&quot;&gt;&lt;a data-toggle=&quot;modal&quot; data-target=&quot;#screenshot&quot;  onClick=showImg(&quot;screenshots/14_32_38_2_21_2018/754.png&quot;)&gt;&lt;img src=&quot;screenshots/14_32_38_2_21_2018/754.png&quot; style=&quot;width:25px;height:25px&quot;&gt;&lt;/a&gt;&lt;/td&gt;&lt;/tr&gt;&lt;tr class=&quot;error&quot;&gt;&lt;td  class=&quot;number&quot;&gt;&lt;span class=&quot;flag&quot;&gt;Error&lt;/span&gt;&lt;/td&gt;&lt;td  class=&quot;messagePrinciple&quot;&gt;&lt;a href=&quot;http://www.w3.org/TR/WCAG20/#perceivable&quot; target=&quot;_blank&quot;&gt;Perceivable&lt;/a&gt;&lt;/td&gt;&lt;td class=&quot;messageText&quot;&gt; This element has insufficient contrast at this conformance level. Expected a contrast ratio of at least 4.5:1, but text in this element has a contrast ratio of 3.27:1. Recommendation: change text colour to #657811.&lt;/td&gt;&lt;td&gt;&amp;lt;span
class=&quot;na&quot;&amp;gt;name=&amp;lt;/span&amp;g
;&lt;/td&gt;&lt;td class=&quot;messageTechniques&quot;&gt;&lt;ul&gt;&lt;li&gt;&lt;a href=&quot;http://www.w3.org/TR/WCAG20-TECHS/G18&quot; target=&quot;_blank&quot;&gt;G18&lt;/a&gt;&lt;/li&gt;&lt;/ul&gt;&lt;/td&gt;&lt;td class=&quot;screenshot&quot;&gt;&lt;a data-toggle=&quot;modal&quot; data-target=&quot;#screenshot&quot;  onClick=showImg(&quot;screenshots/14_32_38_2_21_2018/778.png&quot;)&gt;&lt;img src=&quot;screenshots/14_32_38_2_21_2018/778.png&quot; style=&quot;width:25px;height:25px&quot;&gt;&lt;/a&gt;&lt;/td&gt;&lt;/tr&gt;&lt;tr class=&quot;error&quot;&gt;&lt;td  class=&quot;number&quot;&gt;&lt;span class=&quot;flag&quot;&gt;Error&lt;/span&gt;&lt;/td&gt;&lt;td  class=&quot;messagePrinciple&quot;&gt;&lt;a href=&quot;http://www.w3.org/TR/WCAG20/#perceivable&quot; target=&quot;_blank&quot;&gt;Perceivable&lt;/a&gt;&lt;/td&gt;&lt;td class=&quot;messageText&quot;&gt; This element has insufficient contrast at this conformance level. Expected a contrast ratio of at least 4.5:1, but text in this element has a contrast ratio of 3.27:1. Recommendation: change text colour to #657811.&lt;/td&gt;&lt;td&gt;&amp;lt;span
class=&quot;na&quot;&amp;gt;path=&amp;lt;/span&amp;g
;&lt;/td&gt;&lt;td class=&quot;messageTechniques&quot;&gt;&lt;ul&gt;&lt;li&gt;&lt;a href=&quot;http://www.w3.org/TR/WCAG20-TECHS/G18&quot; target=&quot;_blank&quot;&gt;G18&lt;/a&gt;&lt;/li&gt;&lt;/ul&gt;&lt;/td&gt;&lt;td class=&quot;screenshot&quot;&gt;&lt;a data-toggle=&quot;modal&quot; data-target=&quot;#screenshot&quot;  onClick=showImg(&quot;screenshots/14_32_38_2_21_2018/102.png&quot;)&gt;&lt;img src=&quot;screenshots/14_32_38_2_21_2018/102.png&quot; style=&quot;width:25px;height:25px&quot;&gt;&lt;/a&gt;&lt;/td&gt;&lt;/tr&gt;&lt;tr class=&quot;error&quot;&gt;&lt;td  class=&quot;number&quot;&gt;&lt;span class=&quot;flag&quot;&gt;Error&lt;/span&gt;&lt;/td&gt;&lt;td  class=&quot;messagePrinciple&quot;&gt;&lt;a href=&quot;http://www.w3.org/TR/WCAG20/#perceivable&quot; target=&quot;_blank&quot;&gt;Perceivable&lt;/a&gt;&lt;/td&gt;&lt;td class=&quot;messageText&quot;&gt; This element has insufficient contrast at this conformance level. Expected a contrast ratio of at least 4.5:1, but text in this element has a contrast ratio of 3.27:1. Recommendation: change text colour to #657811.&lt;/td&gt;&lt;td&gt;&amp;lt;span
class=&quot;na&quot;&amp;gt;name=&amp;lt;/span&amp;g
;&lt;/td&gt;&lt;td class=&quot;messageTechniques&quot;&gt;&lt;ul&gt;&lt;li&gt;&lt;a href=&quot;http://www.w3.org/TR/WCAG20-TECHS/G18&quot; target=&quot;_blank&quot;&gt;G18&lt;/a&gt;&lt;/li&gt;&lt;/ul&gt;&lt;/td&gt;&lt;td class=&quot;screenshot&quot;&gt;&lt;a data-toggle=&quot;modal&quot; data-target=&quot;#screenshot&quot;  onClick=showImg(&quot;screenshots/14_32_38_2_21_2018/862.png&quot;)&gt;&lt;img src=&quot;screenshots/14_32_38_2_21_2018/862.png&quot; style=&quot;width:25px;height:25px&quot;&gt;&lt;/a&gt;&lt;/td&gt;&lt;/tr&gt;&lt;tr class=&quot;error&quot;&gt;&lt;td  class=&quot;number&quot;&gt;&lt;span class=&quot;flag&quot;&gt;Error&lt;/span&gt;&lt;/td&gt;&lt;td  class=&quot;messagePrinciple&quot;&gt;&lt;a href=&quot;http://www.w3.org/TR/WCAG20/#perceivable&quot; target=&quot;_blank&quot;&gt;Perceivable&lt;/a&gt;&lt;/td&gt;&lt;td class=&quot;messageText&quot;&gt; This element has insufficient contrast at this conformance level. Expected a contrast ratio of at least 4.5:1, but text in this element has a contrast ratio of 3.27:1. Recommendation: change text colour to #657811.&lt;/td&gt;&lt;td&gt;&amp;lt;span
class=&quot;na&quot;&amp;gt;path=&amp;lt;/span&amp;g
;&lt;/td&gt;&lt;td class=&quot;messageTechniques&quot;&gt;&lt;ul&gt;&lt;li&gt;&lt;a href=&quot;http://www.w3.org/TR/WCAG20-TECHS/G18&quot; target=&quot;_blank&quot;&gt;G18&lt;/a&gt;&lt;/li&gt;&lt;/ul&gt;&lt;/td&gt;&lt;td class=&quot;screenshot&quot;&gt;&lt;a data-toggle=&quot;modal&quot; data-target=&quot;#screenshot&quot;  onClick=showImg(&quot;screenshots/14_32_38_2_21_2018/340.png&quot;)&gt;&lt;img src=&quot;screenshots/14_32_38_2_21_2018/340.png&quot; style=&quot;width:25px;height:25px&quot;&gt;&lt;/a&gt;&lt;/td&gt;&lt;/tr&gt;&lt;/tbody&gt;&lt;/table&gt;&lt;/div&gt;
</system-out>
		</testcase>
		<testcase classname="some.class.name" name="camkes_release/CAmkES_2.0.0.html" time="1.000000">
			<system-out>&lt;div id=&quot;resultsWrapper&quot; class=&quot;resultsWrapperActive&quot;&gt;&lt;h3&gt;camkes-2.0.0 | seL4 docs&lt;/h3&gt;&lt;h4&gt;http://localhost:4000/camkes_release/CAmkES_2.0.0.html&lt;/h4&gt;&lt;ul id=&quot;results-overview&quot;&gt;&lt;li class=&quot;active&quot;&gt;&lt;span class=&quot;result-count result-count-errors&quot;&gt;0&lt;/span&gt;&lt;span class=&quot;result-type&quot;&gt;errors&lt;/span&gt;&lt;/a&gt;&lt;/li&gt;&lt;span class=&quot;result-count result-count-warnings&quot;&gt;0&lt;/span&gt;&lt;span class=&quot;result-type&quot;&gt;warnings&lt;/span&gt;&lt;/a&gt;&lt;/li&gt;&lt;span class=&quot;result-count result-count-notices&quot;&gt;0&lt;/span&gt;&lt;span class=&quot;result-type&quot;&gt;notices&lt;/span&gt;&lt;/a&gt;&lt;/li&gt;&lt;/ul&gt;&lt;a href=&quot;#&quot; class=&quot;button-link&quot; id=&quot;export&quot;&gt;Export as CSV&lt;/a&gt;&lt;table id=&quot;test-results-table&quot; class=&quot;tablesorter&quot;&gt;&lt;thead&gt;&lt;tr&gt;&lt;th&gt;Error Level&lt;/th&gt;&lt;th&gt;Principle&lt;/th&gt;&lt;th&gt;Message&lt;/th&gt;&lt;th&gt;Code snippet&lt;/th&gt;&lt;th&gt;Techniques&lt;/th&gt;&lt;th&gt;Screenshot&lt;/th&gt;&lt;/thead&gt;&lt;/tr&gt;&lt;tbody&gt;&lt;tr&gt;&lt;td colspan=&quot;6&quot;&gt; ----  No Errors ---  &lt;/td&gt;&lt;/tr&gt;&lt;/tbody&gt;&lt;/table&gt;&lt;/div&gt;
</system-out>
		</testcase>
		<testcase classname="some.class.name" name="camkes_release/index.html" time="1.000000">
			<system-out>&lt;div id=&quot;resultsWrapper&quot; class=&quot;resultsWrapperActive&quot;&gt;&lt;h3&gt;CAmkES Releases | seL4 docs&lt;/h3&gt;&lt;h4&gt;http://localhost:4000/camkes_release/index.html&lt;/h4&gt;&lt;ul id=&quot;results-overview&quot;&gt;&lt;li class=&quot;active&quot;&gt;&lt;span class=&quot;result-count result-count-errors&quot;&gt;0&lt;/span&gt;&lt;span class=&quot;result-type&quot;&gt;errors&lt;/span&gt;&lt;/a&gt;&lt;/li&gt;&lt;span class=&quot;result-count result-count-warnings&quot;&gt;0&lt;/span&gt;&lt;span class=&quot;result-type&quot;&gt;warnings&lt;/span&gt;&lt;/a&gt;&lt;/li&gt;&lt;span class=&quot;result-count result-count-notices&quot;&gt;0&lt;/span&gt;&lt;span class=&quot;result-type&quot;&gt;notices&lt;/span&gt;&lt;/a&gt;&lt;/li&gt;&lt;/ul&gt;&lt;a href=&quot;#&quot; class=&quot;button-link&quot; id=&quot;export&quot;&gt;Export as CSV&lt;/a&gt;&lt;table id=&quot;test-results-table&quot; class=&quot;tablesorter&quot;&gt;&lt;thead&gt;&lt;tr&gt;&lt;th&gt;Error Level&lt;/th&gt;&lt;th&gt;Principle&lt;/th&gt;&lt;th&gt;Message&lt;/th&gt;&lt;th&gt;Code snippet&lt;/th&gt;&lt;th&gt;Techniques&lt;/th&gt;&lt;th&gt;Screenshot&lt;/th&gt;&lt;/thead&gt;&lt;/tr&gt;&lt;tbody&gt;&lt;tr&gt;&lt;td colspan=&quot;6&quot;&gt; ----  No Errors ---  &lt;/td&gt;&lt;/tr&gt;&lt;/tbody&gt;&lt;/table&gt;&lt;/div&gt;
</system-out>
		</testcase>
		<testcase classname="some.class.name" name="camkes_release/CAmkES_2.2.0.html" time="1.000000">
			<system-out>&lt;div id=&quot;resultsWrapper&quot; class=&quot;resultsWrapperActive&quot;&gt;&lt;h3&gt;camkes-2.2.0 | seL4 docs&lt;/h3&gt;&lt;h4&gt;http://localhost:4000/camkes_release/CAmkES_2.2.0.html&lt;/h4&gt;&lt;ul id=&quot;results-overview&quot;&gt;&lt;li class=&quot;active&quot;&gt;&lt;span class=&quot;result-count result-count-errors&quot;&gt;0&lt;/span&gt;&lt;span class=&quot;result-type&quot;&gt;errors&lt;/span&gt;&lt;/a&gt;&lt;/li&gt;&lt;span class=&quot;result-count result-count-warnings&quot;&gt;0&lt;/span&gt;&lt;span class=&quot;result-type&quot;&gt;warnings&lt;/span&gt;&lt;/a&gt;&lt;/li&gt;&lt;span class=&quot;result-count result-count-notices&quot;&gt;0&lt;/span&gt;&lt;span class=&quot;result-type&quot;&gt;notices&lt;/span&gt;&lt;/a&gt;&lt;/li&gt;&lt;/ul&gt;&lt;a href=&quot;#&quot; class=&quot;button-link&quot; id=&quot;export&quot;&gt;Export as CSV&lt;/a&gt;&lt;table id=&quot;test-results-table&quot; class=&quot;tablesorter&quot;&gt;&lt;thead&gt;&lt;tr&gt;&lt;th&gt;Error Level&lt;/th&gt;&lt;th&gt;Principle&lt;/th&gt;&lt;th&gt;Message&lt;/th&gt;&lt;th&gt;Code snippet&lt;/th&gt;&lt;th&gt;Techniques&lt;/th&gt;&lt;th&gt;Screenshot&lt;/th&gt;&lt;/thead&gt;&lt;/tr&gt;&lt;tbody&gt;&lt;tr&gt;&lt;td colspan=&quot;6&quot;&gt; ----  No Errors ---  &lt;/td&gt;&lt;/tr&gt;&lt;/tbody&gt;&lt;/table&gt;&lt;/div&gt;
</system-out>
		</testcase>
		<testcase classname="some.class.name" name="camkes_release/CAmkES_2.3.0.html" time="1.000000">
			<system-out>&lt;div id=&quot;resultsWrapper&quot; class=&quot;resultsWrapperActive&quot;&gt;&lt;h3&gt;camkes-2.3.0 | seL4 docs&lt;/h3&gt;&lt;h4&gt;http://localhost:4000/camkes_release/CAmkES_2.3.0.html&lt;/h4&gt;&lt;ul id=&quot;results-overview&quot;&gt;&lt;li class=&quot;active&quot;&gt;&lt;span class=&quot;result-count result-count-errors&quot;&gt;0&lt;/span&gt;&lt;span class=&quot;result-type&quot;&gt;errors&lt;/span&gt;&lt;/a&gt;&lt;/li&gt;&lt;span class=&quot;result-count result-count-warnings&quot;&gt;0&lt;/span&gt;&lt;span class=&quot;result-type&quot;&gt;warnings&lt;/span&gt;&lt;/a&gt;&lt;/li&gt;&lt;span class=&quot;result-count result-count-notices&quot;&gt;0&lt;/span&gt;&lt;span class=&quot;result-type&quot;&gt;notices&lt;/span&gt;&lt;/a&gt;&lt;/li&gt;&lt;/ul&gt;&lt;a href=&quot;#&quot; class=&quot;button-link&quot; id=&quot;export&quot;&gt;Export as CSV&lt;/a&gt;&lt;table id=&quot;test-results-table&quot; class=&quot;tablesorter&quot;&gt;&lt;thead&gt;&lt;tr&gt;&lt;th&gt;Error Level&lt;/th&gt;&lt;th&gt;Principle&lt;/th&gt;&lt;th&gt;Message&lt;/th&gt;&lt;th&gt;Code snippet&lt;/th&gt;&lt;th&gt;Techniques&lt;/th&gt;&lt;th&gt;Screenshot&lt;/th&gt;&lt;/thead&gt;&lt;/tr&gt;&lt;tbody&gt;&lt;tr&gt;&lt;td colspan=&quot;6&quot;&gt; ----  No Errors ---  &lt;/td&gt;&lt;/tr&gt;&lt;/tbody&gt;&lt;/table&gt;&lt;/div&gt;
</system-out>
		</testcase>
		<testcase classname="some.class.name" name="CONTRIBUTING.html" time="1.000000">
			<system-out>&lt;div id=&quot;resultsWrapper&quot; class=&quot;resultsWrapperActive&quot;&gt;&lt;h3&gt;Contributing | seL4 docs&lt;/h3&gt;&lt;h4&gt;http://localhost:4000/CONTRIBUTING.html&lt;/h4&gt;&lt;ul id=&quot;results-overview&quot;&gt;&lt;li class=&quot;active&quot;&gt;&lt;span class=&quot;result-count result-count-errors&quot;&gt;0&lt;/span&gt;&lt;span class=&quot;result-type&quot;&gt;errors&lt;/span&gt;&lt;/a&gt;&lt;/li&gt;&lt;span class=&quot;result-count result-count-warnings&quot;&gt;0&lt;/span&gt;&lt;span class=&quot;result-type&quot;&gt;warnings&lt;/span&gt;&lt;/a&gt;&lt;/li&gt;&lt;span class=&quot;result-count result-count-notices&quot;&gt;0&lt;/span&gt;&lt;span class=&quot;result-type&quot;&gt;notices&lt;/span&gt;&lt;/a&gt;&lt;/li&gt;&lt;/ul&gt;&lt;a href=&quot;#&quot; class=&quot;button-link&quot; id=&quot;export&quot;&gt;Export as CSV&lt;/a&gt;&lt;table id=&quot;test-results-table&quot; class=&quot;tablesorter&quot;&gt;&lt;thead&gt;&lt;tr&gt;&lt;th&gt;Error Level&lt;/th&gt;&lt;th&gt;Principle&lt;/th&gt;&lt;th&gt;Message&lt;/th&gt;&lt;th&gt;Code snippet&lt;/th&gt;&lt;th&gt;Techniques&lt;/th&gt;&lt;th&gt;Screenshot&lt;/th&gt;&lt;/thead&gt;&lt;/tr&gt;&lt;tbody&gt;&lt;tr&gt;&lt;td colspan=&quot;6&quot;&gt; ----  No Errors ---  &lt;/td&gt;&lt;/tr&gt;&lt;/tbody&gt;&lt;/table&gt;&lt;/div&gt;
</system-out>
		</testcase>
		<testcase classname="some.class.name" name="Suggested_projects.html" time="1.000000">
			<system-out>&lt;div id=&quot;resultsWrapper&quot; class=&quot;resultsWrapperActive&quot;&gt;&lt;h3&gt;Suggested Projects | seL4 docs&lt;/h3&gt;&lt;h4&gt;http://localhost:4000/Suggested_projects.html&lt;/h4&gt;&lt;ul id=&quot;results-overview&quot;&gt;&lt;li class=&quot;active&quot;&gt;&lt;span class=&quot;result-count result-count-errors&quot;&gt;0&lt;/span&gt;&lt;span class=&quot;result-type&quot;&gt;errors&lt;/span&gt;&lt;/a&gt;&lt;/li&gt;&lt;span class=&quot;result-count result-count-warnings&quot;&gt;0&lt;/span&gt;&lt;span class=&quot;result-type&quot;&gt;warnings&lt;/span&gt;&lt;/a&gt;&lt;/li&gt;&lt;span class=&quot;result-count result-count-notices&quot;&gt;0&lt;/span&gt;&lt;span class=&quot;result-type&quot;&gt;notices&lt;/span&gt;&lt;/a&gt;&lt;/li&gt;&lt;/ul&gt;&lt;a href=&quot;#&quot; class=&quot;button-link&quot; id=&quot;export&quot;&gt;Export as CSV&lt;/a&gt;&lt;table id=&quot;test-results-table&quot; class=&quot;tablesorter&quot;&gt;&lt;thead&gt;&lt;tr&gt;&lt;th&gt;Error Level&lt;/th&gt;&lt;th&gt;Principle&lt;/th&gt;&lt;th&gt;Message&lt;/th&gt;&lt;th&gt;Code snippet&lt;/th&gt;&lt;th&gt;Techniques&lt;/th&gt;&lt;th&gt;Screenshot&lt;/th&gt;&lt;/thead&gt;&lt;/tr&gt;&lt;tbody&gt;&lt;tr&gt;&lt;td colspan=&quot;6&quot;&gt; ----  No Errors ---  &lt;/td&gt;&lt;/tr&gt;&lt;/tbody&gt;&lt;/table&gt;&lt;/div&gt;
</system-out>
		</testcase>
		<testcase classname="some.class.name" name="CAmkES-ARM-VM.html" time="1.000000">
			<system-out>&lt;div id=&quot;resultsWrapper&quot; class=&quot;resultsWrapperActive&quot;&gt;&lt;h3&gt;CAmkES ARM VMM | seL4 docs&lt;/h3&gt;&lt;h4&gt;http://localhost:4000/CAmkES-ARM-VM.html&lt;/h4&gt;&lt;ul id=&quot;results-overview&quot;&gt;&lt;li class=&quot;active&quot;&gt;&lt;span class=&quot;result-count result-count-errors&quot;&gt;0&lt;/span&gt;&lt;span class=&quot;result-type&quot;&gt;errors&lt;/span&gt;&lt;/a&gt;&lt;/li&gt;&lt;span class=&quot;result-count result-count-warnings&quot;&gt;0&lt;/span&gt;&lt;span class=&quot;result-type&quot;&gt;warnings&lt;/span&gt;&lt;/a&gt;&lt;/li&gt;&lt;span class=&quot;result-count result-count-notices&quot;&gt;0&lt;/span&gt;&lt;span class=&quot;result-type&quot;&gt;notices&lt;/span&gt;&lt;/a&gt;&lt;/li&gt;&lt;/ul&gt;&lt;a href=&quot;#&quot; class=&quot;button-link&quot; id=&quot;export&quot;&gt;Export as CSV&lt;/a&gt;&lt;table id=&quot;test-results-table&quot; class=&quot;tablesorter&quot;&gt;&lt;thead&gt;&lt;tr&gt;&lt;th&gt;Error Level&lt;/th&gt;&lt;th&gt;Principle&lt;/th&gt;&lt;th&gt;Message&lt;/th&gt;&lt;th&gt;Code snippet&lt;/th&gt;&lt;th&gt;Techniques&lt;/th&gt;&lt;th&gt;Screenshot&lt;/th&gt;&lt;/thead&gt;&lt;/tr&gt;&lt;tbody&gt;&lt;tr&gt;&lt;td colspan=&quot;6&quot;&gt; ----  No Errors ---  &lt;/td&gt;&lt;/tr&gt;&lt;/tbody&gt;&lt;/table&gt;&lt;/div&gt;
</system-out>
		</testcase>
		<testcase classname="some.class.name" name="LevelConverter/index.html" time="1.000000">
			<failure message="Detected 1 error(s)." type="failure"/>
			<system-out>&lt;div id=&quot;resultsWrapper&quot; class=&quot;resultsWrapperActive&quot;&gt;&lt;h3&gt;| seL4 docs&lt;/h3&gt;&lt;h4&gt;http://localhost:4000/LevelConverter/index.html&lt;/h4&gt;&lt;ul id=&quot;results-overview&quot;&gt;&lt;li class=&quot;active&quot;&gt;&lt;span class=&quot;result-count result-count-errors&quot;&gt;1&lt;/span&gt;&lt;span class=&quot;result-type&quot;&gt;errors&lt;/span&gt;&lt;/a&gt;&lt;/li&gt;&lt;span class=&quot;result-count result-count-warnings&quot;&gt;0&lt;/span&gt;&lt;span class=&quot;result-type&quot;&gt;warnings&lt;/span&gt;&lt;/a&gt;&lt;/li&gt;&lt;span class=&quot;result-count result-count-notices&quot;&gt;0&lt;/span&gt;&lt;span class=&quot;result-type&quot;&gt;notices&lt;/span&gt;&lt;/a&gt;&lt;/li&gt;&lt;/ul&gt;&lt;a href=&quot;#&quot; class=&quot;button-link&quot; id=&quot;export&quot;&gt;Export as CSV&lt;/a&gt;&lt;table id=&quot;test-results-table&quot; class=&quot;tablesorter&quot;&gt;&lt;thead&gt;&lt;tr&gt;&lt;th&gt;Error Level&lt;/th&gt;&lt;th&gt;Principle&lt;/th&gt;&lt;th&gt;Message&lt;/th&gt;&lt;th&gt;Code snippet&lt;/th&gt;&lt;th&gt;Techniques&lt;/th&gt;&lt;th&gt;Screenshot&lt;/th&gt;&lt;/thead&gt;&lt;/tr&gt;&lt;tbody&gt;&lt;tr class=&quot;error&quot;&gt;&lt;td  class=&quot;number&quot;&gt;&lt;span class=&quot;flag&quot;&gt;Error&lt;/span&gt;&lt;/td&gt;&lt;td  class=&quot;messagePrinciple&quot;&gt;&lt;a href=&quot;http://www.w3.org/TR/WCAG20/#perceivable&quot; target=&quot;_blank&quot;&gt;Perceivable&lt;/a&gt;&lt;/td&gt;&lt;td class=&quot;messageText&quot;&gt; Img element missing an alt attribute. Use the alt attribute to specify a short text alternative.&lt;/td&gt;&lt;td&gt;&amp;lt;img
src=&quot;levelconverter-small.jpg&quot;
gt;&lt;/td&gt;&lt;td class=&quot;messageTechniques&quot;&gt;&lt;ul&gt;&lt;li&gt;&lt;a href=&quot;http://www.w3.org/TR/WCAG20-TECHS/H37&quot; target=&quot;_blank&quot;&gt;H37&lt;/a&gt;&lt;/li&gt;&lt;/ul&gt;&lt;/td&gt;&lt;td class=&quot;screenshot&quot;&gt;&lt;a data-toggle=&quot;modal&quot; data-target=&quot;#screenshot&quot;  onClick=showImg(&quot;screenshots/14_32_40_2_21_2018/232.png&quot;)&gt;&lt;img src=&quot;screenshots/14_32_40_2_21_2018/232.png&quot; style=&quot;width:25px;height:25px&quot;&gt;&lt;/a&gt;&lt;/td&gt;&lt;/tr&gt;&lt;/tbody&gt;&lt;/table&gt;&lt;/div&gt;
</system-out>
		</testcase>
		<testcase classname="some.class.name" name="sel4_release/seL4_8.0.0.html" time="1.000000">
			<system-out>&lt;div id=&quot;resultsWrapper&quot; class=&quot;resultsWrapperActive&quot;&gt;&lt;h3&gt;seL4 8.0.0 | seL4 docs&lt;/h3&gt;&lt;h4&gt;http://localhost:4000/sel4_release/seL4_8.0.0.html&lt;/h4&gt;&lt;ul id=&quot;results-overview&quot;&gt;&lt;li class=&quot;active&quot;&gt;&lt;span class=&quot;result-count result-count-errors&quot;&gt;0&lt;/span&gt;&lt;span class=&quot;result-type&quot;&gt;errors&lt;/span&gt;&lt;/a&gt;&lt;/li&gt;&lt;span class=&quot;result-count result-count-warnings&quot;&gt;0&lt;/span&gt;&lt;span class=&quot;result-type&quot;&gt;warnings&lt;/span&gt;&lt;/a&gt;&lt;/li&gt;&lt;span class=&quot;result-count result-count-notices&quot;&gt;0&lt;/span&gt;&lt;span class=&quot;result-type&quot;&gt;notices&lt;/span&gt;&lt;/a&gt;&lt;/li&gt;&lt;/ul&gt;&lt;a href=&quot;#&quot; class=&quot;button-link&quot; id=&quot;export&quot;&gt;Export as CSV&lt;/a&gt;&lt;table id=&quot;test-results-table&quot; class=&quot;tablesorter&quot;&gt;&lt;thead&gt;&lt;tr&gt;&lt;th&gt;Error Level&lt;/th&gt;&lt;th&gt;Principle&lt;/th&gt;&lt;th&gt;Message&lt;/th&gt;&lt;th&gt;Code snippet&lt;/th&gt;&lt;th&gt;Techniques&lt;/th&gt;&lt;th&gt;Screenshot&lt;/th&gt;&lt;/thead&gt;&lt;/tr&gt;&lt;tbody&gt;&lt;tr&gt;&lt;td colspan=&quot;6&quot;&gt; ----  No Errors ---  &lt;/td&gt;&lt;/tr&gt;&lt;/tbody&gt;&lt;/table&gt;&lt;/div&gt;
</system-out>
		</testcase>
		<testcase classname="some.class.name" name="sel4_release/seL4_5.0.0.html" time="1.000000">
			<system-out>&lt;div id=&quot;resultsWrapper&quot; class=&quot;resultsWrapperActive&quot;&gt;&lt;h3&gt;seL4 5.0.0 | seL4 docs&lt;/h3&gt;&lt;h4&gt;http://localhost:4000/sel4_release/seL4_5.0.0.html&lt;/h4&gt;&lt;ul id=&quot;results-overview&quot;&gt;&lt;li class=&quot;active&quot;&gt;&lt;span class=&quot;result-count result-count-errors&quot;&gt;0&lt;/span&gt;&lt;span class=&quot;result-type&quot;&gt;errors&lt;/span&gt;&lt;/a&gt;&lt;/li&gt;&lt;span class=&quot;result-count result-count-warnings&quot;&gt;0&lt;/span&gt;&lt;span class=&quot;result-type&quot;&gt;warnings&lt;/span&gt;&lt;/a&gt;&lt;/li&gt;&lt;span class=&quot;result-count result-count-notices&quot;&gt;0&lt;/span&gt;&lt;span class=&quot;result-type&quot;&gt;notices&lt;/span&gt;&lt;/a&gt;&lt;/li&gt;&lt;/ul&gt;&lt;a href=&quot;#&quot; class=&quot;button-link&quot; id=&quot;export&quot;&gt;Export as CSV&lt;/a&gt;&lt;table id=&quot;test-results-table&quot; class=&quot;tablesorter&quot;&gt;&lt;thead&gt;&lt;tr&gt;&lt;th&gt;Error Level&lt;/th&gt;&lt;th&gt;Principle&lt;/th&gt;&lt;th&gt;Message&lt;/th&gt;&lt;th&gt;Code snippet&lt;/th&gt;&lt;th&gt;Techniques&lt;/th&gt;&lt;th&gt;Screenshot&lt;/th&gt;&lt;/thead&gt;&lt;/tr&gt;&lt;tbody&gt;&lt;tr&gt;&lt;td colspan=&quot;6&quot;&gt; ----  No Errors ---  &lt;/td&gt;&lt;/tr&gt;&lt;/tbody&gt;&lt;/table&gt;&lt;/div&gt;
</system-out>
		</testcase>
		<testcase classname="some.class.name" name="sel4_release/seL4_3.0.0.html" time="1.000000">
			<system-out>&lt;div id=&quot;resultsWrapper&quot; class=&quot;resultsWrapperActive&quot;&gt;&lt;h3&gt;seL4 3.0.0 | seL4 docs&lt;/h3&gt;&lt;h4&gt;http://localhost:4000/sel4_release/seL4_3.0.0.html&lt;/h4&gt;&lt;ul id=&quot;results-overview&quot;&gt;&lt;li class=&quot;active&quot;&gt;&lt;span class=&quot;result-count result-count-errors&quot;&gt;0&lt;/span&gt;&lt;span class=&quot;result-type&quot;&gt;errors&lt;/span&gt;&lt;/a&gt;&lt;/li&gt;&lt;span class=&quot;result-count result-count-warnings&quot;&gt;0&lt;/span&gt;&lt;span class=&quot;result-type&quot;&gt;warnings&lt;/span&gt;&lt;/a&gt;&lt;/li&gt;&lt;span class=&quot;result-count result-count-notices&quot;&gt;0&lt;/span&gt;&lt;span class=&quot;result-type&quot;&gt;notices&lt;/span&gt;&lt;/a&gt;&lt;/li&gt;&lt;/ul&gt;&lt;a href=&quot;#&quot; class=&quot;button-link&quot; id=&quot;export&quot;&gt;Export as CSV&lt;/a&gt;&lt;table id=&quot;test-results-table&quot; class=&quot;tablesorter&quot;&gt;&lt;thead&gt;&lt;tr&gt;&lt;th&gt;Error Level&lt;/th&gt;&lt;th&gt;Principle&lt;/th&gt;&lt;th&gt;Message&lt;/th&gt;&lt;th&gt;Code snippet&lt;/th&gt;&lt;th&gt;Techniques&lt;/th&gt;&lt;th&gt;Screenshot&lt;/th&gt;&lt;/thead&gt;&lt;/tr&gt;&lt;tbody&gt;&lt;tr&gt;&lt;td colspan=&quot;6&quot;&gt; ----  No Errors ---  &lt;/td&gt;&lt;/tr&gt;&lt;/tbody&gt;&lt;/table&gt;&lt;/div&gt;
</system-out>
		</testcase>
		<testcase classname="some.class.name" name="sel4_release/seL4_0.0.1-rt-dev.html" time="1.000000">
			<system-out>&lt;div id=&quot;resultsWrapper&quot; class=&quot;resultsWrapperActive&quot;&gt;&lt;h3&gt;seL4 0.0.1-rt-dev | seL4 docs&lt;/h3&gt;&lt;h4&gt;http://localhost:4000/sel4_release/seL4_0.0.1-rt-dev.html&lt;/h4&gt;&lt;ul id=&quot;results-overview&quot;&gt;&lt;li class=&quot;active&quot;&gt;&lt;span class=&quot;result-count result-count-errors&quot;&gt;0&lt;/span&gt;&lt;span class=&quot;result-type&quot;&gt;errors&lt;/span&gt;&lt;/a&gt;&lt;/li&gt;&lt;span class=&quot;result-count result-count-warnings&quot;&gt;0&lt;/span&gt;&lt;span class=&quot;result-type&quot;&gt;warnings&lt;/span&gt;&lt;/a&gt;&lt;/li&gt;&lt;span class=&quot;result-count result-count-notices&quot;&gt;0&lt;/span&gt;&lt;span class=&quot;result-type&quot;&gt;notices&lt;/span&gt;&lt;/a&gt;&lt;/li&gt;&lt;/ul&gt;&lt;a href=&quot;#&quot; class=&quot;button-link&quot; id=&quot;export&quot;&gt;Export as CSV&lt;/a&gt;&lt;table id=&quot;test-results-table&quot; class=&quot;tablesorter&quot;&gt;&lt;thead&gt;&lt;tr&gt;&lt;th&gt;Error Level&lt;/th&gt;&lt;th&gt;Principle&lt;/th&gt;&lt;th&gt;Message&lt;/th&gt;&lt;th&gt;Code snippet&lt;/th&gt;&lt;th&gt;Techniques&lt;/th&gt;&lt;th&gt;Screenshot&lt;/th&gt;&lt;/thead&gt;&lt;/tr&gt;&lt;tbody&gt;&lt;tr&gt;&lt;td colspan=&quot;6&quot;&gt; ----  No Errors ---  &lt;/td&gt;&lt;/tr&gt;&lt;/tbody&gt;&lt;/table&gt;&lt;/div&gt;
</system-out>
		</testcase>
		<testcase classname="some.class.name" name="sel4_release/seL4_1.0.0-rt-dev.html" time="1.000000">
			<system-out>&lt;div id=&quot;resultsWrapper&quot; class=&quot;resultsWrapperActive&quot;&gt;&lt;h3&gt;seL4 1.0.0-rt-dev | seL4 docs&lt;/h3&gt;&lt;h4&gt;http://localhost:4000/sel4_release/seL4_1.0.0-rt-dev.html&lt;/h4&gt;&lt;ul id=&quot;results-overview&quot;&gt;&lt;li class=&quot;active&quot;&gt;&lt;span class=&quot;result-count result-count-errors&quot;&gt;0&lt;/span&gt;&lt;span class=&quot;result-type&quot;&gt;errors&lt;/span&gt;&lt;/a&gt;&lt;/li&gt;&lt;span class=&quot;result-count result-count-warnings&quot;&gt;0&lt;/span&gt;&lt;span class=&quot;result-type&quot;&gt;warnings&lt;/span&gt;&lt;/a&gt;&lt;/li&gt;&lt;span class=&quot;result-count result-count-notices&quot;&gt;0&lt;/span&gt;&lt;span class=&quot;result-type&quot;&gt;notices&lt;/span&gt;&lt;/a&gt;&lt;/li&gt;&lt;/ul&gt;&lt;a href=&quot;#&quot; class=&quot;button-link&quot; id=&quot;export&quot;&gt;Export as CSV&lt;/a&gt;&lt;table id=&quot;test-results-table&quot; class=&quot;tablesorter&quot;&gt;&lt;thead&gt;&lt;tr&gt;&lt;th&gt;Error Level&lt;/th&gt;&lt;th&gt;Principle&lt;/th&gt;&lt;th&gt;Message&lt;/th&gt;&lt;th&gt;Code snippet&lt;/th&gt;&lt;th&gt;Techniques&lt;/th&gt;&lt;th&gt;Screenshot&lt;/th&gt;&lt;/thead&gt;&lt;/tr&gt;&lt;tbody&gt;&lt;tr&gt;&lt;td colspan=&quot;6&quot;&gt; ----  No Errors ---  &lt;/td&gt;&lt;/tr&gt;&lt;/tbody&gt;&lt;/table&gt;&lt;/div&gt;
</system-out>
		</testcase>
		<testcase classname="some.class.name" name="sel4_release/seL4_7.0.0.html" time="1.000000">
			<system-out>&lt;div id=&quot;resultsWrapper&quot; class=&quot;resultsWrapperActive&quot;&gt;&lt;h3&gt;seL4 7.0.0 | seL4 docs&lt;/h3&gt;&lt;h4&gt;http://localhost:4000/sel4_release/seL4_7.0.0.html&lt;/h4&gt;&lt;ul id=&quot;results-overview&quot;&gt;&lt;li class=&quot;active&quot;&gt;&lt;span class=&quot;result-count result-count-errors&quot;&gt;0&lt;/span&gt;&lt;span class=&quot;result-type&quot;&gt;errors&lt;/span&gt;&lt;/a&gt;&lt;/li&gt;&lt;span class=&quot;result-count result-count-warnings&quot;&gt;0&lt;/span&gt;&lt;span class=&quot;result-type&quot;&gt;warnings&lt;/span&gt;&lt;/a&gt;&lt;/li&gt;&lt;span class=&quot;result-count result-count-notices&quot;&gt;0&lt;/span&gt;&lt;span class=&quot;result-type&quot;&gt;notices&lt;/span&gt;&lt;/a&gt;&lt;/li&gt;&lt;/ul&gt;&lt;a href=&quot;#&quot; class=&quot;button-link&quot; id=&quot;export&quot;&gt;Export as CSV&lt;/a&gt;&lt;table id=&quot;test-results-table&quot; class=&quot;tablesorter&quot;&gt;&lt;thead&gt;&lt;tr&gt;&lt;th&gt;Error Level&lt;/th&gt;&lt;th&gt;Principle&lt;/th&gt;&lt;th&gt;Message&lt;/th&gt;&lt;th&gt;Code snippet&lt;/th&gt;&lt;th&gt;Techniques&lt;/th&gt;&lt;th&gt;Screenshot&lt;/th&gt;&lt;/thead&gt;&lt;/tr&gt;&lt;tbody&gt;&lt;tr&gt;&lt;td colspan=&quot;6&quot;&gt; ----  No Errors ---  &lt;/td&gt;&lt;/tr&gt;&lt;/tbody&gt;&lt;/table&gt;&lt;/div&gt;
</system-out>
		</testcase>
		<testcase classname="some.class.name" name="sel4_release/seL4_5.1.0.html" time="1.000000">
			<system-out>&lt;div id=&quot;resultsWrapper&quot; class=&quot;resultsWrapperActive&quot;&gt;&lt;h3&gt;seL4 5.1.0 | seL4 docs&lt;/h3&gt;&lt;h4&gt;http://localhost:4000/sel4_release/seL4_5.1.0.html&lt;/h4&gt;&lt;ul id=&quot;results-overview&quot;&gt;&lt;li class=&quot;active&quot;&gt;&lt;span class=&quot;result-count result-count-errors&quot;&gt;0&lt;/span&gt;&lt;span class=&quot;result-type&quot;&gt;errors&lt;/span&gt;&lt;/a&gt;&lt;/li&gt;&lt;span class=&quot;result-count result-count-warnings&quot;&gt;0&lt;/span&gt;&lt;span class=&quot;result-type&quot;&gt;warnings&lt;/span&gt;&lt;/a&gt;&lt;/li&gt;&lt;span class=&quot;result-count result-count-notices&quot;&gt;0&lt;/span&gt;&lt;span class=&quot;result-type&quot;&gt;notices&lt;/span&gt;&lt;/a&gt;&lt;/li&gt;&lt;/ul&gt;&lt;a href=&quot;#&quot; class=&quot;button-link&quot; id=&quot;export&quot;&gt;Export as CSV&lt;/a&gt;&lt;table id=&quot;test-results-table&quot; class=&quot;tablesorter&quot;&gt;&lt;thead&gt;&lt;tr&gt;&lt;th&gt;Error Level&lt;/th&gt;&lt;th&gt;Principle&lt;/th&gt;&lt;th&gt;Message&lt;/th&gt;&lt;th&gt;Code snippet&lt;/th&gt;&lt;th&gt;Techniques&lt;/th&gt;&lt;th&gt;Screenshot&lt;/th&gt;&lt;/thead&gt;&lt;/tr&gt;&lt;tbody&gt;&lt;tr&gt;&lt;td colspan=&quot;6&quot;&gt; ----  No Errors ---  &lt;/td&gt;&lt;/tr&gt;&lt;/tbody&gt;&lt;/table&gt;&lt;/div&gt;
</system-out>
		</testcase>
		<testcase classname="some.class.name" name="sel4_release/seL4_3.1.0.html" time="1.000000">
[...]
class=&quot;c&quot;&amp;gt;#!/bin/sh&amp;lt;/spa
&amp;gt;&lt;/td&gt;&lt;td class=&quot;messageTechniques&quot;&gt;&lt;ul&gt;&lt;li&gt;&lt;a href=&quot;http://www.w3.org/TR/WCAG20-TECHS/G18&quot; target=&quot;_blank&quot;&gt;G18&lt;/a&gt;&lt;/li&gt;&lt;/ul&gt;&lt;/td&gt;&lt;td class=&quot;screenshot&quot;&gt;&lt;a data-toggle=&quot;modal&quot; data-target=&quot;#screenshot&quot;  onClick=showImg(&quot;screenshots/14_32_54_2_21_2018/338.png&quot;)&gt;&lt;img src=&quot;screenshots/14_32_54_2_21_2018/338.png&quot; style=&quot;width:25px;height:25px&quot;&gt;&lt;/a&gt;&lt;/td&gt;&lt;/tr&gt;&lt;tr class=&quot;error&quot;&gt;&lt;td  class=&quot;number&quot;&gt;&lt;span class=&quot;flag&quot;&gt;Error&lt;/span&gt;&lt;/td&gt;&lt;td  class=&quot;messagePrinciple&quot;&gt;&lt;a href=&quot;http://www.w3.org/TR/WCAG20/#perceivable&quot; target=&quot;_blank&quot;&gt;Perceivable&lt;/a&gt;&lt;/td&gt;&lt;td class=&quot;messageText&quot;&gt; This element has insufficient contrast at this conformance level. Expected a contrast ratio of at least 4.5:1, but text in this element has a contrast ratio of 4.17:1. Recommendation: change background to #fefefe.&lt;/td&gt;&lt;td&gt;&amp;lt;span class=&quot;c&quot;&amp;gt;#
Initialises linux-side of
cross vm
connections.&amp;lt;/span&amp;gt;&lt;/td&gt;&lt;td class=&quot;messageTechniques&quot;&gt;&lt;ul&gt;&lt;li&gt;&lt;a href=&quot;http://www.w3.org/TR/WCAG20-TECHS/G18&quot; target=&quot;_blank&quot;&gt;G18&lt;/a&gt;&lt;/li&gt;&lt;/ul&gt;&lt;/td&gt;&lt;td class=&quot;screenshot&quot;&gt;&lt;a data-toggle=&quot;modal&quot; data-target=&quot;#screenshot&quot;  onClick=showImg(&quot;screenshots/14_32_54_2_21_2018/721.png&quot;)&gt;&lt;img src=&quot;screenshots/14_32_54_2_21_2018/721.png&quot; style=&quot;width:25px;height:25px&quot;&gt;&lt;/a&gt;&lt;/td&gt;&lt;/tr&gt;&lt;tr class=&quot;error&quot;&gt;&lt;td  class=&quot;number&quot;&gt;&lt;span class=&quot;flag&quot;&gt;Error&lt;/span&gt;&lt;/td&gt;&lt;td  class=&quot;messagePrinciple&quot;&gt;&lt;a href=&quot;http://www.w3.org/TR/WCAG20/#perceivable&quot; target=&quot;_blank&quot;&gt;Perceivable&lt;/a&gt;&lt;/td&gt;&lt;td class=&quot;messageText&quot;&gt; This element has insufficient contrast at this conformance level. Expected a contrast ratio of at least 4.5:1, but text in this element has a contrast ratio of 4.17:1. Recommendation: change background to #fefefe.&lt;/td&gt;&lt;td&gt;&amp;lt;span class=&quot;c&quot;&amp;gt;#
Dataport sizes must match
those in the camkes
sp...&amp;lt;/span&amp;gt;&lt;/td&gt;&lt;td class=&quot;messageTechniques&quot;&gt;&lt;ul&gt;&lt;li&gt;&lt;a href=&quot;http://www.w3.org/TR/WCAG20-TECHS/G18&quot; target=&quot;_blank&quot;&gt;G18&lt;/a&gt;&lt;/li&gt;&lt;/ul&gt;&lt;/td&gt;&lt;td class=&quot;screenshot&quot;&gt;&lt;a data-toggle=&quot;modal&quot; data-target=&quot;#screenshot&quot;  onClick=showImg(&quot;screenshots/14_32_54_2_21_2018/587.png&quot;)&gt;&lt;img src=&quot;screenshots/14_32_54_2_21_2018/587.png&quot; style=&quot;width:25px;height:25px&quot;&gt;&lt;/a&gt;&lt;/td&gt;&lt;/tr&gt;&lt;tr class=&quot;error&quot;&gt;&lt;td  class=&quot;number&quot;&gt;&lt;span class=&quot;flag&quot;&gt;Error&lt;/span&gt;&lt;/td&gt;&lt;td  class=&quot;messagePrinciple&quot;&gt;&lt;a href=&quot;http://www.w3.org/TR/WCAG20/#perceivable&quot; target=&quot;_blank&quot;&gt;Perceivable&lt;/a&gt;&lt;/td&gt;&lt;td class=&quot;messageText&quot;&gt; This element has insufficient contrast at this conformance level. Expected a contrast ratio of at least 4.5:1, but text in this element has a contrast ratio of 4.17:1. Recommendation: change background to #fefefe.&lt;/td&gt;&lt;td&gt;&amp;lt;span class=&quot;c&quot;&amp;gt;# For
each argument to
dataport_init, the nth
pair&amp;lt;/span&amp;gt;&lt;/td&gt;&lt;td class=&quot;messageTechniques&quot;&gt;&lt;ul&gt;&lt;li&gt;&lt;a href=&quot;http://www.w3.org/TR/WCAG20-TECHS/G18&quot; target=&quot;_blank&quot;&gt;G18&lt;/a&gt;&lt;/li&gt;&lt;/ul&gt;&lt;/td&gt;&lt;td class=&quot;screenshot&quot;&gt;&lt;a data-toggle=&quot;modal&quot; data-target=&quot;#screenshot&quot;  onClick=showImg(&quot;screenshots/14_32_54_2_21_2018/589.png&quot;)&gt;&lt;img src=&quot;screenshots/14_32_54_2_21_2018/589.png&quot; style=&quot;width:25px;height:25px&quot;&gt;&lt;/a&gt;&lt;/td&gt;&lt;/tr&gt;&lt;tr class=&quot;error&quot;&gt;&lt;td  class=&quot;number&quot;&gt;&lt;span class=&quot;flag&quot;&gt;Error&lt;/span&gt;&lt;/td&gt;&lt;td  class=&quot;messagePrinciple&quot;&gt;&lt;a href=&quot;http://www.w3.org/TR/WCAG20/#perceivable&quot; target=&quot;_blank&quot;&gt;Perceivable&lt;/a&gt;&lt;/td&gt;&lt;td class=&quot;messageText&quot;&gt; This element has insufficient contrast at this conformance level. Expected a contrast ratio of at least 4.5:1, but text in this element has a contrast ratio of 4.17:1. Recommendation: change background to #fefefe.&lt;/td&gt;&lt;td&gt;&amp;lt;span class=&quot;c&quot;&amp;gt;#
corresponds to the dataport
with id n.&amp;lt;/span&amp;gt;&lt;/td&gt;&lt;td class=&quot;messageTechniques&quot;&gt;&lt;ul&gt;&lt;li&gt;&lt;a href=&quot;http://www.w3.org/TR/WCAG20-TECHS/G18&quot; target=&quot;_blank&quot;&gt;G18&lt;/a&gt;&lt;/li&gt;&lt;/ul&gt;&lt;/td&gt;&lt;td class=&quot;screenshot&quot;&gt;&lt;a data-toggle=&quot;modal&quot; data-target=&quot;#screenshot&quot;  onClick=showImg(&quot;screenshots/14_32_54_2_21_2018/492.png&quot;)&gt;&lt;img src=&quot;screenshots/14_32_54_2_21_2018/492.png&quot; style=&quot;width:25px;height:25px&quot;&gt;&lt;/a&gt;&lt;/td&gt;&lt;/tr&gt;&lt;tr class=&quot;error&quot;&gt;&lt;td  class=&quot;number&quot;&gt;&lt;span class=&quot;flag&quot;&gt;Error&lt;/span&gt;&lt;/td&gt;&lt;td  class=&quot;messagePrinciple&quot;&gt;&lt;a href=&quot;http://www.w3.org/TR/WCAG20/#perceivable&quot; target=&quot;_blank&quot;&gt;Perceivable&lt;/a&gt;&lt;/td&gt;&lt;td class=&quot;messageText&quot;&gt; This element has insufficient contrast at this conformance level. Expected a contrast ratio of at least 4.5:1, but text in this element has a contrast ratio of 4.17:1. Recommendation: change background to #fefefe.&lt;/td&gt;&lt;td&gt;&amp;lt;span class=&quot;c&quot;&amp;gt;# The
nth argument to event_init
corresponds to
th...&amp;lt;/span&amp;gt;&lt;/td&gt;&lt;td class=&quot;messageTechniques&quot;&gt;&lt;ul&gt;&lt;li&gt;&lt;a href=&quot;http://www.w3.org/TR/WCAG20-TECHS/G18&quot; target=&quot;_blank&quot;&gt;G18&lt;/a&gt;&lt;/li&gt;&lt;/ul&gt;&lt;/td&gt;&lt;td class=&quot;screenshot&quot;&gt;&lt;a data-toggle=&quot;modal&quot; data-target=&quot;#screenshot&quot;  onClick=showImg(&quot;screenshots/14_32_54_2_21_2018/748.png&quot;)&gt;&lt;img src=&quot;screenshots/14_32_54_2_21_2018/748.png&quot; style=&quot;width:25px;height:25px&quot;&gt;&lt;/a&gt;&lt;/td&gt;&lt;/tr&gt;&lt;tr class=&quot;error&quot;&gt;&lt;td  class=&quot;number&quot;&gt;&lt;span class=&quot;flag&quot;&gt;Error&lt;/span&gt;&lt;/td&gt;&lt;td  class=&quot;messagePrinciple&quot;&gt;&lt;a href=&quot;http://www.w3.org/TR/WCAG20/#perceivable&quot; target=&quot;_blank&quot;&gt;Perceivable&lt;/a&gt;&lt;/td&gt;&lt;td class=&quot;messageText&quot;&gt; This element has insufficient contrast at this conformance level. Expected a contrast ratio of at least 4.5:1, but text in this element has a contrast ratio of 4.17:1. Recommendation: change background to #fefefe.&lt;/td&gt;&lt;td&gt;&amp;lt;span class=&quot;c&quot;&amp;gt;# event
with id n according to the
camkes vmm.&amp;lt;/span&amp;gt;&lt;/td&gt;&lt;td class=&quot;messageTechniques&quot;&gt;&lt;ul&gt;&lt;li&gt;&lt;a href=&quot;http://www.w3.org/TR/WCAG20-TECHS/G18&quot; target=&quot;_blank&quot;&gt;G18&lt;/a&gt;&lt;/li&gt;&lt;/ul&gt;&lt;/td&gt;&lt;td class=&quot;screenshot&quot;&gt;&lt;a data-toggle=&quot;modal&quot; data-target=&quot;#screenshot&quot;  onClick=showImg(&quot;screenshots/14_32_54_2_21_2018/924.png&quot;)&gt;&lt;img src=&quot;screenshots/14_32_54_2_21_2018/924.png&quot; style=&quot;width:25px;height:25px&quot;&gt;&lt;/a&gt;&lt;/td&gt;&lt;/tr&gt;&lt;tr class=&quot;error&quot;&gt;&lt;td  class=&quot;number&quot;&gt;&lt;span class=&quot;flag&quot;&gt;Error&lt;/span&gt;&lt;/td&gt;&lt;td  class=&quot;messagePrinciple&quot;&gt;&lt;a href=&quot;http://www.w3.org/TR/WCAG20/#perceivable&quot; target=&quot;_blank&quot;&gt;Perceivable&lt;/a&gt;&lt;/td&gt;&lt;td class=&quot;messageText&quot;&gt; This element has insufficient contrast at this conformance level. Expected a contrast ratio of at least 4.5:1, but text in this element has a contrast ratio of 3.25:1. Recommendation: change text colour to #9c6500.&lt;/td&gt;&lt;td&gt;&amp;lt;span
class=&quot;cp&quot;&amp;gt;#include
&amp;amp;lt;string.h&amp;amp;gt;
#include
&amp;amp;lt;assert.h&amp;amp;gt...&amp;lt;
span&amp;gt;&lt;/td&gt;&lt;td class=&quot;messageTechniques&quot;&gt;&lt;ul&gt;&lt;li&gt;&lt;a href=&quot;http://www.w3.org/TR/WCAG20-TECHS/G18&quot; target=&quot;_blank&quot;&gt;G18&lt;/a&gt;&lt;/li&gt;&lt;/ul&gt;&lt;/td&gt;&lt;td class=&quot;screenshot&quot;&gt;&lt;a data-toggle=&quot;modal&quot; data-target=&quot;#screenshot&quot;  onClick=showImg(&quot;screenshots/14_32_54_2_21_2018/58.png&quot;)&gt;&lt;img src=&quot;screenshots/14_32_54_2_21_2018/58.png&quot; style=&quot;width:25px;height:25px&quot;&gt;&lt;/a&gt;&lt;/td&gt;&lt;/tr&gt;&lt;tr class=&quot;error&quot;&gt;&lt;td  class=&quot;number&quot;&gt;&lt;span class=&quot;flag&quot;&gt;Error&lt;/span&gt;&lt;/td&gt;&lt;td  class=&quot;messagePrinciple&quot;&gt;&lt;a href=&quot;http://www.w3.org/TR/WCAG20/#perceivable&quot; target=&quot;_blank&quot;&gt;Perceivable&lt;/a&gt;&lt;/td&gt;&lt;td class=&quot;messageText&quot;&gt; This element has insufficient contrast at this conformance level. Expected a contrast ratio of at least 4.5:1, but text in this element has a contrast ratio of 3.25:1. Recommendation: change text colour to #9c6500.&lt;/td&gt;&lt;td&gt;&amp;lt;span
class=&quot;cp&quot;&amp;gt;#include
&amp;amp;lt;sys/types.h&amp;amp;gt;
#include
&amp;amp;lt;sys/stat...&amp;lt;/span&amp;g
;&lt;/td&gt;&lt;td class=&quot;messageTechniques&quot;&gt;&lt;ul&gt;&lt;li&gt;&lt;a href=&quot;http://www.w3.org/TR/WCAG20-TECHS/G18&quot; target=&quot;_blank&quot;&gt;G18&lt;/a&gt;&lt;/li&gt;&lt;/ul&gt;&lt;/td&gt;&lt;td class=&quot;screenshot&quot;&gt;&lt;a data-toggle=&quot;modal&quot; data-target=&quot;#screenshot&quot;  onClick=showImg(&quot;screenshots/14_32_54_2_21_2018/459.png&quot;)&gt;&lt;img src=&quot;screenshots/14_32_54_2_21_2018/459.png&quot; style=&quot;width:25px;height:25px&quot;&gt;&lt;/a&gt;&lt;/td&gt;&lt;/tr&gt;&lt;tr class=&quot;error&quot;&gt;&lt;td  class=&quot;number&quot;&gt;&lt;span class=&quot;flag&quot;&gt;Error&lt;/span&gt;&lt;/td&gt;&lt;td  class=&quot;messagePrinciple&quot;&gt;&lt;a href=&quot;http://www.w3.org/TR/WCAG20/#perceivable&quot; target=&quot;_blank&quot;&gt;Perceivable&lt;/a&gt;&lt;/td&gt;&lt;td class=&quot;messageText&quot;&gt; This element has insufficient contrast at this conformance level. Expected a contrast ratio of at least 4.5:1, but text in this element has a contrast ratio of 3.25:1. Recommendation: change text colour to #9c6500.&lt;/td&gt;&lt;td&gt;&amp;lt;span
class=&quot;cp&quot;&amp;gt;#include
&quot;dataport.h&quot;
#include &quot;consumes_event.h&quot;
...&amp;lt;/span&amp;gt;&lt;/td&gt;&lt;td class=&quot;messageTechniques&quot;&gt;&lt;ul&gt;&lt;li&gt;&lt;a href=&quot;http://www.w3.org/TR/WCAG20-TECHS/G18&quot; target=&quot;_blank&quot;&gt;G18&lt;/a&gt;&lt;/li&gt;&lt;/ul&gt;&lt;/td&gt;&lt;td class=&quot;screenshot&quot;&gt;&lt;a data-toggle=&quot;modal&quot; data-target=&quot;#screenshot&quot;  onClick=showImg(&quot;screenshots/14_32_54_2_21_2018/562.png&quot;)&gt;&lt;img src=&quot;screenshots/14_32_54_2_21_2018/562.png&quot; style=&quot;width:25px;height:25px&quot;&gt;&lt;/a&gt;&lt;/td&gt;&lt;/tr&gt;&lt;tr class=&quot;error&quot;&gt;&lt;td  class=&quot;number&quot;&gt;&lt;span class=&quot;flag&quot;&gt;Error&lt;/span&gt;&lt;/td&gt;&lt;td  class=&quot;messagePrinciple&quot;&gt;&lt;a href=&quot;http://www.w3.org/TR/WCAG20/#perceivable&quot; target=&quot;_blank&quot;&gt;Perceivable&lt;/a&gt;&lt;/td&gt;&lt;td class=&quot;messageText&quot;&gt; This element has insufficient contrast at this conformance level. Expected a contrast ratio of at least 4.5:1, but text in this element has a contrast ratio of 2.56:1. Recommendation: change text colour to #747400.&lt;/td&gt;&lt;td&gt;&amp;lt;span
class=&quot;nl&quot;&amp;gt;${STAGE_DIR}/${R
OTFS_FILENAME}&amp;lt;/span&amp;gt;&lt;/td&gt;&lt;td class=&quot;messageTechniques&quot;&gt;&lt;ul&gt;&lt;li&gt;&lt;a href=&quot;http://www.w3.org/TR/WCAG20-TECHS/G18&quot; target=&quot;_blank&quot;&gt;G18&lt;/a&gt;&lt;/li&gt;&lt;/ul&gt;&lt;/td&gt;&lt;td class=&quot;screenshot&quot;&gt;&lt;a data-toggle=&quot;modal&quot; data-target=&quot;#screenshot&quot;  onClick=showImg(&quot;screenshots/14_32_54_2_21_2018/678.png&quot;)&gt;&lt;img src=&quot;screenshots/14_32_54_2_21_2018/678.png&quot; style=&quot;width:25px;height:25px&quot;&gt;&lt;/a&gt;&lt;/td&gt;&lt;/tr&gt;&lt;tr class=&quot;error&quot;&gt;&lt;td  class=&quot;number&quot;&gt;&lt;span class=&quot;flag&quot;&gt;Error&lt;/span&gt;&lt;/td&gt;&lt;td  class=&quot;messagePrinciple&quot;&gt;&lt;a href=&quot;http://www.w3.org/TR/WCAG20/#perceivable&quot; target=&quot;_blank&quot;&gt;Perceivable&lt;/a&gt;&lt;/td&gt;&lt;td class=&quot;messageText&quot;&gt; This element has insufficient contrast at this conformance level. Expected a contrast ratio of at least 4.5:1, but text in this element has a contrast ratio of 2.56:1. Recommendation: change text colour to #747400.&lt;/td&gt;&lt;td&gt;&amp;lt;span
class=&quot;nl&quot;&amp;gt;${STAGE_DIR}/${R
OTFS_FILENAME}&amp;lt;/span&amp;gt;&lt;/td&gt;&lt;td class=&quot;messageTechniques&quot;&gt;&lt;ul&gt;&lt;li&gt;&lt;a href=&quot;http://www.w3.org/TR/WCAG20-TECHS/G18&quot; target=&quot;_blank&quot;&gt;G18&lt;/a&gt;&lt;/li&gt;&lt;/ul&gt;&lt;/td&gt;&lt;td class=&quot;screenshot&quot;&gt;&lt;a data-toggle=&quot;modal&quot; data-target=&quot;#screenshot&quot;  onClick=showImg(&quot;screenshots/14_32_54_2_21_2018/167.png&quot;)&gt;&lt;img src=&quot;screenshots/14_32_54_2_21_2018/167.png&quot; style=&quot;width:25px;height:25px&quot;&gt;&lt;/a&gt;&lt;/td&gt;&lt;/tr&gt;&lt;tr class=&quot;error&quot;&gt;&lt;td  class=&quot;number&quot;&gt;&lt;span class=&quot;flag&quot;&gt;Error&lt;/span&gt;&lt;/td&gt;&lt;td  class=&quot;messagePrinciple&quot;&gt;&lt;a href=&quot;http://www.w3.org/TR/WCAG20/#perceivable&quot; target=&quot;_blank&quot;&gt;Perceivable&lt;/a&gt;&lt;/td&gt;&lt;td class=&quot;messageText&quot;&gt; This element has insufficient contrast at this conformance level. Expected a contrast ratio of at least 4.5:1, but text in this element has a contrast ratio of 4.17:1. Recommendation: change background to #fefefe.&lt;/td&gt;&lt;td&gt;&amp;lt;span class=&quot;c1&quot;&amp;gt;//
&amp;amp;lt;--- Add this entry
&amp;lt;/span&amp;gt;&lt;/td&gt;&lt;td class=&quot;messageTechniques&quot;&gt;&lt;ul&gt;&lt;li&gt;&lt;a href=&quot;http://www.w3.org/TR/WCAG20-TECHS/G18&quot; target=&quot;_blank&quot;&gt;G18&lt;/a&gt;&lt;/li&gt;&lt;/ul&gt;&lt;/td&gt;&lt;td class=&quot;screenshot&quot;&gt;&lt;a data-toggle=&quot;modal&quot; data-target=&quot;#screenshot&quot;  onClick=showImg(&quot;screenshots/14_32_54_2_21_2018/971.png&quot;)&gt;&lt;img src=&quot;screenshots/14_32_54_2_21_2018/971.png&quot; style=&quot;width:25px;height:25px&quot;&gt;&lt;/a&gt;&lt;/td&gt;&lt;/tr&gt;&lt;tr class=&quot;error&quot;&gt;&lt;td  class=&quot;number&quot;&gt;&lt;span class=&quot;flag&quot;&gt;Error&lt;/span&gt;&lt;/td&gt;&lt;td  class=&quot;messagePrinciple&quot;&gt;&lt;a href=&quot;http://www.w3.org/TR/WCAG20/#perceivable&quot; target=&quot;_blank&quot;&gt;Perceivable&lt;/a&gt;&lt;/td&gt;&lt;td class=&quot;messageText&quot;&gt; This element has insufficient contrast at this conformance level. Expected a contrast ratio of at least 4.5:1, but text in this element has a contrast ratio of 4.17:1. Recommendation: change background to #fefefe.&lt;/td&gt;&lt;td&gt;&amp;lt;span class=&quot;c1&quot;&amp;gt;// Add
this entry:
&amp;lt;/span&amp;gt;&lt;/td&gt;&lt;td class=&quot;messageTechniques&quot;&gt;&lt;ul&gt;&lt;li&gt;&lt;a href=&quot;http://www.w3.org/TR/WCAG20-TECHS/G18&quot; target=&quot;_blank&quot;&gt;G18&lt;/a&gt;&lt;/li&gt;&lt;/ul&gt;&lt;/td&gt;&lt;td class=&quot;screenshot&quot;&gt;&lt;a data-toggle=&quot;modal&quot; data-target=&quot;#screenshot&quot;  onClick=showImg(&quot;screenshots/14_32_54_2_21_2018/590.png&quot;)&gt;&lt;img src=&quot;screenshots/14_32_54_2_21_2018/590.png&quot; style=&quot;width:25px;height:25px&quot;&gt;&lt;/a&gt;&lt;/td&gt;&lt;/tr&gt;&lt;tr class=&quot;error&quot;&gt;&lt;td  class=&quot;number&quot;&gt;&lt;span class=&quot;flag&quot;&gt;Error&lt;/span&gt;&lt;/td&gt;&lt;td  class=&quot;messagePrinciple&quot;&gt;&lt;a href=&quot;http://www.w3.org/TR/WCAG20/#perceivable&quot; target=&quot;_blank&quot;&gt;Perceivable&lt;/a&gt;&lt;/td&gt;&lt;td class=&quot;messageText&quot;&gt; This element has insufficient contrast at this conformance level. Expected a contrast ratio of at least 4.5:1, but text in this element has a contrast ratio of 4.17:1. Recommendation: change background to #fefefe.&lt;/td&gt;&lt;td&gt;&amp;lt;span class=&quot;c1&quot;&amp;gt;//
&amp;amp;lt;--- Add this entry
&amp;lt;/span&amp;gt;&lt;/td&gt;&lt;td class=&quot;messageTechniques&quot;&gt;&lt;ul&gt;&lt;li&gt;&lt;a href=&quot;http://www.w3.org/TR/WCAG20-TECHS/G18&quot; target=&quot;_blank&quot;&gt;G18&lt;/a&gt;&lt;/li&gt;&lt;/ul&gt;&lt;/td&gt;&lt;td class=&quot;screenshot&quot;&gt;&lt;a data-toggle=&quot;modal&quot; data-target=&quot;#screenshot&quot;  onClick=showImg(&quot;screenshots/14_32_54_2_21_2018/788.png&quot;)&gt;&lt;img src=&quot;screenshots/14_32_54_2_21_2018/788.png&quot; style=&quot;width:25px;height:25px&quot;&gt;&lt;/a&gt;&lt;/td&gt;&lt;/tr&gt;&lt;/tbody&gt;&lt;/table&gt;&lt;/div&gt;
</system-out>
		</testcase>
		<testcase classname="some.class.name" name="CAmkESCLI.html" time="1.000000">
			<system-out>&lt;div id=&quot;resultsWrapper&quot; class=&quot;resultsWrapperActive&quot;&gt;&lt;h3&gt;CAmkES CLI | seL4 docs&lt;/h3&gt;&lt;h4&gt;http://localhost:4000/CAmkESCLI.html&lt;/h4&gt;&lt;ul id=&quot;results-overview&quot;&gt;&lt;li class=&quot;active&quot;&gt;&lt;span class=&quot;result-count result-count-errors&quot;&gt;0&lt;/span&gt;&lt;span class=&quot;result-type&quot;&gt;errors&lt;/span&gt;&lt;/a&gt;&lt;/li&gt;&lt;span class=&quot;result-count result-count-warnings&quot;&gt;0&lt;/span&gt;&lt;span class=&quot;result-type&quot;&gt;warnings&lt;/span&gt;&lt;/a&gt;&lt;/li&gt;&lt;span class=&quot;result-count result-count-notices&quot;&gt;0&lt;/span&gt;&lt;span class=&quot;result-type&quot;&gt;notices&lt;/span&gt;&lt;/a&gt;&lt;/li&gt;&lt;/ul&gt;&lt;a href=&quot;#&quot; class=&quot;button-link&quot; id=&quot;export&quot;&gt;Export as CSV&lt;/a&gt;&lt;table id=&quot;test-results-table&quot; class=&quot;tablesorter&quot;&gt;&lt;thead&gt;&lt;tr&gt;&lt;th&gt;Error Level&lt;/th&gt;&lt;th&gt;Principle&lt;/th&gt;&lt;th&gt;Message&lt;/th&gt;&lt;th&gt;Code snippet&lt;/th&gt;&lt;th&gt;Techniques&lt;/th&gt;&lt;th&gt;Screenshot&lt;/th&gt;&lt;/thead&gt;&lt;/tr&gt;&lt;tbody&gt;&lt;tr&gt;&lt;td colspan=&quot;6&quot;&gt; ----  No Errors ---  &lt;/td&gt;&lt;/tr&gt;&lt;/tbody&gt;&lt;/table&gt;&lt;/div&gt;
</system-out>
		</testcase>
	</testsuite>
</testsuites>

